Iteration	Posterior	Likelihood	Prior	rate_log_sd	tree_length
0	-2423.096	-2500.003	76.90755	0.8616763	4.157211
6	-2428.433	-2505.424	76.99035	0.8432127	4.120623
12	-2429.67	-2506.445	76.77513	0.8637725	4.231195
18	-2426.841	-2503.972	77.13111	0.8928338	4.012086
24	-2429.51	-2505.911	76.40121	0.6239193	4.577404
30	-2439.167	-2515.692	76.52479	0.7601373	4.431287
36	-2439.296	-2516.427	77.13081	0.9724576	3.966744
42	-2435.511	-2511.992	76.4808	0.8061157	4.430164
48	-2433.146	-2509.298	76.15237	0.7659698	4.637302
54	-2427.388	-2504.094	76.70524	0.8664327	4.26929
60	-2425.914	-2502.829	76.91536	0.9261191	4.116117
66	-2425.247	-2501.391	76.14374	0.8497419	4.595163
72	-2427.254	-2503.86	76.60619	0.8183947	4.352485
78	-2434.191	-2509.241	75.05015	0.7535615	5.257364
84	-2438.081	-2514.393	76.3115	0.7860597	4.536724
90	-2426.789	-2503.432	76.64255	0.8204459	4.330778
96	-2422.269	-2498.624	76.35495	0.7812025	4.515031
102	-2425.927	-2502.183	76.25544	0.7013463	4.615749
108	-2425.131	-2502.158	77.02742	0.9441738	4.041971
114	-2428.452	-2505.52	77.06791	0.6254569	4.200296
120	-2427.027	-2503.666	76.63894	0.7389407	4.378857
126	-2427.909	-2504.154	76.24547	0.7455544	4.596546
132	-2427.963	-2503.788	75.82468	0.7582436	4.824831
138	-2435.723	-2511	75.27756	0.8419878	5.082534
144	-2435.201	-2510.934	75.73357	0.8141577	4.84446
150	-2437.966	-2513.533	75.56674	0.5561191	5.0807
156	-2439.359	-2514.703	75.34429	0.7329536	5.105988
162	-2433.574	-2510.094	76.52039	0.9061115	4.3514
168	-2432.633	-2507.933	75.29959	0.7777767	5.105923
174	-2435.474	-2511.088	75.61395	0.6814758	4.984899
180	-2428.039	-2505.439	77.39996	0.8971488	3.855615
186	-2427.333	-2503.87	76.53718	0.7072979	4.454073
192	-2431.772	-2508.133	76.36125	0.6077319	4.608907
198	-2434.962	-2511.874	76.91245	0.7304366	4.228937
204	-2446.1	-2523.332	77.23192	0.8177065	3.997414
210	-2444.679	-2521.927	77.24838	0.801248	3.997414
216	-2437.974	-2514.341	76.36756	0.7790002	4.509181
222	-2437.512	-2513.66	76.14781	0.7471261	4.650414
228	-2432.312	-2509.1	76.788	0.7457347	4.290771
234	-2431.44	-2508.371	76.9317	0.896713	4.123556
240	-2427.286	-2504.387	77.10038	0.7280327	4.123556
246	-2431.779	-2508.273	76.49367	0.744296	4.457741
252	-2431.029	-2508.225	77.19638	0.93736	3.949305
258	-2439.55	-2514.85	75.30027	0.8419757	5.069943
264	-2440.385	-2516.96	76.57468	0.7909445	4.385777
270	-2450.332	-2526.628	76.29649	0.6871824	4.60067
276	-2445.255	-2521.569	76.31407	0.669603	4.60067
282	-2445.558	-2522.174	76.61547	0.7016081	4.413158
288	-2432.003	-2508.272	76.26896	0.7294572	4.592393
294	-2427.656	-2504.543	76.88717	0.8430663	4.179367
300	-2435.304	-2511.028	75.72379	0.7519805	4.884555
306	-2426.115	-2502.633	76.51801	0.8050923	4.409763
312	-2431.589	-2507.766	76.17777	0.8122725	4.597095
318	-2439.938	-2516.468	76.53087	0.7690861	4.422812
324	-2438.453	-2516.145	77.69213	0.8277677	3.727295
330	-2443.657	-2521.233	77.57589	0.9440142	3.727295
336	-2440.934	-2518.225	77.2909	0.7698764	3.991039
342	-2437.457	-2514.754	77.29771	0.9900954	3.860959
348	-2439.411	-2516.876	77.4648	1.007797	3.754595
354	-2433.845	-2511.672	77.8272	1.001676	3.548183
360	-2435.304	-2513.231	77.92674	1.012866	3.483639
366	-2435.485	-2511.86	76.37533	0.8506757	4.464476
372	-2441.392	-2518.907	77.51426	1.225306	3.600102
378	-2439.935	-2518.58	78.64552	0.9702435	3.084757
384	-2431.909	-2508.746	76.83675	0.9723231	4.134556
390	-2436.573	-2513.499	76.92644	0.8457781	4.155513
396	-2433.973	-2510.835	76.86219	0.9100281	4.155513
402	-2434.535	-2511.543	77.00855	0.7907097	4.140136
408	-2442.293	-2518.165	75.87193	0.8725554	4.734613
414	-2437.598	-2514.61	77.01184	0.5658384	4.265888
420	-2427.262	-2503.437	76.17532	0.6517855	4.688394
426	-2427.044	-2503.89	76.84566	0.8815279	4.181096
432	-2432.467	-2508.79	76.32253	0.824907	4.50869
438	-2432.571	-2508.278	75.70727	0.6074243	4.974187
444	-2431.03	-2506.89	75.85993	0.5822146	4.903286
450	-2427.905	-2504.548	76.64295	0.6772808	4.411384
456	-2420.586	-2497.23	76.64437	0.8672565	4.303278
462	-2429.665	-2506.078	76.41357	0.6031927	4.582099
468	-2428.084	-2504.368	76.28482	0.7319473	4.582099
474	-2427.385	-2502.146	74.76112	0.7190994	5.435798
480	-2425	-2500.455	75.45506	0.7861811	5.014999
486	-2430.825	-2506.034	75.20882	0.700691	5.198866
492	-2428.998	-2505.476	76.47787	0.9157962	4.369945
498	-2440.926	-2516.825	75.89842	0.8377777	4.739241
504	-2436.107	-2512.101	75.9934	0.7285142	4.747229
510	-2430.328	-2507.861	77.53286	0.9830621	3.729592
516	-2431.466	-2508.625	77.15948	0.8894638	3.997807
522	-2425.108	-2502.374	77.26545	0.8230931	3.975163
528	-2423.503	-2499.525	76.02149	0.8230931	4.678615
534	-2423.92	-2500.911	76.99101	0.8329708	4.126075
540	-2425.684	-2503.061	77.37623	0.8395091	3.902317
546	-2421.264	-2498.567	77.30306	0.8126223	3.959639
552	-2425.703	-2502.982	77.27939	0.8179486	3.970136
558	-2425.722	-2502.308	76.5868	0.78634	4.381532
564	-2425.329	-2502.96	77.63104	0.8932584	3.724756
570	-2427.209	-2504.198	76.98901	0.9100077	4.083355
576	-2419.356	-2495.795	76.43917	0.7390498	4.491373
582	-2425.303	-2502.121	76.81818	0.5726336	4.371558
588	-2424.574	-2501.874	77.30002	0.7702257	3.985625
594	-2425.147	-2501.883	76.73585	0.8806302	4.243907
600	-2441.441	-2520.137	78.69587	1.108219	2.971971
606	-2456.755	-2535.555	78.80025	1.41322	2.723659
612	-2432.338	-2508.247	75.90921	0.6617548	4.831499
618	-2424.522	-2502.373	77.85084	0.9373118	3.571872
624	-2434.75	-2512.24	77.49054	1.051718	3.714379
630	-2434.346	-2512.578	78.23244	1.046307	3.284663
636	-2436.147	-2513.912	77.76449	1.046307	3.558702
642	-2427.113	-2502.939	75.82614	0.665029	4.875978
648	-2430.274	-2507.462	77.18718	0.7170573	4.08038
654	-2427.1	-2503.284	76.18375	0.7097147	4.65124
660	-2427.624	-2504.203	76.57887	0.8616918	4.34346
666	-2431.281	-2508.121	76.83974	0.9205841	4.162269
672	-2438.326	-2514.699	76.37292	0.9970634	4.383312
678	-2435.85	-2513.63	77.77987	0.9796927	3.588485
684	-2434.033	-2511.234	77.20157	0.9050709	3.964813
690	-2431.77	-2508.558	76.78788	0.9857136	4.154732
696	-2432.437	-2510.313	77.87626	1.073151	3.477917
702	-2436.262	-2514.095	77.83383	0.8987398	3.604164
708	-2438.743	-2516.529	77.78586	0.8758954	3.645235
714	-2433.096	-2509.15	76.05452	0.8694118	4.634166
720	-2433.236	-2510.391	77.15474	0.8666208	4.01356
726	-2438.957	-2516.277	77.31966	1.066575	3.804361
732	-2436.997	-2513.666	76.66933	0.7782459	4.339494
738	-2429.858	-2506.476	76.61858	0.8289984	4.339494
744	-2429.916	-2505.494	75.57818	0.6886677	5.000776
750	-2425.087	-2500.756	75.66873	0.8898733	4.838395
756	-2429.343	-2506.625	77.28187	0.9064933	3.918015
762	-2426.176	-2501.568	75.3922	0.7573644	5.065888
768	-2427.354	-2504.9	77.54602	0.7372955	3.863539
774	-2427.513	-2504.713	77.19957	0.7907653	4.031277
780	-2423.843	-2499.589	75.7464	0.7747936	4.859246
786	-2436.349	-2512.089	75.7392	0.7747936	4.863263
792	-2432.519	-2508.23	75.71102	0.8029724	4.863263
798	-2439.787	-2515.64	75.85308	0.8249721	4.771734
804	-2436.12	-2513.159	77.03884	0.837105	4.096495
810	-2429.57	-2505.663	76.09276	0.7684201	4.669317
816	-2440.609	-2516.007	75.39752	0.6232883	5.137257
822	-2436.218	-2514.346	78.12786	0.9387143	3.409384
828	-2426.267	-2503.694	77.42659	0.8101044	3.890299
834	-2424.309	-2500.846	76.53746	0.8555006	4.370345
840	-2433.765	-2510.974	77.20971	0.8986758	3.963814
846	-2438.347	-2516.489	78.14248	0.9512883	3.39344
852	-2433.465	-2510.711	77.24626	0.9270611	3.926633
858	-2437.714	-2513.855	76.14108	0.9585229	4.535577
864	-2435.123	-2513.021	77.89781	0.9428967	3.541295
870	-2428.143	-2505.829	77.68655	0.8260651	3.731502
876	-2431.519	-2509.061	77.54135	0.8451321	3.804216
882	-2439.361	-2515.879	76.51805	0.8424556	4.38866
888	-2439.928	-2516.907	76.97917	0.7206141	4.196657
894	-2430.257	-2507.012	76.75466	0.7136083	4.327797
900	-2423.092	-2499.657	76.56428	0.7926305	4.390693
906	-2422.167	-2498.573	76.40556	0.7830119	4.485546
912	-2425.492	-2501.881	76.38973	0.7502586	4.512874
918	-2423.795	-2499.123	75.32745	0.758993	5.100891
924	-2425.381	-2501.887	76.50582	0.7719043	4.435343
930	-2425.68	-2503.217	77.53673	0.9118076	3.768466
936	-2432.72	-2510.048	77.328	0.9676806	3.856436
942	-2428.156	-2504.295	76.1394	0.8167659	4.616097
948	-2426.432	-2503.462	77.03074	0.7412882	4.155621
954	-2432.425	-2509.242	76.81777	0.9269024	4.171167
960	-2431.539	-2508.414	76.87485	0.8698228	4.171167
966	-2442.574	-2519.726	77.15229	0.7772698	4.065948
972	-2432.758	-2508.758	76.00064	0.7847825	4.711719
978	-2427.111	-2504.508	77.39746	0.7955325	3.915359
984	-2424.906	-2502.058	77.15274	0.825775	4.038022
990	-2430.22	-2507.139	76.91929	0.7558824	4.210622
996	-2441.696	-2520.201	78.50549	0.8926321	3.214116
1002	-2432.417	-2508.487	76.07063	0.920373	4.596558
1008	-2429.199	-2506.671	77.47279	0.9191553	3.801071
1014	-2429.922	-2507.201	77.27839	0.8470323	3.954065
1020	-2429.918	-2506.025	76.1074	0.8464113	4.617417
1026	-2427.221	-2504.706	77.48454	0.8068134	3.858918
1032	-2432.123	-2508.421	76.29868	0.7381072	4.570858
1038	-2439.908	-2516.782	76.87394	0.9840385	4.106725
1044	-2437.566	-2514.509	76.94304	0.9149451	4.106725
1050	-2435.203	-2510.894	75.69097	0.7138697	4.924051
1056	-2430.976	-2506.593	75.61759	0.819905	4.905874
1062	-2435.231	-2511.4	76.16922	0.7909628	4.613841
1068	-2436.32	-2512.8	76.48039	0.7765399	4.447063
1074	-2435.323	-2512.123	76.80041	0.7255508	4.295166
1080	-2437.287	-2513.312	76.02541	0.7875886	4.696291
1086	-2438.842	-2515.934	77.09216	0.9500176	4.001668
1092	-2426.1	-2502.827	76.72662	0.7438625	4.326546
1098	-2431.313	-2507.609	76.29619	0.7492382	4.566009
1104	-2431.158	-2508.657	77.49945	0.8239558	3.840501
1110	-2433.623	-2509.832	76.20907	0.8216255	4.574279
1116	-2423.629	-2499.704	76.07443	0.700214	4.717746
1122	-2429.623	-2506.976	77.35327	0.9587587	3.847042
1128	-2434.899	-2511.662	76.76283	0.8535202	4.24398
1134	-2439.922	-2516.6	76.67857	0.7160802	4.369388
1140	-2432.927	-2510.075	77.14788	0.9141111	3.990349
1146	-2432.595	-2508.652	76.05714	1.000777	4.558996
1152	-2424.161	-2501.278	77.11637	0.9380403	3.994678
1158	-2428.913	-2506.176	77.2626	0.7918109	3.994678
1164	-2423.44	-2500.605	77.1647	0.729644	4.086017
1170	-2439.024	-2514.197	75.173	0.7635348	5.183914
1176	-2440.135	-2515.54	75.40498	0.7730816	5.050076
1182	-2426.561	-2503.084	76.52315	0.7730816	4.424912
1188	-2432.176	-2508.644	76.46815	0.8280826	4.424912
1194	-2430.348	-2506.951	76.60264	0.7816381	4.375245
1200	-2428.604	-2505.728	77.12425	0.8860581	4.019877
1206	-2433.688	-2511.747	78.05803	0.9622083	3.436514
1212	-2419.553	-2496.917	77.364	0.9412213	3.850956
1218	-2425.358	-2502.408	77.0496	0.7179596	4.158157
1224	-2426.397	-2502.174	75.7768	0.8404673	4.80567
1230	-2425.137	-2503.084	77.947	0.8484769	3.567615
1236	-2431.658	-2509.401	77.74215	1.047704	3.570883
1242	-2432.123	-2508.502	76.37895	0.7207261	4.535539
1248	-2434.686	-2511.673	76.98664	1.007146	4.029307
1254	-2437.612	-2513.206	75.594	0.6653828	5.004925
1260	-2432.794	-2508.641	75.84675	0.5453638	4.931132
1266	-2432.522	-2509.674	77.15259	0.849198	4.02474
1272	-2437.432	-2514.862	77.42948	0.9617097	3.80151
1278	-2435.416	-2512.842	77.42544	0.9647423	3.802086
1284	-2433.363	-2509.633	76.27053	0.8087921	4.546973
1290	-2433.284	-2509.653	76.36972	0.7179758	4.542271
1296	-2432.172	-2508.593	76.42086	0.6668265	4.542271
1302	-2428.517	-2504.868	76.35087	0.736819	4.542271
1308	-2424.447	-2501.87	77.42264	0.7235327	3.942187
1314	-2430.415	-2506.482	76.06668	0.7947623	4.669171
1320	-2435.93	-2513.24	77.31025	0.9060122	3.902022
1326	-2435.791	-2513.061	77.26968	0.883945	3.937918
1332	-2431.745	-2508.957	77.21223	0.8333177	3.999747
1338	-2433.739	-2510.175	76.43661	0.9393734	4.37993
1344	-2421.325	-2498.307	76.98126	0.9161094	4.084294
1350	-2429.072	-2506.277	77.2051	0.6922636	4.084294
1356	-2425.988	-2502.299	76.31135	0.7689161	4.546443
1362	-2426.103	-2501.531	75.42746	0.7689161	5.039908
1368	-2426.237	-2503.806	77.56883	0.8346813	3.794411
1374	-2427.853	-2505.336	77.48288	0.8839025	3.815558
1380	-2430.772	-2508.126	77.35446	1.012323	3.815558
1386	-2436.16	-2512.905	76.74469	1.131	4.096642
1392	-2431.006	-2508.582	77.57608	0.9470837	3.725409
1398	-2432.904	-2509.627	76.72302	0.7437147	4.328667
1404	-2434.835	-2511.563	76.72803	0.9757189	4.194406
1410	-2439.787	-2516.524	76.73636	0.8645504	4.25273
1416	-2442.824	-2518.417	75.59214	0.8651112	4.894871
1422	-2439.548	-2516.344	76.79558	0.7085733	4.307509
1428	-2435.539	-2510.881	75.34144	0.6745327	5.139939
1434	-2434.984	-2511.2	76.21669	0.9094516	4.520661
1440	-2426.544	-2503.05	76.50665	0.7206316	4.463759
1446	-2434.612	-2511.588	76.97629	0.7271343	4.194591
1452	-2433.435	-2509.66	76.22438	0.78657	4.585361
1458	-2432.985	-2509.171	76.18645	0.7380905	4.633824
1464	-2434.914	-2510.846	75.93139	0.584595	4.862149
1470	-2427.076	-2502.819	75.74326	0.8260102	4.832442
1476	-2429.15	-2506.094	76.94418	0.8766297	4.127881
1482	-2437.422	-2512.923	75.50103	0.7820354	4.991767
1488	-2430.906	-2506.308	75.40239	0.9111135	4.97485
1494	-2426.793	-2503.485	76.69221	0.8383618	4.292558
1500	-2430.482	-2507.314	76.83214	0.8537062	4.204566
1506	-2433.884	-2511.003	77.11894	0.9645856	3.978036
1512	-2429.973	-2507.14	77.16745	0.9160771	3.978036
1518	-2428.358	-2505.611	77.25318	0.8144882	3.987103
1524	-2430.035	-2506.453	76.4183	0.7886641	4.475199
1530	-2428.211	-2504.9	76.68847	0.8150406	4.307872
1536	-2433.738	-2510.714	76.97624	0.8740922	4.111079
1542	-2429.385	-2505.612	76.22688	0.7729966	4.591576
1548	-2431.167	-2508.14	76.97285	0.6555667	4.237137
1554	-2426.17	-2501.679	75.50853	0.7825881	4.987292
1560	-2433	-2509.049	76.04903	0.8046138	4.673538
1566	-2431.167	-2507.316	76.14848	0.8384753	4.598824
1572	-2436.005	-2512.803	76.79805	0.8565105	4.222313
1578	-2432.235	-2509.641	77.40542	0.8065854	3.904458
1584	-2433.721	-2512.132	78.41155	0.9825076	3.216527
1590	-2430.675	-2506.892	76.21664	0.7360419	4.61805
1596	-2434.675	-2509.781	75.1062	0.6537187	5.281553
1602	-2434.727	-2511.163	76.43549	0.7539155	4.485077
1608	-2426.548	-2503.838	77.28956	0.9012755	3.916595
1614	-2434.763	-2510.031	75.26799	0.8859915	5.063433
1620	-2432.75	-2508.686	75.9365	0.8791135	4.694825
1626	-2437.47	-2514.444	76.97416	0.9199968	4.086124
1632	-2430.253	-2507.679	77.42649	1.002853	3.779531
1638	-2439.239	-2516.544	77.30492	0.9131077	3.901005
1644	-2432.376	-2508.982	76.60548	0.8086625	4.358384
1650	-2436.251	-2513.742	77.49089	0.7942695	3.862476
1656	-2432.677	-2510.744	78.06641	0.9841096	3.418788
1662	-2436.498	-2513.541	77.04266	1.055736	3.96953
1668	-2427.81	-2505.569	77.75834	1.012819	3.581747
1674	-2421.99	-2498.795	76.8043	0.9089583	4.189006
1680	-2418.434	-2495.586	77.152	0.748864	4.082304
1686	-2427.478	-2504.527	77.0487	0.8070747	4.107981
1692	-2435.228	-2511.731	76.50246	0.7296638	4.461034
1698	-2429.291	-2507.2	77.90914	0.8088206	3.612642
1704	-2431.55	-2509.339	77.78832	0.929646	3.612642
1710	-2423.741	-2501.47	77.72864	0.9747537	3.621098
1716	-2429.283	-2506.331	77.04797	0.804886	4.109642
1722	-2426.603	-2503.699	77.09622	0.7566414	4.109642
1728	-2426.559	-2504.191	77.6316	0.8150936	3.769531
1734	-2436.522	-2513.925	77.40318	0.7370936	3.945564
1740	-2433.718	-2510.25	76.53228	0.8464319	4.378386
1746	-2436.907	-2512.751	75.84416	0.8355216	4.770824
1752	-2439.734	-2516.386	76.65226	1.060985	4.189011
1758	-2441.708	-2519.2	77.49211	0.7928123	3.862613
1764	-2446.514	-2522.814	76.30063	0.694256	4.594376
1770	-2432.131	-2507.932	75.80035	0.624196	4.913079
1776	-2431.074	-2506.831	75.75712	0.6674293	4.913079
1782	-2429.812	-2506.236	76.42391	0.694796	4.524843
1788	-2436.997	-2513.386	76.38846	0.8749797	4.443395
1794	-2433.538	-2510.578	77.04009	0.6475074	4.20357
1800	-2424.426	-2501.121	76.69483	0.9482941	4.228803
1806	-2426.156	-2502.8	76.64491	0.9732119	4.242976
1812	-2435.763	-2512.166	76.40222	0.6829157	4.543708
1818	-2437.19	-2514.254	77.06403	0.8215546	4.091009
1824	-2435.066	-2512.049	76.98331	0.8424868	4.125043
1830	-2438.289	-2513.55	75.26139	0.822957	5.102051
1836	-2446.275	-2521.736	75.46059	0.7056556	5.056631
1842	-2430.441	-2507.876	77.43492	0.8685449	3.851962
1848	-2431.809	-2509.24	77.43078	0.8383648	3.871675
1854	-2430.543	-2507.785	77.24173	1.027418	3.871675
1860	-2430.448	-2506.686	76.23801	0.7369506	4.605555
1866	-2436.947	-2512.459	75.51276	0.690397	5.036147
1872	-2432.197	-2508.562	76.36567	0.8233804	4.485279
1878	-2439.03	-2514.946	75.91637	0.9189173	4.683819
1884	-2428.664	-2505.184	76.52029	0.8283251	4.395374
1890	-2433.263	-2509.868	76.60416	0.8973394	4.309006
1896	-2446.503	-2523.475	76.97232	0.7707942	4.172053
1902	-2439.563	-2516.211	76.64772	0.6682968	4.41376
1908	-2432.072	-2509.157	77.08566	0.9760857	3.990487
1914	-2435.102	-2511.913	76.8109	1.10392	4.074351
1920	-2435.255	-2512.037	76.78213	0.9130497	4.19927
1926	-2426.492	-2502.085	75.59258	0.6563468	5.010732
1932	-2425.358	-2501.258	75.8998	0.8640676	4.723773
1938	-2429.143	-2506.188	77.04476	1.011208	3.993792
1944	-2437.704	-2515.754	78.04971	0.7885979	3.542691
1950	-2433.184	-2510.024	76.84021	0.8025183	4.229027
1956	-2430.947	-2508.068	77.12147	0.8025183	4.069121
1962	-2427.811	-2504.896	77.08498	0.8112409	4.084945
1968	-2435.031	-2511.667	76.636	0.8193241	4.335114
1974	-2438.704	-2515.35	76.64558	0.809745	4.335114
1980	-2434.453	-2511.953	77.50007	0.7652562	3.873867
1986	-2432.444	-2510.005	77.56089	0.9366093	3.740229
1992	-2427.873	-2504.973	77.0999	0.7573845	4.107122
1998	-2433.195	-2509.518	76.32293	0.7205405	4.56711
2004	-2434.889	-2509.997	75.10787	0.8734189	5.159145
2010	-2425.029	-2500.585	75.55573	0.7899602	4.956955
2016	-2421.668	-2497.945	76.27734	0.7588509	4.571193
2022	-2430.495	-2506.801	76.30564	0.9313173	4.458312
2028	-2425.454	-2502.489	77.03547	0.87364	4.077605
2034	-2431.602	-2509.138	77.53612	0.8846587	3.784467
2040	-2436.447	-2513.282	76.83504	0.8764077	4.190037
2046	-2436.935	-2512.849	75.91359	0.8322601	4.733849
2052	-2436.888	-2515.085	78.19641	0.9859065	3.341447
2058	-2431.468	-2508.257	76.78981	0.7994549	4.259328
2064	-2436.325	-2512.906	76.58137	0.8197163	4.365755
2070	-2449.441	-2526.208	76.76635	0.7855677	4.280479
2076	-2435.076	-2510.961	75.8845	0.7909439	4.773187
2082	-2435.457	-2511.385	75.92816	0.6939534	4.802966
2088	-2430.757	-2508.227	77.47066	0.8053387	3.867737
2094	-2431.264	-2508.134	76.86986	0.7356763	4.250108
2100	-2423.503	-2499.5	75.99691	0.8591283	4.6722
2106	-2424.074	-2501.68	77.60601	0.7350527	3.830352
2112	-2426.232	-2502.813	76.58079	0.8490077	4.349542
2118	-2432.571	-2509.569	76.99789	0.8022765	4.139621
2124	-2427.87	-2503.621	75.75114	0.8015936	4.841665
2130	-2427.644	-2504.028	76.38355	0.7216541	4.532429
2136	-2434.089	-2510.266	76.17798	0.6660313	4.678931
2142	-2435.163	-2511.835	76.67197	0.8501546	4.297338
2148	-2443.74	-2519.304	75.564	0.9791526	4.84701
2154	-2433.072	-2509.738	76.66596	0.9478349	4.245426
2160	-2431.991	-2508.524	76.53342	0.8218844	4.391596
2166	-2433.739	-2511.378	77.63938	0.9793653	3.670145
2172	-2431.955	-2507.909	75.95449	0.9154584	4.664408
2178	-2429.356	-2506.318	76.96232	0.8281537	4.145135
2184	-2438.693	-2515.411	76.71735	0.8861316	4.251273
2190	-2446.593	-2522.001	75.40762	0.8151754	5.025243
2196	-2436.705	-2512.636	75.93097	0.6421746	4.830286
2202	-2437.549	-2514.528	76.97841	0.68083	4.219661
2208	-2438.275	-2515.516	77.24073	0.8409752	3.979077
2214	-2430.476	-2507.85	77.3733	0.9652812	3.831775
2220	-2421.049	-2498.235	77.18559	0.9226816	3.963877
2226	-2425.46	-2503.79	78.32949	1.02307	3.241077
2232	-2434.023	-2511.526	77.50204	0.8080282	3.848166
2238	-2432.636	-2509.264	76.62812	0.9514977	4.264791
2244	-2429.033	-2505.495	76.46272	0.7804273	4.454824
2250	-2429.016	-2505.945	76.92891	0.8026657	4.178603
2256	-2438.281	-2515.642	77.36105	0.9418272	3.852298
2262	-2436.013	-2513.141	77.12789	0.8907255	4.015133
2268	-2434.729	-2511.995	77.26667	0.7519432	4.015133
2274	-2431.108	-2508.303	77.19429	0.8746028	3.986401
2280	-2428.204	-2505.928	77.72402	0.92247	3.654082
2286	-2429.101	-2506.673	77.5722	1.074293	3.654082
2292	-2429.999	-2507.073	77.07465	0.8788812	4.052278
2298	-2434.172	-2510.76	76.58752	0.9815861	4.270747
2304	-2431.629	-2507.683	76.05407	0.763189	4.693906
2310	-2424.429	-2500.726	76.29748	0.7496615	4.565045
2316	-2421.33	-2497.434	76.10431	0.7184632	4.690822
2322	-2428.351	-2505.519	77.16785	0.8844132	3.995909
2328	-2429.592	-2505.102	75.51054	0.7939792	4.979842
2334	-2438.923	-2514.604	75.68118	0.6327921	4.974589
2340	-2438.879	-2514.986	76.10714	0.7575014	4.667381
2346	-2433.955	-2511.449	77.49476	0.8717305	3.815722
2352	-2434.216	-2512.099	77.88274	1.058694	3.482572
2358	-2439.534	-2516.698	77.16429	0.7662518	4.065385
2364	-2433.147	-2510.448	77.30121	1.025782	3.838437
2370	-2435.156	-2511.544	76.38726	0.7868926	4.493659
2376	-2438.343	-2514.216	75.87318	0.9229882	4.70571
2382	-2433.045	-2510.394	77.34882	0.7923853	3.945027
2388	-2437.934	-2515.432	77.49897	0.8052486	3.851527
2394	-2431.024	-2508.689	77.66455	0.891857	3.706203
2400	-2428.422	-2505.257	76.83475	0.8119823	4.226753
2406	-2430.573	-2507.376	76.80319	0.8435477	4.226753
2412	-2437.697	-2514.359	76.66231	0.8462023	4.305042
2418	-2429.201	-2506.747	77.54606	1.114165	3.646125
2424	-2426.163	-2502.914	76.75109	0.7336036	4.318511
2430	-2442.476	-2519.116	76.6403	0.8029942	4.341916
2436	-2431.714	-2507.812	76.09814	0.863717	4.612904
2442	-2433.178	-2509.394	76.21638	0.8074369	4.578141
2448	-2430.576	-2507.237	76.6613	0.7995662	4.331981
2454	-2434.786	-2510.618	75.83204	0.7253476	4.839072
2460	-2435.121	-2511.287	76.16528	0.6346631	4.703598
2466	-2427.867	-2503.858	75.99138	0.8085576	4.703598
2472	-2426.493	-2502.669	76.17587	0.9215968	4.536776
2478	-2430.771	-2507.011	76.23946	0.7445101	4.600501
2484	-2430.545	-2508.424	77.87876	0.8545729	3.603718
2490	-2427.563	-2504.11	76.54622	0.8749707	4.354402
2496	-2435.447	-2512.945	77.49794	0.7749064	3.869548
2502	-2425.939	-2502.116	76.17634	0.7267509	4.645846
2508	-2434.882	-2511.73	76.84729	0.766821	4.245248
2514	-2435.49	-2512.206	76.71608	0.7629075	4.321738
2520	-2433.94	-2511.484	77.54397	0.9076283	3.766702
2526	-2429.313	-2505.835	76.5225	0.8157076	4.401241
2532	-2429.831	-2506.445	76.61323	0.8389477	4.336894
2538	-2436.83	-2513.252	76.42248	0.8694892	4.427315
2544	-2439.475	-2516.567	77.09195	0.8216285	4.075056
2550	-2451.36	-2528.108	76.74799	0.907471	4.221805
2556	-2443.403	-2520.432	77.02889	1.05786	3.976188
2562	-2440.574	-2517.924	77.34997	0.9098086	3.877054
2568	-2431.07	-2508.596	77.52636	0.8402306	3.815669
2574	-2439.36	-2517.407	78.04655	0.9340009	3.459721
2580	-2435.026	-2513.079	78.05243	0.9675353	3.436676
2586	-2435.772	-2513.135	77.36269	0.8648705	3.895538
2592	-2431.964	-2509.319	77.35523	0.8723353	3.895538
2598	-2442.924	-2519.558	76.63351	0.7057167	4.400671
2604	-2441.586	-2517.838	76.2523	0.745099	4.592965
2610	-2436.671	-2512.754	76.08272	0.9146841	4.592965
2616	-2434.161	-2510.549	76.38822	0.6980306	4.54308
2622	-2431.211	-2507.968	76.75679	0.8502855	4.249238
2628	-2432.632	-2509.485	76.85287	0.7306845	4.262563
2634	-2431.028	-2507.962	76.93372	0.8323529	4.159002
2640	-2429.509	-2505.903	76.39379	0.7542433	4.508351
2646	-2431.449	-2507.884	76.43424	0.863695	4.423955
2652	-2424.801	-2501.359	76.55797	0.7634577	4.410709
2658	-2419.107	-2495.429	76.32232	0.8097334	4.517339
2664	-2417.943	-2494.39	76.44767	0.8350876	4.432506
2670	-2427.341	-2503.153	75.81151	0.643076	4.896357
2676	-2433.297	-2510.101	76.80402	0.7218126	4.295242
2682	-2424.716	-2501.52	76.80402	0.7218126	4.295242
2688	-2431.079	-2509.355	78.2764	1.028294	3.269352
2694	-2436.169	-2512.96	76.79145	0.6675704	4.333028
2700	-2429.553	-2505.864	76.31061	0.90373	4.471045
2706	-2421.53	-2497.758	76.22791	0.8586846	4.54289
2712	-2430.404	-2506.57	76.16607	0.6800112	4.677774
2718	-2426.069	-2502.936	76.86621	0.639176	4.30681
2724	-2419.649	-2497.335	77.686	0.8661561	3.70866
2730	-2421.336	-2498.625	77.28855	0.8979032	3.919106
2736	-2427.995	-2505.255	77.25978	0.8406068	3.968388
2742	-2426.583	-2503.785	77.20233	0.8980571	3.968388
2748	-2428.806	-2505	76.19372	0.8023526	4.593711
2754	-2429.098	-2505.683	76.58475	0.7840526	4.383979
2760	-2430.191	-2506.684	76.49316	0.8636709	4.390736
2766	-2427.263	-2503.244	75.9811	0.768525	4.731735
2772	-2434.504	-2511.189	76.68497	0.768525	4.336148
2778	-2425.914	-2502.151	76.23759	0.9385595	4.492536
2784	-2432.934	-2508.638	75.70413	0.7365904	4.904077
2790	-2429.152	-2504.799	75.64725	0.6080575	5.007186
2796	-2431.384	-2507.491	76.10705	0.8327016	4.625299
2802	-2428.964	-2506.145	77.18035	0.9114388	3.973311
2808	-2430.576	-2507.248	76.67175	0.8484697	4.298415
2814	-2435.532	-2512.746	77.21415	0.924113	3.946713
2820	-2430.688	-2506.732	76.04405	0.7583188	4.702238
2826	-2434.544	-2510.673	76.12848	0.700828	4.687162
2832	-2438.15	-2515.393	77.24297	0.8883989	3.950659
2838	-2433.052	-2509.254	76.20185	0.8490211	4.562951
2844	-2433.15	-2508.186	75.03611	0.8177953	5.229617
2850	-2435.37	-2512.365	76.99474	0.8593026	4.108968
2856	-2425.962	-2504.086	78.12412	0.9110773	3.427761
2862	-2428.196	-2504.762	76.56546	0.980461	4.283871
2868	-2437.209	-2514.457	77.24791	0.8698816	3.958431
2874	-2432.749	-2508.589	75.84064	0.9041846	4.734418
2880	-2431.104	-2508.199	77.09465	0.9422529	4.004687
2886	-2427.258	-2503.928	76.6702	0.9402958	4.247297
2892	-2438.387	-2514.968	76.58025	0.7358406	4.413718
2898	-2436.279	-2512.64	76.36051	0.7689894	4.518776
2904	-2436.2	-2512.523	76.32342	0.8275113	4.506725
2910	-2434.467	-2511.152	76.68512	0.6843504	4.383602
2916	-2421.939	-2499.563	77.62458	0.6998889	3.839893
2922	-2430.329	-2507.768	77.43915	0.8853137	3.839893
2928	-2434.832	-2511.973	77.14045	0.9257453	3.987943
2934	-2435.367	-2511.624	76.25677	0.7319449	4.597839
2940	-2424.266	-2500.189	75.92325	0.7906458	4.751707
2946	-2428.009	-2503.785	75.77598	0.7362382	4.864253
2952	-2429.929	-2506.68	76.75099	0.8374013	4.259819
2958	-2435.103	-2510.566	75.46293	0.7588161	5.025828
2964	-2433.092	-2509.223	76.13152	1.005504	4.514541
2970	-2429.831	-2506.324	76.4932	0.653835	4.508914
2976	-2428.921	-2505.244	76.32324	0.8986979	4.46677
2982	-2431.338	-2506.63	75.2919	0.6014361	5.207817
2988	-2431.486	-2506.814	75.32803	0.8412294	5.054958
2994	-2426.391	-2504.183	77.79236	0.7533477	3.712389
3000	-2430.361	-2506.351	75.98915	0.6436711	4.796989
3006	-2424.795	-2500.351	75.55637	0.6926244	5.010693
3012	-2430.332	-2506.23	75.89821	0.7372939	4.795489
3018	-2438.132	-2514.542	76.40989	0.71988	4.518623
3024	-2431.838	-2508.151	76.3125	0.9395775	4.449794
3030	-2434.187	-2510.953	76.76603	0.8507127	4.243759
3036	-2443.619	-2520.863	77.24427	0.919215	3.932267
3042	-2441.733	-2518.339	76.60579	0.8307572	4.345726
3048	-2433.285	-2509.723	76.43838	0.7903773	4.462927
3054	-2433.004	-2510.196	77.19159	0.980346	3.92743
3060	-2440.75	-2516.98	76.23037	0.849088	4.546899
3066	-2444.839	-2521.886	77.04727	0.9223391	4.043106
3072	-2436.812	-2511.773	74.96087	0.6887183	5.342454
3078	-2430.218	-2506.228	76.00997	0.724203	4.740373
3084	-2424.65	-2500.823	76.17318	0.6465683	4.692516
3090	-2428.585	-2506.397	77.81124	0.9253045	3.601855
3096	-2436.84	-2513.515	76.67418	0.8888866	4.274167
3102	-2436.13	-2512.602	76.47182	0.7538292	4.46468
3108	-2440.318	-2517.146	76.82803	0.7311039	4.276393
3114	-2437.875	-2514.756	76.88049	0.7638212	4.228128
3120	-2438.509	-2514.026	75.51673	0.6940071	5.031935
3126	-2431.298	-2507.802	76.50411	0.8219404	4.408101
3132	-2434.834	-2512.184	77.35024	0.9015458	3.881641
3138	-2442.844	-2519.527	76.68295	1.119686	4.138218
3144	-2433.419	-2511.163	77.74343	1.022958	3.584524
3150	-2442.652	-2520.676	78.02369	1.022958	3.421056
3156	-2440.631	-2517.076	76.44479	0.8173542	4.444122
3162	-2432.213	-2508.372	76.15861	0.7469357	4.644468
3168	-2434.565	-2511.429	76.86402	0.8024474	4.215564
3174	-2434.806	-2510.86	76.05452	0.9223074	4.604507
3180	-2433.264	-2509.511	76.24743	0.7294002	4.604507
3186	-2438.094	-2514.76	76.66563	0.6869452	4.393138
3192	-2424.467	-2501.531	77.06436	0.9399665	4.023289
3198	-2425.228	-2501.801	76.57257	0.6321182	4.476479
3204	-2424.202	-2500.74	76.53771	0.8001184	4.401456
3210	-2429.017	-2505.44	76.42264	0.8001184	4.466303
3216	-2425.533	-2501.097	75.56367	0.7418401	4.979291
3222	-2422.77	-2498.681	75.91018	0.839394	4.731766
3228	-2424.97	-2502.008	77.0375	0.8523596	4.088574
3234	-2427.422	-2504.525	77.10342	0.850249	4.052197
3240	-2423.396	-2499.858	76.46255	0.8989548	4.3881
3246	-2428.683	-2504.728	76.04529	0.7201204	4.722911
3252	-2420.829	-2497.146	76.31767	0.8216278	4.513265
3258	-2426.61	-2502.867	76.25702	0.8005843	4.55917
3264	-2428.476	-2505.048	76.57143	0.6844962	4.447626
3270	-2429.403	-2505.077	75.67374	0.7391843	4.91955
3276	-2436.182	-2514.09	77.90846	1.075796	3.457559
3282	-2441.582	-2517.722	76.14035	0.9392528	4.546818
3288	-2438.351	-2516.294	77.94299	1.045596	3.455025
3294	-2430.466	-2507.183	76.71713	1.046545	4.160369
3300	-2435.992	-2512.368	76.37584	0.8465119	4.466533
3306	-2433.535	-2508.584	75.04887	0.6655316	5.306689
3312	-2437.211	-2512.608	75.39739	0.5402119	5.183325
3318	-2437.722	-2512.869	75.1476	0.6485126	5.261559
3324	-2431.088	-2506.766	75.67759	0.6594569	4.961762
3330	-2433.275	-2510.254	76.97881	0.8936718	4.098468
3336	-2436.108	-2512.915	76.80748	0.8429101	4.224682
3342	-2432.11	-2507.93	75.82033	0.7383588	4.838344
3348	-2428.995	-2505.348	76.35279	0.8435332	4.481187
3354	-2422.821	-2499.989	77.16766	0.7289561	4.084724
3360	-2422.234	-2499.309	77.0745	0.8221158	4.084724
3366	-2425.205	-2503.69	78.48467	1.038907	3.139676
3372	-2425.581	-2503.081	77.49995	1.110247	3.675094
3378	-2422.315	-2499.389	77.07352	0.8134813	4.0902
3384	-2426.768	-2503.855	77.08669	0.8003132	4.0902
3390	-2426.557	-2505.038	78.48074	0.987949	3.172283
3396	-2425.316	-2502.174	76.85766	0.8741518	4.178472
3402	-2431.56	-2508.21	76.65021	0.646901	4.424418
3408	-2428.765	-2504.129	75.36424	0.6232319	5.155723
3414	-2430.606	-2507.459	76.85313	0.9222081	4.153741
3420	-2435.256	-2511.568	76.31268	0.8688961	4.489484
3426	-2423.312	-2499.595	76.28309	0.7988501	4.545503
3432	-2428.295	-2504.7	76.40413	0.7184389	4.52267
3438	-2426.345	-2503.038	76.69279	0.8627584	4.278419
3444	-2421.528	-2497.434	75.90604	0.6789009	4.823707
3450	-2431.989	-2508.688	76.69913	0.8262735	4.295486
3456	-2428.835	-2505.826	76.9901	0.9174683	4.078483
3462	-2427.497	-2504.688	77.19088	0.9325716	3.955194
3468	-2430.323	-2507.379	77.05653	0.8478726	4.080284
3474	-2436.433	-2512.712	76.27822	0.6396542	4.637563
3480	-2431.183	-2506.834	75.65115	0.8726883	4.857773
3486	-2429.727	-2506.084	76.35705	0.8803447	4.458062
3492	-2435.061	-2511.909	76.84817	0.8332269	4.20709
3498	-2439.321	-2516.904	77.5832	0.9054718	3.74532
3504	-2436.51	-2512.461	75.95074	0.8891356	4.681249
3510	-2439.653	-2517.6	77.94628	0.9145139	3.529597
3516	-2429.519	-2506.987	77.46829	0.8913362	3.81967
3522	-2441.386	-2518.424	77.03767	0.7778989	4.130865
3528	-2430.461	-2506.747	76.28614	0.7664297	4.561999
3534	-2424.693	-2501.586	76.89298	0.932163	4.125413
3540	-2432.479	-2508.154	75.67509	0.9191402	4.818522
3546	-2436.788	-2513.434	76.64692	0.6854898	4.404516
3552	-2437.812	-2514.349	76.53693	0.6643735	4.478382
3558	-2440.886	-2517.045	76.15909	0.81568	4.605664
3564	-2440.677	-2517.035	76.35809	0.7799944	4.513949
3570	-2440.912	-2516.689	75.77669	0.8750132	4.786448
3576	-2439.01	-2515.944	76.93405	0.7935209	4.180879
3582	-2427.431	-2503.962	76.53099	0.7392263	4.439574
3588	-2434.923	-2512.464	77.54061	0.9380728	3.751087
3594	-2432.08	-2508.633	76.55314	0.7142024	4.441197
3600	-2431.881	-2508.939	77.05881	0.8259326	4.091484
3606	-2428.126	-2505.376	77.2498	0.8695238	3.957554
3612	-2438.821	-2515.791	76.97015	0.51841	4.316327
3618	-2437.171	-2513.291	76.12027	0.7472985	4.665742
3624	-2435.637	-2513.118	77.48047	0.7716368	3.881456
3630	-2430.081	-2507.982	77.90153	1.076635	3.461117
3636	-2433.228	-2511.114	77.88562	1.026909	3.499438
3642	-2422.923	-2499.498	76.57473	0.8007878	4.38019
3648	-2420.586	-2496.498	75.91209	0.8007878	4.752278
3654	-2428.3	-2505.228	76.92854	0.8243906	4.166474
3660	-2424.675	-2501.856	77.18015	0.8308928	4.019456
3666	-2436.803	-2514.82	78.01683	1.038928	3.415718
3672	-2436.998	-2513.109	76.11051	0.7966882	4.643543
3678	-2434.594	-2511.373	76.7792	0.8502691	4.236542
3684	-2433.499	-2511.982	78.483	1.214165	3.036109
3690	-2429.667	-2507.558	77.89101	1.04688	3.484643
3696	-2427.19	-2505.303	78.11293	1.011761	3.3753
3702	-2429.396	-2507.166	77.77021	1.092282	3.52861
3708	-2431.721	-2509.969	78.2478	0.8657157	3.381858
3714	-2426.825	-2503.172	76.3465	0.68244	4.575264
3720	-2428.055	-2503.518	75.46332	0.8108052	4.996733
3726	-2428.125	-2505.02	76.89501	0.7778791	4.211916
3732	-2434.89	-2511.779	76.8889	0.783351	4.21228
3738	-2432.383	-2508.706	76.32213	0.8237115	4.509583
3744	-2434.388	-2510.51	76.12104	0.8560351	4.604368
3750	-2437.6	-2514.523	76.92328	0.9892752	4.075638
3756	-2437.434	-2513.261	75.82726	0.7977206	4.801362
3762	-2435.523	-2510.869	75.34601	0.8284183	5.05209
3768	-2433.471	-2510.255	76.78347	0.8652471	4.225629
3774	-2427.629	-2504.14	76.51099	0.836474	4.396023
3780	-2425.667	-2502.237	76.56962	0.7966336	4.385417
3786	-2423.757	-2501.5	77.74269	0.8814621	3.667014
3792	-2427.056	-2504.349	77.29301	0.916917	3.905655
3798	-2430.43	-2507.687	77.25635	0.8738012	3.951355
3804	-2438.082	-2513.685	75.60306	0.7302239	4.963854
3810	-2433.885	-2510.048	76.16366	0.7666241	4.630607
3816	-2437.015	-2513.004	75.98833	0.9251748	4.640007
3822	-2428.71	-2507.021	78.3105	0.9245721	3.310404
3828	-2430.61	-2507.607	76.99711	0.9043695	4.081949
3834	-2437.945	-2515.079	77.13361	1.038432	3.927367
3840	-2441.295	-2517.914	76.61866	0.7236619	4.398923
3846	-2438.267	-2514.054	75.7865	0.8702204	4.783642
3852	-2436.431	-2513.315	76.88349	0.7625223	4.227161
3858	-2432.565	-2508.503	75.93741	0.7025487	4.793003
3864	-2430.063	-2506.67	76.60732	0.7952434	4.36492
3870	-2429.158	-2505.83	76.67192	0.7680332	4.343804
3876	-2431.077	-2508.521	77.44328	0.9695016	3.789074
3882	-2437.936	-2515.635	77.69962	0.9856181	3.631622
3888	-2431.417	-2508.845	77.42796	0.9936165	3.784006
3894	-2429.127	-2507.47	78.3426	0.9912496	3.252134
3900	-2423.537	-2500.544	77.00697	0.8292863	4.119094
3906	-2433.417	-2509.243	75.82601	0.7969372	4.802496
3912	-2428.723	-2504.468	75.74489	0.8780569	4.802496
3918	-2429.49	-2505.206	75.71596	0.7069178	4.914012
3924	-2426.667	-2502.921	76.25398	0.672073	4.632978
3930	-2424.57	-2501.631	77.06085	0.8434941	4.080318
3936	-2428.062	-2505.24	77.17827	0.8537262	4.007488
3942	-2430.556	-2506.173	75.61655	0.8718578	4.877516
3948	-2430.078	-2506.444	76.36538	0.8578894	4.466018
3954	-2429.837	-2505.838	76.00056	0.9470218	4.620909
3960	-2428.018	-2505.148	77.12965	0.7364367	4.102112
3966	-2426.896	-2503.817	76.9212	0.9448851	4.102112
3972	-2430.393	-2507.049	76.65583	0.7435963	4.366692
3978	-2425.725	-2502.286	76.56103	0.8619656	4.353384
3984	-2425.5	-2502.816	77.31608	1.00641	3.841029
3990	-2428.444	-2505.015	76.57175	0.6933835	4.442438
3996	-2431.17	-2507.576	76.40528	0.859852	4.442438
4002	-2430.063	-2506.929	76.86626	0.7848151	4.224292
4008	-2435.933	-2511.103	75.16989	0.6912327	5.225628
4014	-2436.638	-2514.093	77.45458	0.8844148	3.831538
4020	-2434.993	-2511.328	76.33448	0.7949171	4.518831
4026	-2445.198	-2520.504	75.30617	0.748401	5.118553
4032	-2428.19	-2504.462	76.27208	0.8518468	4.52191
4038	-2426.925	-2503.729	76.80399	0.8487511	4.223345
4044	-2431.463	-2507.593	76.13004	0.8002628	4.630596
4050	-2440.181	-2515.511	75.32982	0.7708798	5.092985
4056	-2441.501	-2518.87	77.36857	0.9096351	3.866471
4062	-2433.497	-2511.178	77.68169	0.9583426	3.65782
4068	-2433.464	-2510.337	76.87276	0.7379579	4.247169
4074	-2436.305	-2514.29	77.98421	1.176971	3.353873
4080	-2439.385	-2514.983	75.59809	0.9515153	4.84341
4086	-2433.977	-2512.238	78.26105	1.120469	3.223946
4092	-2430.61	-2508.856	78.2461	1.106095	3.241292
4098	-2432.173	-2510.497	78.32392	1.088943	3.205391
4104	-2441.112	-2519.208	78.0962	0.8709697	3.467543
4110	-2443.002	-2521.266	78.26481	1.02152	3.280186
4116	-2444.743	-2521.938	77.1954	0.8325041	4.009823
4122	-2439.312	-2517.485	78.17347	0.9027943	3.403703
4128	-2441.601	-2519.206	77.60474	0.8908856	3.741309
4134	-2439.727	-2517.235	77.50809	1.026776	3.718652
4140	-2433.826	-2511.823	77.99767	1.004104	3.447312
4146	-2429.621	-2507.421	77.80022	0.9767616	3.578364
4152	-2429.137	-2507.046	77.90892	0.9883328	3.508351
4158	-2430.892	-2508.25	77.35886	0.8148143	3.926431
4164	-2436.153	-2513.095	76.94271	0.9575894	4.082622
4170	-2427.397	-2504.675	77.27769	0.6978933	4.039699
4176	-2428.584	-2504.939	76.35526	0.6978933	4.561672
4182	-2433.944	-2510.367	76.42386	0.6670632	4.540458
4188	-2434.949	-2511.202	76.2532	0.8377177	4.540458
4194	-2434.526	-2511.199	76.67309	0.8141342	4.317084
4200	-2438.296	-2514.81	76.51385	0.7584873	4.438379
4206	-2432.712	-2508.21	75.49781	0.5754555	5.108193
4212	-2429.921	-2505.332	75.41148	0.8200647	5.020385
4218	-2430.849	-2506.806	75.95731	0.7334133	4.764654
4224	-2427.89	-2504.578	76.68774	0.8255681	4.302329
4230	-2423.535	-2500.169	76.6339	0.7160032	4.394643
4236	-2429.709	-2505.447	75.73818	0.7611523	4.87143
4242	-2433.478	-2510.222	76.74374	0.8918739	4.23306
4248	-2430.795	-2507.896	77.10078	0.8918739	4.029954
4254	-2424.577	-2501.334	76.75667	0.9454871	4.195309
4260	-2425.028	-2501.86	76.83228	0.9378531	4.1567
4266	-2427.959	-2505.306	77.34693	0.994939	3.829887
4272	-2424.956	-2501.263	76.30728	0.8021865	4.530035
4278	-2427.114	-2503.953	76.83944	0.7648302	4.250824
4284	-2433.007	-2508.515	75.50821	0.8395063	4.955826
4290	-2427.807	-2504.926	77.11871	0.7562947	4.097034
4296	-2429.478	-2505.534	76.05655	0.6308185	4.766526
4302	-2436.789	-2511.649	74.86038	0.7029662	5.390001
4308	-2432.1	-2508.359	76.25831	0.8093251	4.553538
4314	-2431.34	-2506.933	75.59271	0.8464489	4.904946
4320	-2438.252	-2515.555	77.30341	0.6613788	4.045855
4326	-2427.515	-2505.644	78.12879	0.9513382	3.401436
4332	-2428.644	-2506.641	77.99732	0.8307052	3.548679
4338	-2431.875	-2508.887	77.01229	0.9418816	4.051912
4344	-2445.456	-2520.663	75.20683	0.8274669	5.129789
4350	-2436.451	-2513.678	77.22684	0.9310188	3.935495
4356	-2428.992	-2505.47	76.47785	0.7540084	4.461181
4362	-2440.148	-2514.886	74.73764	0.8165229	5.395067
4368	-2435.151	-2511.707	76.55681	0.8231583	4.377681
4374	-2435.615	-2511.287	75.67211	0.8231583	4.873695
4380	-2433.013	-2509.414	76.40079	0.8523199	4.449214
4386	-2435.115	-2511.787	76.67194	0.5811645	4.449214
4392	-2435.655	-2512.185	76.52995	0.8336154	4.386938
4398	-2428.816	-2505.283	76.46717	0.7521239	4.468253
4404	-2429.345	-2504.726	75.3808	0.639051	5.137788
4410	-2439.704	-2516.688	76.9843	0.7897905	4.154446
4416	-2437.729	-2513.192	75.46348	0.6891053	5.064208
4422	-2436.949	-2512.68	75.73047	0.6208249	4.953839
4428	-2431.838	-2508.484	76.6459	0.7261328	4.382155
4434	-2436.162	-2511.184	75.0217	0.5697068	5.374533
4440	-2430.991	-2507.602	76.61069	0.7957666	4.362726
4446	-2434.973	-2511.21	76.23783	0.8779775	4.526473
4452	-2440.456	-2518.496	78.04038	0.9221316	3.470263
4458	-2429.955	-2507.111	77.15515	0.889318	4.000361
4464	-2432.748	-2509.414	76.66601	0.8816403	4.282894
4470	-2445.916	-2521.219	75.30326	0.6762722	5.160115
4476	-2440.517	-2515.322	74.80508	0.8710059	5.327834
4482	-2429.048	-2505.954	76.90613	0.9198001	4.124966
4488	-2440.114	-2517.247	77.13246	0.9770351	3.963177
4494	-2430.905	-2506.23	75.32503	0.7563192	5.103715
4500	-2430.863	-2507.577	76.71413	0.7033295	4.356511
4506	-2425.335	-2502.459	77.12382	0.8633888	4.033063
4512	-2428.303	-2504.576	76.27359	0.6594911	4.629035
4518	-2427.001	-2503.159	76.15818	0.7539944	4.640753
4524	-2433.881	-2511.379	77.4977	0.8236994	3.841658
4530	-2437.495	-2515.84	78.34575	0.9730908	3.261
4536	-2431.003	-2507.837	76.83485	0.8137984	4.225665
4542	-2427.243	-2504.391	77.14814	0.9321386	3.979894
4548	-2429.746	-2505.993	76.24752	0.7863459	4.572501
4554	-2439.239	-2514.029	74.78956	0.7191181	5.420125
4560	-2436.718	-2512.722	76.00402	0.7833696	4.710619
4566	-2438.545	-2515.688	77.14294	0.8106056	4.052268
4572	-2437.285	-2514.605	77.3205	0.9894891	3.848211
4578	-2430.405	-2507.15	76.74438	0.9177713	4.218009
4584	-2431.149	-2507.5	76.35135	0.7891254	4.512601
4590	-2438.151	-2514.365	76.21436	0.9261167	4.512601
4596	-2434.178	-2511.869	77.69113	0.8570949	3.710932
4602	-2447.219	-2524.494	77.27513	1.034602	3.848361
4608	-2437.958	-2514.222	76.26366	0.8441668	4.530956
4614	-2432.543	-2508.595	76.05254	0.8065249	4.670504
4620	-2437.242	-2514.675	77.43335	0.8700181	3.852016
4626	-2432.085	-2509.456	77.37111	0.8884187	3.877197
4632	-2442.843	-2518.512	75.66948	0.7273705	4.928494
4638	-2445.386	-2521.378	75.99246	0.6283908	4.80367
4644	-2430.269	-2506.142	75.87241	0.7919525	4.779376
4650	-2430.581	-2506.581	75.99981	0.6645556	4.779376
4656	-2433.24	-2508.709	75.4682	0.6115137	5.104617
4662	-2432.473	-2509.494	77.02088	0.7349257	4.164841
4668	-2438.688	-2514.89	76.20201	0.8142804	4.582368
4674	-2434.419	-2511.169	76.75038	0.7657312	4.300739
4680	-2440.116	-2516.386	76.26915	0.8601681	4.518875
4686	-2422.748	-2499.447	76.69906	0.7960474	4.31262
4692	-2423.213	-2499.391	76.17731	0.7960474	4.606455
4698	-2432.156	-2507.686	75.52946	0.8418464	4.942709
4704	-2439.593	-2515.017	75.42353	0.9018807	4.968233
4710	-2439.714	-2516.389	76.67536	0.9771823	4.22346
4716	-2437.642	-2515.267	77.62517	1.012825	3.659001
4722	-2433.774	-2512.268	78.49343	1.010714	3.151228
4728	-2428.698	-2506.209	77.51021	0.9360774	3.769765
4734	-2428.686	-2506.264	77.57836	0.8679275	3.769765
4740	-2423.114	-2499.835	76.72148	0.8510465	4.268805
4746	-2428.091	-2504.231	76.14013	0.6517933	4.708082
4752	-2428.422	-2503.559	75.13659	0.7197371	5.228279
4758	-2433.475	-2509.784	76.3087	0.7944363	4.533594
4764	-2435.131	-2512.065	76.93431	0.7154285	4.225047
4770	-2443.016	-2520.49	77.47401	0.8707724	3.82821
4776	-2441.499	-2518.036	76.53724	0.6901626	4.463687
4782	-2439.928	-2516.858	76.9293	0.8475359	4.15289
4788	-2432.709	-2509.941	77.2321	1.097955	3.836682
4794	-2431.899	-2508.674	76.7747	0.8869452	4.218296
4800	-2436.119	-2513.857	77.73847	0.8137116	3.708647
4806	-2432.433	-2508.092	75.65899	0.8326852	4.875695
4812	-2432.674	-2509.887	77.21346	0.8711615	3.977408
4818	-2438.778	-2515.569	76.79042	0.9488219	4.174249
4824	-2430.162	-2507.545	77.38258	0.8401287	3.898324
4830	-2434.192	-2511.735	77.5429	0.9371235	3.750314
4836	-2434.841	-2511.652	76.81046	0.8921363	4.195059
4842	-2429.941	-2506.859	76.91748	0.7851189	4.195059
4848	-2423.668	-2499.397	75.72919	0.7367805	4.890018
4854	-2427.865	-2504.069	76.20391	0.7697716	4.606273
4860	-2425.743	-2502.023	76.27996	0.7239326	4.589322
4866	-2431.554	-2507.823	76.26956	0.7343325	4.589322
4872	-2431.343	-2507.8	76.45672	0.6228324	4.546844
4878	-2428.897	-2505.188	76.29102	0.7660379	4.55948
4884	-2423.999	-2500.333	76.33383	0.8191135	4.50559
4890	-2421.322	-2497.776	76.45413	0.698811	4.50559
4896	-2426.505	-2503.343	76.83762	0.8459102	4.205881
4902	-2437.679	-2513.355	75.67557	0.8572003	4.852796
4908	-2430.094	-2505.989	75.8943	0.8532811	4.732878
4914	-2425.599	-2500.44	74.84141	0.6324654	5.439288
4920	-2431.383	-2506.588	75.20557	0.7779313	5.157918
4926	-2434.436	-2512.004	77.56847	0.8307524	3.796885
4932	-2431.596	-2508.408	76.81231	0.8144811	4.238058
4938	-2435.869	-2512.608	76.73926	0.8875395	4.238058
4944	-2432.986	-2510.901	77.91496	1.055159	3.465816
4950	-2435.336	-2512.516	77.17968	0.7813052	4.048028
4956	-2436.49	-2513.205	76.71564	0.8966202	4.246295
4962	-2433.923	-2510.225	76.30267	0.7195555	4.579037
4968	-2435.593	-2511.184	75.59175	0.8331196	4.912899
4974	-2442.774	-2518.153	75.37967	0.8080372	5.04472
4980	-2433.337	-2509.827	76.49053	0.6348455	4.521094
4986	-2434.125	-2510.326	76.20102	0.6914321	4.651806
4992	-2430.698	-2507.335	76.63743	0.7908664	4.35039
4998	-2428.501	-2505.095	76.59391	0.7061342	4.422764
5004	-2423.817	-2500.585	76.7682	0.77619	4.284736
5010	-2437.386	-2514.543	77.15637	0.8628572	4.014783
5016	-2436.491	-2514.528	78.03722	0.8844369	3.494115
5022	-2437.984	-2514.701	76.71745	0.99335	4.190403
5028	-2432.666	-2509.892	77.2265	0.9092126	3.948175
5034	-2428.629	-2505.9	77.27134	0.8643735	3.948175
5040	-2427.163	-2503.661	76.49716	0.7532565	4.450728
5046	-2423.376	-2499.493	76.11711	0.6444405	4.725069
5052	-2425.541	-2501.001	75.45963	0.673339	5.075089
5058	-2433.93	-2510.412	76.48151	1.006687	4.316532
5064	-2432.302	-2509.501	77.19901	0.6732447	4.098599
5070	-2429.516	-2506.241	76.72463	0.814416	4.287766
5076	-2427.932	-2505.759	77.82768	0.8816889	3.617629
5082	-2426.537	-2502.585	76.04792	0.7414254	4.709525
5088	-2422.374	-2499.787	77.41263	0.7512285	3.932053
5094	-2428.965	-2506.12	77.15457	0.8592126	4.017893
5100	-2438.502	-2516.282	77.77958	1.019201	3.565694
5106	-2438.895	-2514.723	75.82871	0.9537748	4.713362
5112	-2436.51	-2513.974	77.46429	0.9024262	3.815594
5118	-2433.413	-2511.211	77.79816	0.8394866	3.659203
5124	-2429.747	-2506.642	76.89505	0.8330208	4.180597
5130	-2431.766	-2508.785	77.01844	0.8435179	4.104462
5136	-2429.557	-2506.676	77.11854	0.7057157	4.125923
5142	-2423.36	-2500.405	77.04469	0.9427242	4.032947
5148	-2422.11	-2498.855	76.74537	0.7713072	4.300424
5154	-2426.144	-2503.303	77.15824	0.9631914	3.956347
5160	-2427.869	-2504.677	76.80812	0.7042349	4.302865
5166	-2431.996	-2507.178	75.18179	0.7253812	5.200162
5172	-2435.64	-2512.589	76.9495	0.7976157	4.169778
5178	-2434.27	-2509.981	75.71069	0.7915979	4.869785
5184	-2435.622	-2511.729	76.10638	0.7009991	4.699436
5190	-2439.972	-2515.652	75.68088	0.8018293	4.880693
5196	-2437.149	-2512.352	75.2028	0.5549513	5.282751
5202	-2433.674	-2511.127	77.45222	0.8188972	3.870541
5208	-2435.488	-2512.919	77.4302	1.017217	3.769115
5214	-2430.477	-2507.619	77.14199	0.9765861	3.957985
5220	-2436.487	-2512.982	76.49418	0.782257	4.436072
5226	-2437.502	-2514.986	77.48351	0.9437074	3.780756
5232	-2434.118	-2511.104	76.98575	0.9139516	4.082965
5238	-2433.604	-2511.431	77.82649	1.021751	3.53691
5244	-2429.021	-2506.361	77.33943	0.8383448	3.92408
5250	-2430.654	-2508.382	77.72776	0.9489841	3.636548
5256	-2430.612	-2507.594	76.98145	0.8411311	4.126874
5262	-2430.49	-2508.267	77.77636	0.8880288	3.643709
5268	-2431.163	-2508.972	77.80956	0.8548327	3.643709
5274	-2429.065	-2506.502	77.43724	0.875843	3.846437
5280	-2428.312	-2505.789	77.47754	0.9980105	3.752889
5286	-2429.733	-2504.914	75.18114	0.7272768	5.199471
5292	-2439.555	-2516.645	77.08954	0.7447044	4.120239
5298	-2438.211	-2516.048	77.8373	0.869864	3.618906
5304	-2433.861	-2510.087	76.22641	0.812338	4.569759
5310	-2435.76	-2512.576	76.81651	0.8999685	4.187179
5316	-2434.878	-2510.688	75.81014	0.9200208	4.742615
5322	-2429.124	-2506.862	77.73783	0.9656008	3.621075
5328	-2432.93	-2509.97	77.03969	0.9027768	4.05859
5334	-2428.4	-2506.098	77.69866	0.9180045	3.671351
5340	-2424.869	-2501.77	76.90071	0.7287714	4.236533
5346	-2429.566	-2506.832	77.26664	0.9468858	3.903588
5352	-2431.786	-2508.841	77.0551	0.8490415	4.080435
5358	-2432.844	-2509.073	76.22874	0.805741	4.572154
5364	-2436.608	-2511.799	75.19073	0.5613183	5.2859
5370	-2435.753	-2512.504	76.75124	0.7785101	4.293024
5376	-2432.764	-2509.348	76.58366	0.793234	4.379413
5382	-2442.712	-2519.127	76.41485	1.00387	4.3558
5388	-2444.207	-2520.64	76.43356	0.7749376	4.474331
5394	-2446.179	-2521.966	75.78665	0.9005846	4.766605
5400	-2447.222	-2524.989	77.76693	0.8895764	3.648279
5406	-2455.653	-2533.824	78.17097	0.9957537	3.350615
5412	-2443.011	-2521.31	78.29878	0.8416456	3.366062
5418	-2439.58	-2515.78	76.20001	0.881674	4.545646
5424	-2436.379	-2513.784	77.40566	1.011448	3.786579
5430	-2435.194	-2512.869	77.67475	0.9172199	3.685639
5436	-2432.867	-2510.599	77.7319	0.929428	3.645482
5442	-2429.95	-2506.389	76.43839	0.6821613	4.523803
5448	-2435.047	-2510.74	75.69384	0.7457211	4.904724
5454	-2433.516	-2510.216	76.69993	0.9569445	4.221005
5460	-2432.233	-2509.077	76.84404	0.8430089	4.203884
5466	-2433.881	-2510.807	76.92606	0.750129	4.210046
5472	-2438.776	-2514.373	75.59728	0.7725198	4.943546
5478	-2440.208	-2516.849	76.64124	1.048642	4.202274
5484	-2436.688	-2513.397	76.70876	0.7529029	4.331535
5490	-2435.702	-2512.08	76.37826	0.7529029	4.517839
5496	-2434.432	-2510.758	76.3266	0.8882166	4.470774
5502	-2430.221	-2506.766	76.54498	0.6420735	4.486404
5508	-2424.508	-2500.571	76.06317	0.7257676	4.709753
5514	-2427.306	-2504.424	77.11846	0.8388335	4.050134
5520	-2433.991	-2511.962	77.9708	0.9084813	3.518826
5526	-2434.351	-2510.69	76.33833	0.7404923	4.547256
5532	-2436.041	-2510.828	74.78678	0.7595255	5.399393
5538	-2434.858	-2510.316	75.45802	0.6741841	5.075513
5544	-2437.123	-2513.768	76.64536	0.7853558	4.349018
5550	-2432.03	-2508.618	76.58797	0.818853	4.362519
5556	-2426.525	-2503.353	76.82779	0.8124136	4.230458
5562	-2430.119	-2507.516	77.39679	0.863294	3.876877
5568	-2428.136	-2505.421	77.285	0.7889348	3.983516
5574	-2431.76	-2509.294	77.53476	1.122457	3.647865
5580	-2440.54	-2517.831	77.29023	0.9133728	3.909279
5586	-2447.071	-2524.748	77.67611	1.041912	3.612607
5592	-2442.789	-2519.092	76.30336	0.6807526	4.600424
5598	-2447.193	-2523.825	76.63174	0.8577204	4.315817
5604	-2438.123	-2514.384	76.26111	0.8074735	4.553003
5610	-2435.413	-2512.601	77.18793	0.8338741	4.013308
5616	-2427.369	-2504.035	76.66563	0.7781487	4.341641
5622	-2433.06	-2510.128	77.06774	0.9660928	4.006437
5628	-2429.397	-2506.989	77.59251	0.969811	3.702788
5634	-2434.957	-2511.578	76.6216	0.9555393	4.266193
5640	-2432.637	-2509.187	76.54987	0.9442432	4.313183
5646	-2442.558	-2519.521	76.96343	0.9017686	4.102616
5652	-2435.091	-2510.511	75.41982	0.5912459	5.142657
5658	-2429.856	-2506.642	76.78627	0.7321973	4.299411
5664	-2430.216	-2507.35	77.1334	0.8268612	4.048438
5670	-2428.982	-2505.673	76.69161	0.8051396	4.311696
5676	-2434.686	-2509.666	74.98044	0.6464729	5.354956
5682	-2429.79	-2505.171	75.38076	0.8133542	5.041163
5688	-2428.388	-2505.063	76.67554	0.7253916	4.365843
5694	-2435.565	-2511.94	76.37545	0.6796731	4.560564
5700	-2428.601	-2505.28	76.67889	0.8656497	4.284654
5706	-2433.986	-2511.316	77.33058	0.9241083	3.879971
5712	-2434.42	-2512.925	78.50536	0.9167318	3.199919
5718	-2426.506	-2503.102	76.59629	0.7582882	4.392005
5724	-2432.622	-2509.851	77.22956	0.8247951	3.99471
5730	-2431.733	-2508.082	76.34856	0.7906779	4.513299
5736	-2427.456	-2504.647	77.19141	0.949149	3.9454
5742	-2424.111	-2500.398	76.2878	0.7386149	4.576685
5748	-2428.465	-2504.908	76.44359	0.7632584	4.475263
5754	-2427.118	-2502.574	75.45558	0.8436616	4.982775
5760	-2429.535	-2506.815	77.27945	0.7303985	4.020137
5766	-2433.865	-2510.525	76.66042	0.7121207	4.381868
5772	-2431.369	-2508.683	77.31394	0.9593414	3.869297
5778	-2427.208	-2504.848	77.64041	1.139869	3.576451
5784	-2428.812	-2507.38	78.56779	1.148975	3.024375
5790	-2429.231	-2507.581	78.34989	1.195435	3.126736
5796	-2422.842	-2499.225	76.38304	0.8902678	4.437834
5802	-2419.005	-2495.597	76.5924	0.7830769	4.380216
5808	-2423.391	-2500.311	76.92008	0.7682557	4.203152
5814	-2430.732	-2508.136	77.40414	0.8959682	3.85389
5820	-2434.862	-2513.017	78.15413	1.064724	3.319953
5826	-2429.999	-2507.733	77.73454	0.8887852	3.667496
5832	-2429.27	-2506.584	77.31346	1.009622	3.84069
5838	-2421.832	-2498.509	76.67718	0.9599038	4.232225
5844	-2425.765	-2502.572	76.80675	0.9084173	4.187925
5850	-2432.447	-2508.389	75.94202	0.9179133	4.670021
5856	-2422.669	-2499.661	76.99293	0.8731436	4.102121
5862	-2425.393	-2501.76	76.36644	0.7761363	4.511419
5868	-2426.404	-2503.358	76.95401	0.8317864	4.147795
5874	-2435.891	-2513.233	77.34147	0.8406197	3.921611
5880	-2425.759	-2502.342	76.58216	0.7030929	4.431099
5886	-2426.491	-2502.624	76.1327	0.7511728	4.656613
5892	-2434.733	-2510.586	75.85248	0.8163858	4.77686
5898	-2426.225	-2503.17	76.94548	1.001111	4.056233
5904	-2425.201	-2502.812	77.61083	1.007945	3.67013
5910	-2430.859	-2507.798	76.93947	0.775883	4.187816
5916	-2440.365	-2517.832	77.46689	0.8354969	3.852582
5922	-2424.944	-2501.111	76.16674	0.7827736	4.619826
5928	-2423.226	-2499.788	76.56224	0.8480482	4.360561
5934	-2426.628	-2504.379	77.7515	0.9036181	3.649082
5940	-2431.95	-2509.125	77.17578	0.9036181	3.980396
5946	-2423.739	-2500.277	76.53815	0.8713341	4.361014
5952	-2423.01	-2500.246	77.23576	0.7898346	4.011145
5958	-2426.689	-2503.539	76.8501	0.7255816	4.26702
5964	-2428.541	-2505.195	76.65402	0.8104849	4.329923
5970	-2433.31	-2511.231	77.92193	0.9515117	3.52223
5976	-2425.244	-2502.072	76.82833	0.8321166	4.218977
5982	-2431.634	-2507.261	75.62755	0.6610118	4.988709
5988	-2424.253	-2500.914	76.66081	0.846492	4.305724
5994	-2433.236	-2510.148	76.91118	0.8596081	4.156327
6000	-2424.725	-2501.764	77.0387	0.8551044	4.086326
6006	-2429.621	-2505.482	75.86149	0.7168435	4.827389
6012	-2433.162	-2508.415	75.25275	0.6325767	5.212244
6018	-2432.363	-2509.338	76.97553	0.9987955	4.040414
6024	-2432.696	-2509.567	76.87083	0.7678783	4.231305
6030	-2435.205	-2511.113	75.9083	0.5579121	4.88988
6036	-2430.557	-2507.596	77.03901	0.753434	4.144012
6042	-2438.527	-2514.993	76.46553	0.6247985	4.540789
6048	-2442.494	-2517.165	74.67071	0.7224336	5.483724
6054	-2432.011	-2508.175	76.16406	0.760914	4.633584
6060	-2430.806	-2508.058	77.25244	0.7389597	4.030667
6066	-2429.527	-2505.136	75.60874	0.8253324	4.90778
6072	-2435.197	-2511.934	76.7374	0.6877055	4.352192
6078	-2432.437	-2509.045	76.60839	0.7577437	4.385489
6084	-2431.682	-2508.186	76.50432	0.8618144	4.385489
6090	-2429.359	-2506.034	76.67506	0.6971917	4.382035
6096	-2430.982	-2507.674	76.69196	0.7406777	4.347934
6102	-2442.675	-2519.64	76.96484	0.939536	4.080299
6108	-2438.529	-2516.209	77.68022	0.8679085	3.710991
6114	-2432.369	-2510.369	77.99994	1.039695	3.425161
6120	-2430.104	-2508.679	78.57541	1.109961	3.043164
6126	-2429.819	-2505.398	75.57908	0.7653069	4.957681
6132	-2423.313	-2500.554	77.24146	0.8862451	3.952757
6138	-2427.532	-2505.167	77.63545	0.8700025	3.735637
6144	-2426.885	-2503.194	76.30841	0.7839986	4.539619
6150	-2426.816	-2502.094	75.27808	0.7782561	5.117575
6156	-2427.508	-2504.466	76.95784	0.7992907	4.164089
6162	-2426.162	-2502.179	76.01748	0.7055606	4.746595
6168	-2425.643	-2502.306	76.66355	0.660553	4.409197
6174	-2431.283	-2508.349	77.06581	0.7547797	4.128006
6180	-2428.156	-2505.47	77.31403	0.8148197	3.952104
6186	-2437.574	-2513.307	75.73289	0.7857984	4.860647
6192	-2432.289	-2509.514	77.22475	0.7835422	4.021028
6198	-2431.127	-2507.163	76.03598	0.7709793	4.69967
6204	-2429.855	-2505.313	75.45763	0.7161871	5.052427
6210	-2428.018	-2503.988	75.97044	0.7345177	4.756701
6216	-2429.123	-2505.999	76.87573	0.7232689	4.253812
6222	-2426.199	-2502.542	76.34265	0.6215008	4.611618
6228	-2423.627	-2499.863	76.23581	0.7283393	4.611618
6234	-2433.558	-2509.789	76.23062	0.733531	4.611618
6240	-2440.51	-2517.223	76.71332	0.7286926	4.342636
6246	-2435.652	-2513.218	77.56608	0.9241005	3.744449
6252	-2431.405	-2508.293	76.88794	0.7523185	4.230424
6258	-2438.507	-2515.538	77.03072	0.874874	4.079606
6264	-2432.209	-2508.908	76.69839	0.6984288	4.368165
6270	-2434.878	-2511.262	76.38453	0.7846451	4.496461
6276	-2439.94	-2516.569	76.62858	0.8505612	4.321649
6282	-2439.488	-2515.852	76.36402	1.115125	4.321649
6288	-2436.718	-2513.427	76.70859	0.7705559	4.321649
6294	-2434.265	-2511.118	76.85331	0.9150421	4.157707
6300	-2430.105	-2506.291	76.18607	0.6861705	4.663128
6306	-2432.725	-2509.274	76.54829	0.7581109	4.41918
6312	-2436.595	-2512.864	76.2684	1.000309	4.440425
6318	-2427.862	-2505.929	78.06717	0.8177535	3.515537
6324	-2424.925	-2502.327	77.40192	0.7518085	3.937859
6330	-2425.046	-2502.119	77.07293	0.7656161	4.117791
6336	-2433.561	-2510.201	76.64013	0.6784703	4.412304
6342	-2433.821	-2509.548	75.72616	0.6350535	4.948322
6348	-2431.078	-2507.503	76.42583	0.7186359	4.510361
6354	-2432.266	-2508.995	76.72924	0.7917983	4.297956
6360	-2436.646	-2513.58	76.93378	0.8505363	4.148637
6366	-2429.444	-2506.224	76.77993	0.9436743	4.183129
6372	-2438.761	-2515.983	77.22248	0.9116667	3.949069
6378	-2437.34	-2513.289	75.94911	0.7122307	4.781067
6384	-2424.026	-2500.197	76.17074	0.8133956	4.600406
6390	-2433.985	-2510.934	76.94935	0.7493076	4.197295
6396	-2434.546	-2511.952	77.40591	0.823882	3.894261
6402	-2435.975	-2512.823	76.84766	1.063257	4.076575
6408	-2441.25	-2518.067	76.81769	0.8590617	4.209725
6414	-2433.452	-2509.88	76.42812	0.7762383	4.476663
6420	-2432.884	-2510.684	77.79994	0.9954994	3.567635
6426	-2437.933	-2514.435	76.5011	0.8305241	4.404956
6432	-2437.411	-2515.562	78.15018	1.009763	3.354598
6438	-2431.99	-2508.463	76.47269	0.8532473	4.408165
6444	-2432.691	-2509.319	76.6284	0.7860129	4.358231
6450	-2445.951	-2523.471	77.51982	0.9592231	3.750879
6456	-2442.148	-2520.736	78.58806	1.1819	2.992474
6462	-2438.405	-2514.963	76.55791	0.8870833	4.340954
6468	-2438.182	-2515.308	77.12603	1.011614	3.947065
6474	-2434.976	-2511.371	76.39502	0.713633	4.530494
6480	-2428.777	-2505.339	76.56154	0.8174629	4.378223
6486	-2437.352	-2514.684	77.33174	0.8745766	3.907723
6492	-2436.77	-2513.055	76.28537	0.8975565	4.488725
6498	-2429.169	-2506.029	76.86012	0.9861334	4.113403
6504	-2432.718	-2508.442	75.72466	1.046427	4.719738
6510	-2429.474	-2505.959	76.48435	0.773761	4.446396
6516	-2423.496	-2499.065	75.56947	0.7455449	4.97401
6522	-2423.46	-2499.627	76.16763	0.9742311	4.511825
6528	-2435.737	-2512.062	76.32559	0.9316772	4.446868
6534	-2429.345	-2506.272	76.92684	0.9039095	4.122223
6540	-2426.914	-2503.354	76.44022	0.8104027	4.450616
6546	-2421.232	-2497.335	76.10322	0.7074397	4.697601
6552	-2427.383	-2504.541	77.15759	0.9003054	3.992687
6558	-2420.689	-2497.815	77.12631	0.9315851	3.992687
6564	-2424.518	-2502.201	77.68292	0.9315851	3.6726
6570	-2426.181	-2503.655	77.47362	0.9340296	3.792032
6576	-2426.145	-2502.824	76.67838	0.8101997	4.316316
6582	-2425.007	-2501.331	76.32395	0.6693831	4.595251
6588	-2427.568	-2503.258	75.69064	0.6249945	4.973667
6594	-2432.707	-2509.014	76.3068	0.5799223	4.655013
6600	-2427.118	-2502.71	75.59164	0.6515809	5.013902
6606	-2432.987	-2509.966	76.97895	0.6887782	4.214848
6612	-2428.615	-2504.71	76.09486	0.8569956	4.618512
6618	-2425.37	-2501.585	76.21512	0.8511756	4.55429
6624	-2428.695	-2505.74	77.04452	0.7983762	4.115313
6630	-2429.204	-2505.837	76.63265	0.8089349	4.34288
6636	-2435.558	-2513.239	77.68144	0.8972959	3.693295
6642	-2432.891	-2508.946	76.05469	0.691175	4.733841
6648	-2433.985	-2509.405	75.41985	0.8300436	5.010192
6654	-2425.526	-2502.201	76.67563	0.9278534	4.251273
6660	-2433.819	-2509.978	76.15856	0.6450976	4.701514
6666	-2430.489	-2506.416	75.92733	0.6882962	4.806582
6672	-2434.52	-2511.051	76.53193	0.7358801	4.440932
6678	-2434.782	-2511.203	76.42114	0.8466658	4.440932
6684	-2436.245	-2511.803	75.55755	0.6755983	5.019496
6690	-2434.006	-2510.823	76.81672	0.8479726	4.216567
6696	-2430.183	-2506.965	76.78255	0.8374571	4.241906
6702	-2435.497	-2512.108	76.61103	0.7899744	4.3658
6708	-2430.818	-2507.153	76.33479	0.7865687	4.523351
6714	-2425.983	-2502.686	76.70325	0.7489245	4.336894
6720	-2421.568	-2498.29	76.72254	0.7296334	4.336894
6726	-2425.145	-2500.637	75.49216	0.6791403	5.053826
6732	-2425.058	-2501.506	76.4489	0.7520292	4.478594
6738	-2428.294	-2506.284	77.98972	1.094089	3.39928
6744	-2425.679	-2502.991	77.31217	0.9526532	3.874156
6750	-2432.461	-2509.48	77.01874	0.8844916	4.080953
6756	-2428.996	-2506.297	77.30113	0.8958451	3.91308
6762	-2432.462	-2508.919	76.45659	0.8844928	4.399618
6768	-2428.268	-2504.105	75.8379	0.725215	4.835876
6774	-2429.744	-2508.125	78.38094	0.9599736	3.247959
6780	-2425.749	-2503.138	77.38941	0.8926939	3.864232
6786	-2425.278	-2502.363	77.08465	0.9098798	4.028884
6792	-2423.722	-2499.437	75.71475	0.8878465	4.813856
6798	-2424.287	-2500.923	76.63651	0.8755953	4.303008
6804	-2431.318	-2507.959	76.64118	0.8709241	4.303008
6810	-2444.717	-2520.025	75.30806	0.6148637	5.191448
6816	-2438.567	-2515.287	76.71995	0.8868338	4.249398
6822	-2426.498	-2503.29	76.79162	0.8151718	4.249398
6828	-2430.53	-2507.14	76.61044	0.7847602	4.369079
6834	-2426.826	-2503.337	76.51087	0.8662193	4.379303
6840	-2427.942	-2503.534	75.59241	0.8681453	4.893033
6846	-2432.469	-2508.21	75.74138	0.7191709	4.893033
6852	-2427.724	-2504.196	76.47197	0.6695366	4.512023
6858	-2432.655	-2509.965	77.30989	0.7043212	4.017646
6864	-2426.043	-2502.354	76.31071	0.7545582	4.554869
6870	-2426.895	-2502.196	75.30156	0.6799161	5.159042
6876	-2432.186	-2507.229	75.04366	0.7912617	5.240113
6882	-2429.741	-2506.224	76.48326	0.6698582	4.505493
6888	-2431.291	-2507.062	75.77058	0.646036	4.917495
6894	-2431.594	-2508.616	77.02137	0.8435435	4.102777
6900	-2434.241	-2509.867	75.62635	0.7166225	4.958465
6906	-2430.868	-2508.261	77.39321	0.9126588	3.850583
6912	-2443.735	-2519.818	76.08296	0.9701126	4.561715
6918	-2438.053	-2514.398	76.34495	0.8356635	4.490026
6924	-2438.588	-2514.938	76.34977	0.8572942	4.475141
6930	-2442.457	-2518.937	76.4797	0.7701532	4.451044
6936	-2435.154	-2511.732	76.57813	0.6717298	4.451044
6942	-2434.803	-2511.445	76.64216	0.8162712	4.333362
6948	-2428.05	-2505.015	76.96497	0.7886292	4.166091
6954	-2427.723	-2504.727	77.00457	0.931172	4.062421
6960	-2438.13	-2514.7	76.57003	0.7943752	4.386463
6966	-2430.133	-2506.566	76.43222	0.6908721	4.522377
6972	-2424.798	-2501.938	77.14071	0.9000616	4.002475
6978	-2428.445	-2506.375	77.93007	0.9129849	3.539927
6984	-2431.59	-2507.96	76.36926	0.8162561	4.487269
6990	-2438.973	-2514.815	75.84128	0.786685	4.799695
6996	-2426.687	-2503.667	76.98081	0.9011266	4.093084
7002	-2429.143	-2505.952	76.80914	0.8086544	4.24316
7008	-2426.095	-2502.307	76.21181	0.7335037	4.622178
7014	-2426.682	-2503.06	76.37791	0.8728426	4.450537
7020	-2433.497	-2509.721	76.22458	0.8739422	4.536188
7026	-2437.784	-2513.977	76.19231	0.9062061	4.536188
7032	-2447.248	-2523.697	76.44835	0.8926456	4.39967
7038	-2438.245	-2513.635	75.3903	0.7094834	5.093493
7044	-2432.283	-2509.561	77.27745	0.6861889	4.046513
7050	-2447.461	-2523.619	76.15793	0.7372036	4.650303
7056	-2434.884	-2510.217	75.33326	0.7999367	5.074963
7062	-2440.316	-2515.62	75.30398	0.7152565	5.138129
7068	-2437.224	-2512.8	75.5761	0.8688255	4.901735
7074	-2435.086	-2511.981	76.89508	0.9220828	4.129954
7080	-2435.892	-2513.223	77.33179	0.8188371	3.939634
7086	-2437.242	-2513.593	76.3509	0.7787879	4.518669
7092	-2439.89	-2516.543	76.65335	0.8615795	4.301408
7098	-2441.304	-2518.204	76.90011	0.743243	4.228669
7104	-2438.352	-2515.753	77.40151	0.888555	3.859661
7110	-2442.139	-2519.399	77.2597	0.9235462	3.92095
7116	-2434.778	-2511.728	76.95056	0.7003712	4.224374
7122	-2436.036	-2513.06	77.02396	0.7711349	4.142509
7128	-2438.958	-2515.419	76.46163	0.884438	4.396809
7134	-2435.622	-2513.113	77.49119	0.8248251	3.844752
7140	-2432.554	-2508.746	76.19159	0.9193285	4.529221
7146	-2426.202	-2502.821	76.61966	0.8772243	4.31162
7152	-2432.491	-2508.84	76.34885	0.8630023	4.472447
7158	-2428.963	-2505.566	76.60312	0.7654359	4.38412
7164	-2429.317	-2505.919	76.60158	0.7400952	4.399285
7170	-2428.214	-2504.833	76.61827	0.8404347	4.333208
7176	-2431.813	-2508.392	76.57977	0.7799723	4.389096
7182	-2430.06	-2506.741	76.68102	0.9028534	4.262382
7188	-2425.701	-2502.615	76.91361	0.9082287	4.127295
7194	-2433.199	-2511.611	78.41235	0.9635094	3.227293
7200	-2428.795	-2504.942	76.14633	0.8747796	4.579658
7206	-2427.435	-2504.994	77.55891	0.7768506	3.833401
7212	-2429.067	-2506.254	77.18629	0.8794817	3.988187
7218	-2431.467	-2508.091	76.62406	0.6626845	4.430259
7224	-2431.787	-2508.523	76.73599	0.8133315	4.281945
7230	-2433.047	-2510.505	77.45807	0.8092296	3.872733
7236	-2425.344	-2501.508	76.16367	0.8424842	4.588054
7242	-2428.521	-2505.517	76.99542	0.8652099	4.105217
7248	-2432.959	-2510.112	77.1526	1.014534	3.930176
7254	-2426.176	-2503.345	77.16935	0.9640006	3.949527
7260	-2426.798	-2503.045	76.24677	0.7765487	4.57842
7266	-2437.018	-2513.389	76.3704	0.6677652	4.570086
7272	-2435.776	-2511.511	75.73509	0.8048775	4.848781
7278	-2437.356	-2513.376	76.02026	0.6674796	4.766318
7284	-2438.537	-2515.969	77.43211	0.8068245	3.889014
7290	-2439.618	-2516.928	77.30937	0.8533032	3.932734
7296	-2434.982	-2512.84	77.85786	0.8560225	3.615009
7302	-2434.237	-2509.789	75.55189	0.7368429	4.988618
7308	-2428.615	-2505.572	76.95708	0.7527491	4.190952
7314	-2426.271	-2502.628	76.35673	0.7635947	4.52393
7320	-2425.765	-2501.481	75.71551	0.8688906	4.824005
7326	-2429.992	-2507.444	77.45214	0.8662487	3.843386
7332	-2427.589	-2504.335	76.74628	0.8958782	4.229349
7338	-2432.665	-2508.529	75.8632	0.8340972	4.760983
7344	-2433.433	-2508.552	75.1186	0.8141063	5.186034
7350	-2430.141	-2506.734	76.59332	0.5539422	4.508788
7356	-2435.652	-2511.97	76.31766	0.8296033	4.508788
7362	-2432.844	-2510.095	77.25124	0.843893	3.971395
7368	-2433.612	-2510.574	76.96144	0.7991558	4.162117
7374	-2432.273	-2508.687	76.41426	0.7729078	4.486337
7380	-2427.378	-2503.555	76.17711	0.8485943	4.577082
7386	-2429.5	-2506.331	76.83018	0.9527529	4.149422
7392	-2432.324	-2508.451	76.12722	0.9527529	4.546606
7398	-2444.194	-2519.335	75.14122	0.8769853	5.138701
7404	-2439.074	-2516.918	77.84346	1.202622	3.421383
7410	-2430.365	-2508.124	77.75893	0.9821844	3.599204
7416	-2425.817	-2502.399	76.58236	0.7781979	4.388631
7422	-2439.015	-2516.151	77.13672	0.8904496	4.010243
7428	-2436.988	-2512.857	75.86949	0.7241533	4.818847
7434	-2431.603	-2508.022	76.41847	0.9515587	4.383286
7440	-2429.715	-2506.485	76.77029	0.7719375	4.285961
7446	-2431.754	-2507.256	75.50285	0.6756037	5.049854
7452	-2432.376	-2508.057	75.68089	0.73884	4.915762
7458	-2433.865	-2509.863	75.99811	0.7453489	4.735183
7464	-2428.132	-2504.201	76.0688	0.783101	4.674516
7470	-2434.913	-2512.542	77.62989	0.9793899	3.675627
7476	-2431.593	-2508.571	76.97764	0.8892825	4.101634
7482	-2430.398	-2506.162	75.7643	0.7929005	4.839173
7488	-2433.213	-2508.788	75.57457	0.7946596	4.943863
7494	-2438.543	-2514.976	76.43311	0.8149223	4.452074
7500	-2441.377	-2517.213	75.83622	0.6786367	4.862782
7506	-2442.391	-2519.73	77.33901	0.7732274	3.96161
7512	-2439.123	-2515.004	75.88152	0.7680072	4.78766
7518	-2436.162	-2512.457	76.29463	0.6515173	4.621711
7524	-2440.533	-2517.763	77.23017	0.7299796	4.048501
7530	-2428.359	-2505.615	77.25517	0.707086	4.047298
7536	-2429.383	-2506.384	77.00082	0.9395168	4.059802
7542	-2422.067	-2498.785	76.71802	0.7601478	4.322205
7548	-2426.458	-2503.234	76.77543	0.7647079	4.287145
7554	-2436.097	-2511.99	75.89252	0.6741042	4.833922
7560	-2437.86	-2515.464	77.60394	1.008465	3.673815
7566	-2437.189	-2515.39	78.20108	0.900468	3.388878
7572	-2428.57	-2505.588	77.01783	0.7702885	4.146472
7578	-2432.378	-2509.185	76.80673	0.9050112	4.18987
7584	-2428.528	-2503.89	75.36209	0.6326906	5.151674
7590	-2438.498	-2516.352	77.85448	0.9387417	3.568927
7596	-2431.363	-2509.261	77.89761	0.9494286	3.53761
7602	-2429.861	-2507.681	77.81999	0.935296	3.590973
7608	-2436.381	-2513.921	77.54073	0.8651342	3.793057
7614	-2433.08	-2510.34	77.26034	0.9412087	3.910457
7620	-2433.437	-2509.062	75.62517	0.8476368	4.886209
7626	-2432.268	-2508.447	76.17848	0.9793768	4.50283
7632	-2433.005	-2508.782	75.77714	0.6923824	4.888038
7638	-2433.187	-2509.173	75.98605	0.653841	4.793039
7644	-2433.472	-2509.794	76.32216	0.8880141	4.473389
7650	-2434.297	-2511.113	76.81549	0.7756041	4.258288
7656	-2436.047	-2512.633	76.5862	0.7801605	4.385357
7662	-2440.984	-2518.911	77.92761	0.8573505	3.573725
7668	-2438.541	-2516.293	77.75165	0.8640201	3.671927
7674	-2437.169	-2514.072	76.90361	0.8818994	4.147957
7680	-2433.414	-2510.584	77.17024	0.9720537	3.944408
7686	-2444.589	-2522.008	77.41879	0.7235027	3.944408
7692	-2437.681	-2513.028	75.3475	0.7476168	5.096083
7698	-2440.366	-2515.316	74.94994	0.7076461	5.33804
7704	-2440.057	-2515.009	74.95141	0.7061798	5.33804
7710	-2430.104	-2507.618	77.51426	0.8867575	3.795851
7716	-2422.719	-2499.341	76.62255	0.7863607	4.361336
7722	-2427.343	-2503.87	76.52717	0.7286507	4.447684
7728	-2426.822	-2503.636	76.81474	0.848724	4.217266
7734	-2432.058	-2507.413	75.35568	0.6456757	5.148032
7740	-2433.293	-2510.485	77.19168	0.7203172	4.075957
7746	-2439.413	-2516.777	77.36441	0.9586398	3.840704
7752	-2438.231	-2516.192	77.96101	1.001912	3.470026
7758	-2438.166	-2514.858	76.69197	0.7532699	4.340816
7764	-2432.907	-2509.175	76.26779	0.6859593	4.617448
7770	-2435.43	-2511.964	76.53422	0.8669802	4.365691
7776	-2434.536	-2511.862	77.32612	0.9080496	3.89175
7782	-2434.524	-2511.994	77.47052	0.8913057	3.818409
7788	-2433.787	-2510.291	76.50415	0.6333609	4.514272
7794	-2431.794	-2507.492	75.69859	0.6506196	4.954998
7800	-2438.594	-2516.56	77.96579	1.165092	3.371665
7806	-2437.245	-2515.401	78.1557	1.161878	3.261747
7812	-2453.569	-2530.659	77.09042	0.8664141	4.050392
7818	-2449.671	-2525.298	75.6274	0.6428516	4.998884
7824	-2445.856	-2523.224	77.36775	0.8630612	3.893673
7830	-2436.216	-2514.752	78.53644	1.036868	3.110071
7836	-2435.348	-2512.457	77.10888	0.8267841	4.062464
7842	-2430.731	-2507.518	76.78778	0.7049771	4.313954
7848	-2426.282	-2503.847	77.56467	0.8832022	3.768851
7854	-2429.636	-2506.419	76.78304	0.9030612	4.204421
7860	-2433.197	-2509.734	76.53704	0.8759151	4.359055
7866	-2439.5	-2517.131	77.63116	0.922215	3.707956
7872	-2430.013	-2505.876	75.86288	0.7992478	4.780626
7878	-2424.369	-2501.188	76.81899	0.8214038	4.230349
7884	-2426.793	-2503.8	77.00712	0.79215	4.140134
7890	-2436.398	-2513.378	76.98065	1.01385	4.0289
7896	-2437.691	-2514.246	76.55502	0.901562	4.334403
7902	-2439.76	-2517.145	77.38532	0.7727719	3.935359
7908	-2439.514	-2517.112	77.59836	0.9702702	3.699139
7914	-2431.545	-2508.542	76.9972	0.8273943	4.125726
7920	-2432.68	-2509.548	76.86788	0.837152	4.193679
7926	-2434.909	-2511.368	76.45887	0.8321082	4.427876
7932	-2431.238	-2507.9	76.66196	0.7538367	4.357449
7938	-2425.026	-2501.569	76.54273	0.7298195	4.43826
7944	-2428.371	-2505.074	76.70293	0.8112455	4.301834
7950	-2437.071	-2513.839	76.76814	0.7711693	4.287617
7956	-2439.307	-2515.337	76.03003	0.7798891	4.698015
7962	-2429.051	-2506.094	77.04262	0.959929	4.024304
7968	-2434.35	-2511.614	77.26353	0.8956103	3.934757
7974	-2428.658	-2504.489	75.83063	0.741594	4.830799
7980	-2428.476	-2504.87	76.39349	0.7809968	4.493476
7986	-2420.143	-2497.016	76.87289	0.7804484	4.223008
7992	-2417.329	-2494.365	77.0356	0.8717232	4.07862
7998	-2424.531	-2501.773	77.24254	0.9134223	3.936581
8004	-2420.681	-2496.892	76.21081	0.7388567	4.619741
8010	-2422.227	-2499.055	76.82829	0.8588037	4.203857
8016	-2431.698	-2509.053	77.35504	0.8701218	3.896918
8022	-2430.632	-2508.477	77.84442	0.897947	3.598474
8028	-2429.87	-2507.743	77.8722	0.9498071	3.552183
8034	-2427.997	-2505.658	77.66069	0.9035489	3.701676
8040	-2426.805	-2504.631	77.8258	0.9477431	3.580364
8046	-2434.456	-2511.652	77.19538	0.8673401	3.989929
8052	-2438.051	-2516.112	78.06169	1.025682	3.397193
8058	-2438.307	-2516.14	77.83297	1.143069	3.462356
8064	-2435.938	-2511.396	75.45744	0.7635345	5.026254
8070	-2424.697	-2500.947	76.24908	0.7070756	4.6161
8076	-2427.344	-2503.535	76.1919	0.7699361	4.612914
8082	-2429.504	-2505.629	76.1247	0.8721287	4.59329
8088	-2431.898	-2508.525	76.62646	0.7430437	4.383583
8094	-2441.015	-2518.188	77.17291	0.8847592	3.992819
8100	-2426.931	-2503.296	76.36445	0.8485526	4.471795
8106	-2427.383	-2503.728	76.3447	0.8375757	4.48909
8112	-2434.235	-2510.422	76.18675	0.8512707	4.570165
8118	-2431.336	-2508.183	76.84754	0.9157597	4.160583
8124	-2422.534	-2498.935	76.40121	0.8219252	4.466093
8130	-2425.261	-2501.774	76.51242	0.8047073	4.413134
8136	-2423.533	-2499.768	76.23496	0.8126317	4.564795
8142	-2432.762	-2509.224	76.46123	0.58636	4.564795
8148	-2429.067	-2506.273	77.20628	0.8479678	3.994774
8154	-2427.214	-2502.976	75.76216	0.7212234	4.880318
8160	-2422.316	-2499.671	77.35464	0.8941698	3.883346
8166	-2423.356	-2500.858	77.50213	0.9011895	3.794525
8172	-2424.835	-2501.089	76.25418	0.7765675	4.574248
8178	-2428.549	-2504.093	75.54434	0.7247593	4.999527
8184	-2420.263	-2497.159	76.89587	0.8841466	4.151078
8190	-2429.41	-2504.432	75.0226	0.7518026	5.273552
8196	-2433.73	-2509.16	75.42994	0.6519539	5.10341
8202	-2429.607	-2506.337	76.72931	0.8258403	4.278645
8208	-2435.771	-2513.997	78.22606	1.057081	3.282072
8214	-2438.835	-2514.965	76.1303	0.8333062	4.611922
8220	-2429.854	-2506.012	76.15779	0.6643733	4.69116
8226	-2429.953	-2506.676	76.72227	0.7176051	4.343848
8232	-2434.5	-2511.472	76.97181	0.6698367	4.229639
8238	-2427.37	-2503.921	76.55098	0.6777301	4.462951
8244	-2431.403	-2507.845	76.44207	0.8517115	4.426296
8250	-2432.791	-2509.137	76.34654	0.7067017	4.561621
8256	-2433.306	-2510.654	77.34746	0.9130999	3.876601
8262	-2440.302	-2517.385	77.08305	0.8103967	4.08653
8268	-2430.176	-2506.943	76.7664	0.853802	4.241793
8274	-2440.697	-2518.096	77.39812	0.9437723	3.829875
8280	-2430.805	-2507.638	76.83277	0.9074439	4.173697
8286	-2433.813	-2511.653	77.84085	1.119646	3.471442
8292	-2432.537	-2509.812	77.2742	0.8796186	3.937809
8298	-2435.522	-2512.838	77.31633	0.8120197	3.952386
8304	-2424.808	-2502.063	77.25529	0.8730664	3.952386
8310	-2431.505	-2507.268	75.76297	0.6712897	4.907672
8316	-2432.641	-2508.602	75.96054	0.8000964	4.72558
8322	-2438.587	-2515.505	76.91827	0.6885699	4.249367
8328	-2433.322	-2510.215	76.89248	0.7858519	4.208827
8334	-2433.887	-2510.398	76.51094	0.8662433	4.379249
8340	-2432.824	-2509.269	76.44507	0.7980231	4.454855
8346	-2430.721	-2507.337	76.6154	0.7251213	4.399937
8352	-2433.834	-2510.528	76.69383	0.7959473	4.31564
8358	-2431.043	-2508.093	77.05045	0.9216431	4.041689
8364	-2442.613	-2518.522	75.90842	0.8244015	4.741131
8370	-2437.085	-2513.21	76.12536	0.9306327	4.560076
8376	-2440.878	-2518.078	77.20047	0.9111314	3.961976
8382	-2434.755	-2511.813	77.05785	0.8766324	4.06314
8388	-2435.215	-2511.718	76.50287	0.9252812	4.350471
8394	-2432.652	-2510.223	77.57051	0.8853715	3.764233
8400	-2433.254	-2511.44	78.18583	0.9711405	3.356347
8406	-2435.324	-2512.679	77.35506	0.848202	3.909475
8412	-2430.412	-2507.111	76.69854	0.6827824	4.376912
8418	-2429.908	-2507.841	77.93321	0.7891354	3.6101
8424	-2427.542	-2503.457	75.91513	0.8424577	4.727282
8430	-2432.794	-2508.95	76.15625	0.601342	4.727282
8436	-2437.939	-2513.294	75.35521	0.7221096	5.105945
8442	-2428.393	-2505.569	77.17577	0.8998753	3.982543
8448	-2435.581	-2511.316	75.73506	0.7727249	4.866724
8454	-2430.089	-2506.136	76.04732	0.9067926	4.617245
8460	-2430.77	-2507.096	76.32605	0.669687	4.593901
8466	-2432.613	-2508.439	75.82626	0.7149068	4.848116
8472	-2432.213	-2509.309	77.09641	0.7619944	4.106485
8478	-2431.881	-2507.912	76.03111	0.7104057	4.736268
8484	-2427.53	-2504.043	76.51334	0.7680328	4.433286
8490	-2427.102	-2503.716	76.61398	0.8379666	4.337024
8496	-2429.864	-2505.337	75.47291	0.6613418	5.074381
8502	-2432.18	-2507.975	75.7949	0.9605578	4.728475
8508	-2436.269	-2514.814	78.54455	1.148896	3.038333
8514	-2453.445	-2528.866	75.42135	0.708702	5.076712
8520	-2441.171	-2517.551	76.37992	0.8077571	4.486052
8526	-2435.965	-2512.251	76.28595	0.878176	4.4993
8532	-2438.576	-2515.86	77.2839	0.8030758	3.976064
8538	-2431.726	-2507.787	76.06144	0.7689288	4.68657
8544	-2429.68	-2506.287	76.60692	0.8017855	4.361452
8550	-2424.35	-2501.307	76.95639	0.8404465	4.141517
8556	-2430.726	-2508.476	77.75069	0.955588	3.619421
8562	-2426.822	-2502.899	76.0774	0.7411998	4.693156
8568	-2433.893	-2510.74	76.84711	0.7864249	4.234239
8574	-2431.671	-2508.813	77.14202	0.875182	4.015941
8580	-2430.977	-2507.18	76.20256	0.8249703	4.576057
8586	-2432.078	-2508.3	76.22149	0.7688768	4.596913
8592	-2428.436	-2505.457	77.02066	0.8497769	4.099633
8598	-2428.378	-2505.459	77.08161	0.907876	4.031765
