Iteration	Posterior	Likelihood	Prior	rate_log_sd	tree_length
0	-2428.666	-2505.278	76.61146	0.8935961	4.306995
6	-2434.393	-2512.099	77.70671	0.9434484	3.651955
12	-2430.683	-2508.934	78.25046	1.031243	3.282916
18	-2431.347	-2509.047	77.69992	1.051967	3.592948
24	-2431.247	-2509.051	77.80408	0.9478053	3.592948
30	-2438.529	-2514.892	76.36264	0.8705517	4.460431
36	-2434.946	-2511.276	76.33023	0.9029607	4.460431
42	-2436.785	-2514.737	77.95189	0.8809347	3.545883
48	-2438.743	-2514.755	76.01218	0.8844096	4.649488
54	-2440.564	-2517.849	77.28556	0.7582732	4.000723
60	-2430.642	-2506.244	75.60254	0.7582732	4.948546
66	-2434.87	-2511.494	76.62389	0.7164693	4.400028
72	-2434.108	-2510.578	76.46982	0.8912552	4.388343
78	-2441.428	-2517.887	76.4591	0.8350239	4.426102
84	-2440.159	-2517.495	77.33658	0.9030234	3.888628
90	-2425.02	-2500.823	75.8029	0.7540656	4.839304
96	-2425.425	-2501.968	76.54369	0.9514975	4.312575
102	-2424.385	-2501.098	76.71264	0.6664177	4.378193
108	-2421.087	-2498.532	77.44564	0.9029086	3.826045
114	-2423.774	-2500.45	76.67652	0.8051416	4.320225
120	-2429.879	-2506.162	76.28295	0.7042557	4.598685
126	-2435.847	-2510.793	74.94619	0.7343439	5.325377
132	-2429.601	-2505.185	75.58438	0.6139204	5.038841
138	-2429.014	-2504.366	75.35123	0.8470666	5.038841
144	-2439.487	-2515.678	76.19095	1.02456	4.470385
150	-2443.098	-2519.513	76.4154	0.8001141	4.470385
156	-2432.078	-2508.921	76.84354	0.7851253	4.236998
162	-2431.946	-2509.468	77.52201	0.9384277	3.76161
168	-2432.386	-2508.893	76.50711	0.830036	4.401844
174	-2442.265	-2518.45	76.18479	0.8459439	4.574257
180	-2431.524	-2507.608	76.08433	0.8381665	4.63497
186	-2430.793	-2507.898	77.10491	0.8035527	4.077973
192	-2432.577	-2508.127	75.55054	0.7944496	4.957345
198	-2432.013	-2507.973	75.96011	0.8439821	4.701274
204	-2446.414	-2523.229	76.8154	0.7736254	4.259463
210	-2440.034	-2515.718	75.68331	0.8147087	4.872161
216	-2434.395	-2510.546	76.15125	0.8650261	4.582373
222	-2437.28	-2514.154	76.87323	0.8806679	4.165922
228	-2425.461	-2502.24	76.77867	0.9482816	4.181229
234	-2430.405	-2506.308	75.90387	0.6934764	4.816786
240	-2431.964	-2509.138	77.17414	0.9361772	3.962709
246	-2432.177	-2510.494	78.3173	1.170621	3.160868
252	-2431.842	-2509.042	77.20027	0.949842	3.939928
258	-2436.943	-2514.251	77.30816	1.097087	3.793415
264	-2442.079	-2518.312	76.233	0.7739747	4.587593
270	-2440.796	-2516.877	76.0811	0.8176775	4.648259
276	-2436.872	-2513.476	76.60387	0.8654706	4.327194
282	-2431.239	-2508.169	76.92937	0.850105	4.151385
288	-2429.768	-2505.994	76.22618	0.7091184	4.627793
294	-2429.484	-2506.055	76.57069	0.8409082	4.35982
300	-2430.709	-2507.901	77.19199	0.9289105	3.95665
306	-2429.504	-2506.646	77.14207	0.7728931	4.074265
312	-2429.012	-2506.342	77.3306	0.9539565	3.862824
318	-2422.891	-2500.759	77.86762	0.9373494	3.562091
324	-2429.145	-2506.323	77.17781	0.809245	4.033148
330	-2428.566	-2505.755	77.18971	0.7973492	4.033148
336	-2426.443	-2503.501	77.05786	0.9291976	4.033148
342	-2437.671	-2515.195	77.52394	0.8145272	3.831844
348	-2447.457	-2522.868	75.41079	0.7676365	5.049869
354	-2427.571	-2503.509	75.93797	0.7434522	4.769848
360	-2422.606	-2499.723	77.11721	0.7085477	4.125064
366	-2423.808	-2501.198	77.38957	0.8833568	3.869503
372	-2430.14	-2506.193	76.05375	0.6749507	4.743432
378	-2424.972	-2501.532	76.56025	0.7737544	4.403615
384	-2421.264	-2497.246	75.98241	0.7448264	4.744253
390	-2431.304	-2507.69	76.38687	0.6549478	4.568035
396	-2427.9	-2504.632	76.73135	0.6197336	4.393977
402	-2430.927	-2506.822	75.89452	0.5662727	4.892902
408	-2425.744	-2502.288	76.54445	0.6137972	4.50261
414	-2431.513	-2507.374	75.86161	0.8387628	4.759262
420	-2430.149	-2507.508	77.3595	0.9148711	3.868674
426	-2441.244	-2518.879	77.6351	0.7441479	3.808383
432	-2435.277	-2510.838	75.56148	0.8191207	4.937537
438	-2437.711	-2514.116	76.40448	0.7740569	4.491196
444	-2429.824	-2505.571	75.74711	0.8544467	4.814437
450	-2433.927	-2510.632	76.70494	0.7754796	4.320928
456	-2425.6	-2501.396	75.79584	0.6503553	4.901028
462	-2427.057	-2503.448	76.39169	0.7168491	4.530558
468	-2426.052	-2502.41	76.35837	0.8960742	4.448462
474	-2424.892	-2500.704	75.81221	0.855949	4.777255
480	-2439.849	-2517.434	77.58495	1.011464	3.683067
486	-2446.96	-2524.491	77.53067	0.9211566	3.766575
492	-2442.466	-2518.818	76.35182	1.021417	4.381475
498	-2438.548	-2514.708	76.15939	0.7437842	4.645796
504	-2434.205	-2510.739	76.53418	0.8088314	4.398535
510	-2427.938	-2503.8	75.86148	0.8097802	4.775524
516	-2435.377	-2511.181	75.80385	0.9677592	4.719443
522	-2429.425	-2505.865	76.44017	0.7838774	4.465578
528	-2428.118	-2505.22	77.10184	0.8455706	4.055766
534	-2428.332	-2506.34	78.00803	1.098645	3.385869
540	-2431.133	-2508.838	77.70487	0.9921035	3.624821
546	-2439.276	-2516.784	77.50787	0.9886483	3.740794
552	-2432.977	-2510.979	78.00236	0.8818305	3.515965
558	-2435.571	-2514.449	78.87792	1.006619	2.92353
564	-2434.193	-2511.239	77.04582	0.8162467	4.104402
570	-2431.943	-2508.585	76.64258	0.8435495	4.3177
576	-2429.054	-2505.866	76.81202	0.7137698	4.295263
582	-2430.299	-2507.569	77.27021	0.9878156	3.87806
588	-2428.78	-2506.206	77.42529	0.761992	3.918635
594	-2429.637	-2506.686	77.04914	1.054761	3.966381
600	-2430.043	-2507.476	77.43353	1.047107	3.749959
606	-2435.484	-2513.275	77.79106	0.9389926	3.605626
612	-2436.109	-2512.853	76.74466	0.8524216	4.254897
618	-2431.415	-2507.38	75.96507	0.7775455	4.735658
624	-2439.193	-2516.235	77.04133	1.025364	3.987656
630	-2431.55	-2508.524	76.97329	0.8713945	4.114292
636	-2433.444	-2510.77	77.32618	0.6729627	4.02625
642	-2429.869	-2505.411	75.54151	0.6602625	5.036917
648	-2425.726	-2501.298	75.57163	0.6301372	5.036917
654	-2426.421	-2502.009	75.5881	0.936202	4.857516
660	-2427.567	-2505.193	77.62527	0.825274	3.767315
666	-2434.36	-2510.394	76.03407	0.8264022	4.669719
672	-2434.691	-2510.003	75.31182	0.78402	5.09568
678	-2436.153	-2513.082	76.92907	0.9348711	4.103335
684	-2432.905	-2508.808	75.90298	0.7828125	4.767407
690	-2439.754	-2515.706	75.95144	0.5991813	4.842843
696	-2426.998	-2503.97	76.97186	0.8381119	4.134045
702	-2423.177	-2499.838	76.66089	0.7943273	4.335178
708	-2431.149	-2508.621	77.47217	0.8266473	3.854635
714	-2427.777	-2504.366	76.58907	0.7410397	4.405813
720	-2429.839	-2505.606	75.76747	0.8602195	4.79985
726	-2434.88	-2510.769	75.88913	0.7385605	4.79985
732	-2427.39	-2503.625	76.23449	0.7917304	4.576792
738	-2427.069	-2502.586	75.51644	0.7265731	5.014014
744	-2426.267	-2501.757	75.48994	0.7530791	5.014014
750	-2435.759	-2512.806	77.04673	0.8550437	4.081784
756	-2438.669	-2516.947	78.27821	0.8945029	3.347095
762	-2432.937	-2510.68	77.74259	0.8871283	3.663794
768	-2431.244	-2509.638	78.3947	0.9827212	3.22637
774	-2433.319	-2510.885	77.5657	0.9827212	3.710816
780	-2433.684	-2511.344	77.66032	0.772121	3.777746
786	-2426.16	-2503.114	76.95391	0.7942004	4.16921
792	-2426.924	-2504.368	77.44387	0.7173331	3.933578
798	-2421.967	-2498.204	76.23662	0.7449961	4.60182
804	-2427.792	-2502.749	74.95753	0.7380215	5.317091
810	-2424.227	-2501.218	76.99079	0.8496025	4.116738
816	-2420.28	-2497.546	77.26651	0.9130744	3.923046
822	-2424.853	-2500.477	75.62364	0.814024	4.905779
828	-2422.415	-2498.703	76.28759	0.8207731	4.530654
834	-2426.22	-2503.251	77.03078	0.8207731	4.110384
840	-2429.563	-2505.776	76.21314	0.7766993	4.597208
846	-2439.438	-2516.589	77.15051	0.91544	3.988085
852	-2432.007	-2508.542	76.53547	0.9968725	4.291556
858	-2432.916	-2509.226	76.31002	0.8558881	4.498299
864	-2434.087	-2509.289	75.20204	0.8195774	5.136811
870	-2431.83	-2508.909	77.07963	0.5985011	4.208943
876	-2430.687	-2506.661	75.9737	0.6176349	4.820136
882	-2433.634	-2509.642	76.00732	0.5840208	4.820136
888	-2430.501	-2507.441	76.93984	0.5500996	4.315548
894	-2438.356	-2514.727	76.37127	0.8294995	4.478681
900	-2439.181	-2515.425	76.24448	0.8294995	4.549974
906	-2431.283	-2507.511	76.22724	0.7337896	4.613368
912	-2428.557	-2505.389	76.83256	0.757883	4.258662
918	-2436.323	-2512.772	76.44825	0.96718	4.357656
924	-2432.24	-2509.607	77.36714	0.9192313	3.861784
930	-2430.082	-2506.46	76.3781	0.8105939	4.485481
936	-2434.107	-2509.706	75.59936	0.8076718	4.92283
942	-2426.158	-2502.965	76.80752	0.8262029	4.234134
948	-2425.821	-2501.658	75.83671	0.6552536	4.875538
954	-2424.982	-2500.962	75.98045	0.8914336	4.663326
960	-2428.935	-2505.275	76.3396	0.7561425	4.53775
966	-2436.445	-2512.024	75.57842	0.7132655	4.986977
972	-2436.993	-2513.415	76.42142	0.7736173	4.481909
978	-2433.048	-2509.082	76.03338	0.8493229	4.657264
984	-2433.846	-2510.326	76.48064	0.7039592	4.487782
990	-2432.372	-2508.702	76.3295	0.7251129	4.560854
996	-2432.546	-2509.316	76.77073	0.7758661	4.283488
1002	-2426.839	-2502.384	75.54459	0.6188232	5.058204
1008	-2431.061	-2506.423	75.3625	0.8009117	5.058204
1014	-2428.4	-2504.609	76.209	0.7770298	4.599346
1020	-2426.67	-2504.131	77.46123	0.695915	3.935903
1026	-2428.422	-2504.758	76.33561	0.7866603	4.522838
1032	-2436.395	-2513.203	76.80809	0.8343733	4.229176
1038	-2436.818	-2512.755	75.93719	0.7207688	4.782951
1044	-2432.595	-2508.133	75.53843	0.6622916	5.037496
1050	-2431.404	-2508.603	77.19901	0.8228182	4.013298
1056	-2430.221	-2506.636	76.41477	0.731044	4.509599
1062	-2435.256	-2511.173	75.91734	0.8082654	4.745162
1068	-2439.195	-2516.226	77.03149	0.8163336	4.112508
1074	-2435.275	-2512.041	76.76554	0.85407	4.24213
1080	-2429.071	-2506.165	77.09481	0.8555881	4.054062
1086	-2426.644	-2502.914	76.27065	0.6192046	4.653262
1092	-2429.636	-2505.313	75.67649	0.7195431	4.928949
1098	-2434.456	-2511.412	76.95582	0.8234043	4.15153
1104	-2432.892	-2509.8	76.90787	0.8713532	4.15153
1110	-2429.587	-2506.353	76.76547	0.7388332	4.307422
1116	-2444.372	-2518.783	74.41051	0.8637668	5.549079
1122	-2434.782	-2511.488	76.70567	0.6964272	4.365186
1128	-2431.079	-2506.847	75.76867	0.5933749	4.94786
1134	-2433.407	-2509.599	76.1917	0.6370891	4.687451
1140	-2422.331	-2497.96	75.62948	0.6981696	4.966982
1146	-2417.685	-2494.841	77.15666	0.8454588	4.024551
1152	-2425.083	-2501.747	76.66477	0.9426744	4.249025
1158	-2427.552	-2504.512	76.96015	0.8927151	4.109639
1164	-2421.317	-2497.285	75.96824	0.7599248	4.743732
1170	-2424.255	-2501.182	76.92656	0.7997306	4.181607
1176	-2426.856	-2503.436	76.5803	0.8877252	4.327937
1182	-2427.312	-2503.957	76.64547	0.822555	4.327937
1188	-2431.279	-2507.687	76.40754	0.8096684	4.469429
1194	-2439.268	-2515.161	75.89314	0.8948741	4.710269
1200	-2435.797	-2512.747	76.95019	0.862136	4.132705
1206	-2436.425	-2513.909	77.48421	1.083981	3.699392
1212	-2442.661	-2519.754	77.09257	1.097652	3.916948
1218	-2433.342	-2509.644	76.30176	0.9374129	4.457063
1224	-2434.232	-2512.04	77.80868	1.09541	3.504361
1230	-2431.377	-2508.918	77.54085	0.9093429	3.767513
1236	-2432.357	-2509.284	76.92657	0.9439764	4.099572
1242	-2430.956	-2507.522	76.56639	0.745413	4.416135
1248	-2435.67	-2511.874	76.20484	0.7607891	4.610789
1254	-2446.462	-2522.163	75.70138	0.6025889	4.980151
1260	-2437.768	-2513.313	75.54527	0.7450815	4.987715
1266	-2430.679	-2507.299	76.6201	0.906407	4.294857
1272	-2430.084	-2506.833	76.74917	0.7500792	4.310282
1278	-2435.157	-2511.795	76.63792	0.8613267	4.310282
1284	-2439.717	-2516.211	76.49449	0.8697557	4.386555
1290	-2437.855	-2515.314	77.45894	0.821823	3.865001
1296	-2437.666	-2515.72	78.05334	0.9458096	3.44885
1302	-2434.117	-2511.6	77.48283	0.9618077	3.770718
1308	-2425.111	-2502.658	77.54678	1.000232	3.711636
1314	-2423.245	-2500.355	77.10984	0.8679912	4.038415
1320	-2429.15	-2506.243	77.09305	0.7133144	4.136098
1326	-2429.012	-2505.747	76.73588	0.8919274	4.237483
1332	-2430.492	-2507.958	77.46654	0.8263959	3.858013
1338	-2432.777	-2509.966	77.18957	0.8833019	3.984129
1344	-2430.903	-2507.861	76.9585	0.7045017	4.217525
1350	-2440.922	-2517.924	77.00178	0.8212375	4.126626
1356	-2431.77	-2507.63	75.8599	0.8212375	4.770008
1362	-2433.03	-2509.128	76.09804	0.5650992	4.780062
1368	-2433.76	-2509.675	75.91548	0.7476595	4.780062
1374	-2443.979	-2520.552	76.57345	0.7990233	4.381911
1380	-2441.319	-2516.958	75.6384	0.6914945	4.965735
1386	-2442.469	-2518.039	75.57015	0.8058921	4.940072
1392	-2441.703	-2516.259	74.55627	0.7683519	5.521409
1398	-2428.119	-2505.113	76.99427	1.008631	4.024103
1404	-2431.622	-2509.299	77.67705	0.9812441	3.647241
1410	-2423.845	-2500.468	76.6227	0.7923379	4.357878
1416	-2428.75	-2504.362	75.61189	0.9233613	4.851414
1422	-2419.99	-2497.908	77.91785	0.8520812	3.582464
1428	-2415.522	-2492.448	76.92639	0.7961519	4.183735
1434	-2422.537	-2499.807	77.26981	0.7798211	3.997409
1440	-2429.149	-2506.302	77.15365	0.8215019	4.039942
1446	-2422.741	-2499.242	76.50017	0.6766803	4.492145
1452	-2425.104	-2502.067	76.96255	0.9105251	4.098129
1458	-2431.231	-2508.331	77.09971	0.918446	4.015394
1464	-2431.478	-2507.425	75.94645	0.8495139	4.705823
1470	-2431.725	-2507.798	76.07345	0.7225107	4.705823
1476	-2429.426	-2506.917	77.49166	0.888523	3.807845
1482	-2432.968	-2511.366	78.39755	1.100793	3.154672
1488	-2429.837	-2507.314	77.47708	1.130868	3.676394
1494	-2427.515	-2503.51	75.99523	0.8688169	4.667717
1500	-2434.127	-2511.745	77.61708	0.8845353	3.737849
1506	-2431.751	-2509.186	77.43522	1.014782	3.767623
1512	-2428.501	-2504.873	76.37132	0.9489289	4.411371
1518	-2429.709	-2506.293	76.58408	0.736166	4.411371
1524	-2423.062	-2499.855	76.79294	0.8741466	4.215208
1530	-2426.228	-2502.786	76.55834	0.8659896	4.352628
1536	-2427.115	-2502.979	75.86427	0.7391758	4.813381
1542	-2427.754	-2504.793	77.03853	0.7388229	4.152596
1548	-2424.389	-2500.584	76.19422	0.9054507	4.535542
1554	-2423.76	-2500.13	76.37025	0.7636157	4.516318
1560	-2432.36	-2509.802	77.44143	0.938922	3.807745
1566	-2429.018	-2505.662	76.64455	0.8538453	4.310764
1572	-2440.138	-2517.111	76.97253	0.9457128	4.072401
1578	-2439.276	-2517.465	78.18921	0.9577885	3.362204
1584	-2437.245	-2515.377	78.13259	1.256982	3.219182
1590	-2443.08	-2521.515	78.43555	1.156077	3.099152
1596	-2442.173	-2521.458	79.28492	1.256129	2.521258
1602	-2433.827	-2512.343	78.51632	1.133091	3.064667
1608	-2433.793	-2511.546	77.7526	1.076111	3.548278
1614	-2436.17	-2513.64	77.46938	0.749389	3.900582
1620	-2432.052	-2509.591	77.53918	0.7476189	3.861538
1626	-2437.084	-2514.471	77.3877	0.9583603	3.827475
1632	-2442.047	-2519.556	77.50954	1.084336	3.684535
1638	-2440.537	-2518.324	77.78657	1.113447	3.506739
1644	-2433.689	-2511.641	77.9523	1.172565	3.3752
1650	-2446.145	-2522.71	76.5647	0.8251732	4.372087
1656	-2441.885	-2518.842	76.95622	0.9960466	4.053001
1662	-2437.9	-2514.426	76.5257	0.7557053	4.433267
1668	-2433.373	-2509.001	75.6282	0.7416771	4.943501
1674	-2440.506	-2516.834	76.32807	0.774999	4.533632
1680	-2439.641	-2515.615	75.97381	0.7228058	4.761365
1686	-2430.694	-2508.089	77.39557	0.8115457	3.907263
1692	-2431.369	-2508.563	77.19425	0.7658775	4.048514
1698	-2437.553	-2514.822	77.26866	0.840661	3.963278
1704	-2434.609	-2511.806	77.19682	1.023147	3.899894
1710	-2433.475	-2509.788	76.31369	0.7742128	4.542154
1716	-2421.053	-2498.169	77.11619	0.8912972	4.021488
1722	-2422.047	-2499.272	77.22554	0.9385805	3.931908
1728	-2425.124	-2501.391	76.26729	0.8356943	4.53368
1734	-2430.219	-2507.051	76.8313	1.027408	4.106315
1740	-2434.238	-2510.604	76.36526	0.8200287	4.487396
1746	-2435.903	-2511.619	75.71612	0.8601002	4.828567
1752	-2429.561	-2506.014	76.45322	0.7640743	4.469382
1758	-2431.846	-2508.298	76.45203	0.8512506	4.42094
1764	-2438.811	-2515.287	76.47541	0.9761975	4.337218
1770	-2440.865	-2518.695	77.83032	0.9675084	3.566244
1776	-2439.332	-2515.067	75.73533	0.7555841	4.876123
1782	-2433.362	-2509.646	76.28358	0.8432912	4.520254
1788	-2432.663	-2510.735	78.07165	0.8037394	3.521095
1794	-2429.178	-2506.878	77.70047	0.8311518	3.720524
1800	-2440.766	-2517.14	76.37364	0.9775756	4.393902
1806	-2434.89	-2511.455	76.56569	0.7855292	4.393902
1812	-2444.726	-2520.122	75.3955	0.8185388	5.030105
1818	-2441.717	-2517.919	76.20194	0.6099974	4.696885
1824	-2432.94	-2509.1	76.15965	0.6522879	4.696885
1830	-2431.155	-2506.712	75.55691	0.7070888	5.002357
1836	-2436.572	-2512.191	75.61856	0.6454409	5.002357
1842	-2439.026	-2516.305	77.27941	1.036799	3.844638
1848	-2442.888	-2519.193	76.30518	0.9737058	4.434691
1854	-2438.793	-2514.92	76.12685	1.012613	4.513173
1860	-2450.419	-2527.432	77.01344	0.8434555	4.107344
1866	-2427.64	-2504.64	76.99954	0.9239777	4.069389
1872	-2428.727	-2505.527	76.80062	0.7404007	4.286646
1878	-2426.556	-2503.454	76.89813	0.8724706	4.156433
1884	-2429.288	-2506.101	76.81278	0.8543955	4.215158
1890	-2433.955	-2511.607	77.65192	0.9465089	3.681906
1896	-2434.973	-2511.569	76.59585	1.043948	4.230685
1902	-2438.097	-2514.736	76.63896	0.8827805	4.297556
1908	-2433.782	-2510.48	76.69794	0.7873949	4.318147
1914	-2434.744	-2511.769	77.02437	0.5715684	4.255547
1920	-2432.896	-2510.458	77.56131	0.9346991	3.741087
1926	-2431.843	-2510.293	78.44979	0.8460702	3.274567
1932	-2430.232	-2508.665	78.43382	1.061528	3.156456
1938	-2428.374	-2506.704	78.33013	1.143054	3.169616
1944	-2430.389	-2507.863	77.47425	0.9065638	3.807483
1950	-2435.1	-2512.401	77.30127	0.8766079	3.924024
1956	-2424.538	-2501.886	77.34773	0.9578648	3.850737
1962	-2418.267	-2494.716	76.4487	0.8096394	4.446266
1968	-2426.87	-2503.513	76.64323	0.8371288	4.320963
1974	-2431.066	-2508.795	77.72931	0.9610234	3.628672
1980	-2436.458	-2512.764	76.3065	0.6869584	4.595176
1986	-2433.058	-2507.994	74.93597	0.7492974	5.322766
1992	-2431.086	-2508.366	77.27946	0.8742064	3.937893
1998	-2431.552	-2508.854	77.30162	0.8520472	3.937893
2004	-2425.65	-2502.394	76.74449	0.8185949	4.274152
2010	-2430.367	-2507.091	76.72343	0.7168507	4.343619
2016	-2435.09	-2511.561	76.47138	0.935924	4.362242
2022	-2428.134	-2504.845	76.71082	0.7415531	4.336784
2028	-2434.745	-2510.849	76.10413	0.6453999	4.73179
2034	-2440.572	-2516.593	76.02026	0.8304607	4.675177
2040	-2430.219	-2507.429	77.21047	0.8942119	3.965933
2046	-2427.799	-2505.584	77.78523	0.9991797	3.574046
2052	-2425.2	-2503.151	77.9513	0.9283873	3.518592
2058	-2431.745	-2510.115	78.3707	1.033926	3.210265
2064	-2437.228	-2514.412	77.18444	0.9241082	3.96372
2070	-2438.793	-2515.244	76.4512	0.8040096	4.44803
2076	-2437.11	-2513.751	76.64041	0.8040096	4.341277
2082	-2429.676	-2505.779	76.10331	0.8220971	4.633337
2088	-2435.74	-2512.581	76.84061	0.8345979	4.210602
2094	-2431.916	-2508.337	76.42144	0.9014308	4.409892
2100	-2435.791	-2512.521	76.72951	0.8611812	4.258519
2106	-2436.984	-2514.615	77.63107	0.8990862	3.72137
2112	-2440.055	-2516.488	76.43273	0.8227053	4.447901
2118	-2436.918	-2513.532	76.61351	0.641925	4.447901
2124	-2433.447	-2509.945	76.49755	0.7667335	4.44292
2130	-2435.533	-2512.27	76.73633	0.7667335	4.308123
2136	-2444.822	-2520.238	75.41618	0.8073022	5.024862
2142	-2437.719	-2515.523	77.80388	0.9432244	3.595726
2148	-2434.565	-2511.538	76.97285	0.9456169	4.07227
2154	-2434.247	-2511.405	77.15863	0.8918171	3.996946
2160	-2432.257	-2508.675	76.4175	0.8986083	4.413708
2166	-2441.082	-2517.03	75.94842	0.8299821	4.715644
2172	-2432.016	-2507.622	75.60557	0.8314419	4.906143
2178	-2435.257	-2511.044	75.78678	0.6502309	4.906143
2184	-2429.521	-2505.072	75.55046	0.8224929	4.941792
2190	-2422.456	-2499.425	76.96941	0.8469459	4.130414
2196	-2432.401	-2508.632	76.23174	0.7708038	4.590078
2202	-2429.701	-2507.279	77.57857	0.8225539	3.795787
2208	-2428.756	-2506.214	77.45768	0.9221837	3.80803
2214	-2425.602	-2503.13	77.52702	0.8557814	3.806336
2220	-2423.977	-2500.098	76.1209	0.7899299	4.64151
2226	-2433.736	-2509.319	75.58284	0.5467632	5.076956
2232	-2430.982	-2506.848	75.86598	0.7541095	4.804093
2238	-2441.397	-2518.16	76.76364	0.7249518	4.316309
2244	-2426.499	-2503.489	76.98936	0.791992	4.150319
2250	-2427.654	-2504.025	76.37156	0.6786167	4.563342
2256	-2429.963	-2506.705	76.74145	0.7644344	4.306526
2262	-2434.178	-2510.379	76.20137	0.6002271	4.702671
2268	-2437.843	-2514.94	77.09675	0.6909099	4.146733
2274	-2437.956	-2514.318	76.36268	0.772734	4.515448
2280	-2439.206	-2514.513	75.30715	0.8096328	5.084071
2286	-2432.661	-2509.359	76.69888	0.864147	4.274187
2292	-2438.77	-2514.076	75.30687	0.8228687	5.076881
2298	-2431.987	-2508.266	76.27936	0.7786779	4.558929
2304	-2431.921	-2508.718	76.79798	0.9358862	4.177301
2310	-2433.675	-2511.007	77.33252	0.9681095	3.853593
2316	-2437.25	-2513.952	76.70195	0.8489273	4.281065
2322	-2436.336	-2513.671	77.33529	0.9797799	3.845295
2328	-2433.394	-2511.963	78.56935	0.9858928	3.120832
2334	-2432.488	-2510.251	77.76269	0.9144684	3.636308
2340	-2433.634	-2510.6	76.96513	0.8188242	4.148839
2346	-2425.869	-2502.536	76.66685	0.8708087	4.288546
2352	-2428.083	-2504.716	76.63355	0.8179756	4.337265
2358	-2428.499	-2503.312	74.8122	0.7456535	5.393031
2364	-2429.977	-2506.649	76.67234	0.7982068	4.32651
2370	-2423.67	-2499.86	76.18956	0.770749	4.61377
2376	-2428.204	-2504.05	75.84668	0.7804048	4.800187
2382	-2422.397	-2498.759	76.36199	0.7984952	4.50135
2388	-2427.061	-2502.861	75.79992	0.6895484	4.876927
2394	-2427.386	-2504.634	77.24766	0.9646721	3.904273
2400	-2434.388	-2511.625	77.23718	0.9399877	3.92443
2406	-2426.304	-2501.891	75.58701	0.7512571	4.961083
2412	-2439.644	-2517.046	77.40142	0.8533369	3.879936
2418	-2435.073	-2512.346	77.27339	0.9099598	3.920888
2424	-2433.672	-2510.065	76.39314	0.8439137	4.458257
2430	-2426.648	-2503.217	76.56903	0.7489566	4.412649
2436	-2430.895	-2508.464	77.5691	0.9168302	3.746903
2442	-2432.533	-2509.584	77.05128	1.109822	3.933632
2448	-2435.61	-2512.054	76.44431	0.7479562	4.483466
2454	-2432.421	-2509.045	76.62408	0.8427833	4.328591
2460	-2433.868	-2511.711	77.84307	0.9111824	3.591574
2466	-2431.019	-2508.595	77.57584	0.9856074	3.70329
2472	-2428.387	-2505.14	76.75367	0.7586461	4.302891
2478	-2426.193	-2503.006	76.81314	0.8116872	4.239175
2484	-2426.718	-2503.47	76.75197	0.8728557	4.239175
2490	-2430.595	-2508.334	77.7394	1.120621	3.530051
2496	-2430.696	-2506.771	76.07527	0.8056248	4.658279
2502	-2432.939	-2509.496	76.55683	0.7351995	4.42728
2508	-2432.531	-2508.453	75.9218	0.7009381	4.802614
2514	-2431.602	-2507.707	76.10449	0.8060623	4.641666
2520	-2426.338	-2502.482	76.14422	0.7099974	4.673219
2526	-2428.861	-2505.812	76.95061	0.9437997	4.085979
2532	-2432.123	-2509.186	77.0633	0.8311091	4.085979
2538	-2430.748	-2506.472	75.72462	0.7789646	4.869063
2544	-2440.52	-2517.004	76.48444	0.7767803	4.444645
2550	-2442.708	-2519.512	76.80329	0.9473566	4.167773
2556	-2438.554	-2516.39	77.83694	0.9814683	3.554275
2562	-2441.941	-2520.495	78.55432	1.073652	3.077474
2568	-2443.184	-2521.379	78.19546	1.031323	3.315285
2574	-2447.709	-2525.402	77.69278	1.089302	3.575404
2580	-2435.073	-2512.398	77.32456	0.9608011	3.862365
2586	-2434.112	-2511.154	77.04223	0.8048214	4.112947
2592	-2433.667	-2509.853	76.18521	0.8605426	4.565829
2598	-2441.234	-2516.988	75.7536	0.7336227	4.878176
2604	-2435.241	-2511.747	76.50547	0.7938877	4.423152
2610	-2437.506	-2514.467	76.96161	0.8555481	4.129958
2616	-2440.817	-2516.46	75.64311	0.902588	4.845588
2622	-2433.846	-2510.03	76.1844	0.8317267	4.582457
2628	-2431.087	-2506.812	75.72435	0.7453422	4.887944
2634	-2428.511	-2505.08	76.56899	0.7975302	4.385271
2640	-2420.472	-2498.153	77.68101	0.8534906	3.718863
2646	-2420.118	-2497.335	77.21673	0.7196307	4.062072
2652	-2421.096	-2498.081	76.98552	0.8976995	4.092351
2658	-2433.463	-2511.647	78.18383	1.044106	3.314606
2664	-2426.446	-2503.201	76.75558	0.8116016	4.271837
2670	-2432.739	-2509.485	76.7457	0.821476	4.271837
2676	-2432.567	-2510.221	77.6535	0.8640423	3.728659
2682	-2432.431	-2509.963	77.5322	0.98534	3.728659
2688	-2433.032	-2510.133	77.10126	0.9779982	3.980478
2694	-2430.334	-2508.104	77.77019	0.968059	3.600867
2700	-2433.13	-2509.732	76.60185	0.7478132	4.394782
2706	-2438.441	-2515.453	77.01169	0.8890847	4.082352
2712	-2432.271	-2508.432	76.16116	0.7589902	4.636285
2718	-2430.231	-2506.508	76.2769	0.8644962	4.512084
2724	-2441.123	-2517.167	76.04398	0.8146005	4.670776
2730	-2441.253	-2517.395	76.14286	0.7157206	4.670776
2736	-2438.532	-2512.867	74.33542	0.7279244	5.664871
2742	-2427.901	-2503.178	75.27729	0.629736	5.200245
2748	-2427.459	-2504.269	76.81007	0.7437974	4.279375
2754	-2425.42	-2502.749	77.32872	0.7731506	3.967544
2760	-2426.047	-2502.569	76.52203	0.7782254	4.422647
2766	-2429.952	-2507.939	77.98676	0.9857159	3.464441
2772	-2426.57	-2503.526	76.95621	1.076814	4.006901
2778	-2425.472	-2503.45	77.97837	1.065921	3.422434
2784	-2427.234	-2504.711	77.47632	0.9584516	3.776403
2790	-2431.377	-2508.356	76.97924	0.8426944	4.12724
2796	-2430.841	-2508.689	77.84741	0.832366	3.634794
2802	-2440.584	-2518.444	77.8595	0.8261595	3.631379
2808	-2436.424	-2512.23	75.80609	0.9571925	4.724101
2814	-2431.831	-2509.322	77.49082	0.9058292	3.798364
2820	-2432.531	-2509.437	76.90574	0.7354855	4.229878
2826	-2434.473	-2511.421	76.94849	0.9236932	4.098641
2832	-2438.552	-2515.872	77.31958	0.9270778	3.884584
2838	-2431.535	-2508.601	77.06649	0.7780395	4.114385
2844	-2432.241	-2509.619	77.37863	0.9734395	3.82402
2850	-2436.287	-2513.879	77.5927	0.8088283	3.795554
2856	-2436.663	-2512.15	75.48705	0.7300773	5.02839
2862	-2437.99	-2514.417	76.42783	0.6584793	4.543048
2868	-2437.774	-2514.614	76.84028	0.6959886	4.289338
2874	-2427.105	-2504.411	77.30531	0.7557174	3.990899
2880	-2431.604	-2507.389	75.78488	0.7075231	4.875293
2886	-2433.585	-2509.287	75.70241	0.7974609	4.871132
2892	-2434.367	-2510.714	76.34796	0.7449499	4.539338
2898	-2431.901	-2507.953	76.05191	0.8883311	4.625023
2904	-2441.544	-2517.922	76.37861	0.5752489	4.617388
2910	-2430.034	-2506.142	76.10814	0.648326	4.727915
2916	-2433.262	-2509.02	75.75807	0.64877	4.922934
2922	-2429.487	-2506.618	77.13097	0.883343	4.017588
2928	-2434.747	-2511.451	76.70468	0.9771222	4.206863
2934	-2432.863	-2509.972	77.10983	1.082509	3.915733
2940	-2432.97	-2511.107	78.13647	0.9792785	3.380549
2946	-2433.822	-2512.043	78.22112	1.064025	3.280885
2952	-2434.493	-2511.408	76.91508	0.8675431	4.1496
2958	-2436.165	-2512.08	75.9144	0.8328896	4.733045
2964	-2439.23	-2515.076	75.84643	0.8409025	4.766548
2970	-2437.983	-2514.313	76.32967	0.784343	4.527482
2976	-2444.361	-2519.093	74.73187	0.6438543	5.493305
2982	-2439.172	-2513.824	74.65201	0.6310796	5.544241
2988	-2444.626	-2521.849	77.22219	0.8071907	4.008982
2994	-2437.145	-2513.138	75.99336	0.7435703	4.738834
3000	-2434.639	-2510.42	75.78095	0.620341	4.926022
3006	-2434.681	-2510.696	76.01476	0.6453614	4.781744
3012	-2439.399	-2514.087	74.6874	0.7083017	5.482315
3018	-2436.205	-2512.404	76.19918	0.8202062	4.580628
3024	-2431.653	-2508.795	77.14236	0.8984342	4.002459
3030	-2430.984	-2508.238	77.25488	0.9064324	3.933514
3036	-2431.556	-2507.928	76.37224	0.8863022	4.446151
3042	-2427.418	-2504.312	76.89421	0.8038343	4.197641
3048	-2429.054	-2504.446	75.3921	0.6929035	5.101685
3054	-2430.725	-2507.257	76.53252	0.6929035	4.464805
3060	-2427.406	-2504.25	76.84422	0.8787649	4.183485
3066	-2424.632	-2500.879	76.24696	0.6281178	4.661537
3072	-2421.141	-2497.533	76.39145	0.621023	4.584508
3078	-2421.649	-2498.123	76.47428	0.7575873	4.461177
3084	-2418.79	-2494.744	75.95409	0.6947174	4.788064
3090	-2429.188	-2506.649	77.4607	0.7138755	3.925913
3096	-2427.492	-2504.313	76.82188	0.7372314	4.276406
3102	-2429.717	-2506.23	76.51253	0.6409368	4.505299
3108	-2423.282	-2499.501	76.21921	0.7220945	4.624425
3114	-2430.13	-2507.988	77.8585	1.003782	3.528733
3120	-2432.379	-2510.128	77.74891	1.091293	3.541589
3126	-2438.546	-2516.918	78.37228	1.088805	3.176795
3132	-2430.835	-2508.911	78.07564	1.083854	3.354864
3138	-2437.528	-2514.768	77.24009	0.8223037	3.990117
3144	-2434.978	-2512.037	77.05977	0.8376684	4.084254
3150	-2435.242	-2512.933	77.69168	0.9195749	3.674483
3156	-2433.925	-2511.386	77.46025	0.7524169	3.904083
3162	-2429.1	-2506.532	77.43177	0.9416904	3.811713
3168	-2432.121	-2508.917	76.79633	0.7594942	4.278266
3174	-2421.655	-2498.407	76.75221	0.8036098	4.278266
3180	-2427.254	-2503.166	75.91222	0.8528132	4.723121
3186	-2424.618	-2501.678	77.06077	0.7021297	4.16081
3192	-2431.004	-2507.893	76.88936	0.6640986	4.279607
3198	-2430.637	-2507.049	76.41214	0.9292535	4.399449
3204	-2431.544	-2508.5	76.95576	0.851127	4.1358
3210	-2427.688	-2505.419	77.73083	0.9651209	3.625412
3216	-2431.535	-2507.508	75.97307	0.9802988	4.617664
3222	-2434.75	-2511.678	76.92858	0.8564996	4.1482
3228	-2432.193	-2508.965	76.77222	0.8821451	4.222423
3234	-2434.698	-2510.774	76.07579	0.9107368	4.599067
3240	-2428.142	-2505.289	77.1466	0.7767869	4.069466
3246	-2429.492	-2506.674	77.18148	0.7419084	4.069466
3252	-2428.251	-2505.106	76.85479	0.6651281	4.298585
3258	-2431.361	-2508.177	76.81552	0.7416376	4.27751
3264	-2440.789	-2517.87	77.08138	0.8102056	4.087588
3270	-2431.876	-2508.517	76.6418	0.6253488	4.441305
3276	-2434.811	-2512.098	77.28732	0.7898891	3.981645
3282	-2435.147	-2511.431	76.28457	0.7311912	4.582664
3288	-2432.415	-2509.102	76.68665	0.6165702	4.420972
3294	-2432.836	-2509.043	76.20679	0.9059447	4.528201
3300	-2431.656	-2507.081	75.42475	0.6269459	5.120146
3306	-2425.428	-2501.334	75.90539	0.6287562	4.852031
3312	-2432.679	-2509.307	76.62846	0.7348777	4.387063
3318	-2445.139	-2521.897	76.75744	0.8424134	4.253326
3324	-2444.896	-2519.247	74.35072	0.6742818	5.685899
3330	-2439.894	-2515.706	75.81216	0.878211	4.76485
3336	-2436.703	-2513.134	76.43094	0.9405682	4.382454
3342	-2434.155	-2510.673	76.51814	0.8533662	4.382454
3348	-2436.746	-2513.416	76.66974	0.9196846	4.259234
3354	-2433.409	-2509.297	75.88778	0.8004278	4.766058
3360	-2436.836	-2513.92	77.08419	0.8764842	4.048202
3366	-2435.434	-2513.933	78.49905	0.9149353	3.204727
3372	-2428.965	-2507.132	78.16688	0.9738936	3.36586
3378	-2430.632	-2507.852	77.21947	0.8259344	3.999828
3384	-2438.612	-2515.892	77.28036	0.9432633	3.897797
3390	-2441.943	-2518.553	76.60944	0.8545905	4.330194
3396	-2436.283	-2512.359	76.07548	0.7434964	4.692947
3402	-2439.409	-2515.868	76.45901	0.5137975	4.60676
3408	-2430.444	-2506.763	76.31922	0.6535877	4.60676
3414	-2428.237	-2505.035	76.79876	0.8519409	4.224506
3420	-2437.289	-2514.27	76.98181	0.8650321	4.113065
3426	-2436.229	-2512.916	76.68668	0.8583701	4.284364
3432	-2433.453	-2509.933	76.4798	0.6315972	4.528949
3438	-2430.219	-2507.425	77.20637	0.8816968	3.975439
3444	-2430.943	-2506.829	75.88658	0.9303985	4.694064
3450	-2432.924	-2509.786	76.86164	0.8438689	4.193406
3456	-2435.05	-2511.339	76.28923	0.6892914	4.603556
3462	-2428.268	-2505.311	77.04366	0.8747066	4.072328
3468	-2425.704	-2501.751	76.0462	0.8197551	4.666644
3474	-2437.581	-2515.541	77.96075	0.9153934	3.520653
3480	-2436.279	-2512.799	76.51976	0.8694361	4.37247
3486	-2431.948	-2508.48	76.53169	0.8611195	4.370432
3492	-2431.816	-2508.144	76.32744	0.7543316	4.545595
3498	-2435.304	-2511.659	76.35488	0.7268937	4.545595
3504	-2429.41	-2506.775	77.36424	0.9486285	3.846561
3510	-2429.908	-2506.897	76.9892	0.9486285	4.061231
3516	-2429.267	-2506.08	76.81333	0.7545976	4.271412
3522	-2426.484	-2503.537	77.05274	1.020871	3.983704
3528	-2420.705	-2497.895	77.19002	0.8108665	4.025257
3534	-2419.476	-2495.547	76.07142	0.7628474	4.684389
3540	-2427.138	-2503.726	76.58824	0.7137693	4.421658
3546	-2423.601	-2500.289	76.688	0.7844338	4.325444
3552	-2440.099	-2516.634	76.53518	0.6594074	4.482161
3558	-2426.301	-2502.465	76.16382	0.7882363	4.618401
3564	-2431.797	-2508.775	76.97732	0.8143663	4.144447
3570	-2433.733	-2510.442	76.70868	0.9102723	4.242504
3576	-2434.191	-2511.091	76.90006	0.8336689	4.177383
3582	-2435.76	-2511.936	76.17572	0.7317387	4.643394
3588	-2442.615	-2519.481	76.86606	0.9015249	4.158147
3594	-2443.824	-2521.483	77.65839	0.7934085	3.766588
3600	-2442.376	-2519.466	77.09043	0.7919901	4.092807
3606	-2434.302	-2510.821	76.51853	0.8546456	4.381511
3612	-2436.471	-2513.086	76.61536	0.8246215	4.343784
3618	-2444.108	-2520.228	76.12001	0.7601014	4.658717
3624	-2446.917	-2523.523	76.6059	0.890343	4.311978
3630	-2441.177	-2518.592	77.41498	0.8665194	3.864578
3636	-2431.713	-2509.142	77.42862	0.8039216	3.892684
3642	-2425.888	-2502.546	76.6574	0.8039216	4.331728
3648	-2432.466	-2509.451	76.9845	0.7542286	4.174544
3654	-2425.602	-2502.495	76.89291	0.7881263	4.207293
3660	-2436.229	-2512.618	76.38926	0.7726365	4.500554
3666	-2433.747	-2509.983	76.23649	0.7843328	4.579823
3672	-2425.485	-2502.469	76.98449	0.8173648	4.138665
3678	-2427.55	-2503.73	76.17991	0.9093278	4.541405
3684	-2425.233	-2501.778	76.54557	0.7998886	4.397151
3690	-2445.597	-2522.76	77.16262	1.067207	3.894238
3696	-2441.307	-2516.742	75.43464	0.6556854	5.098735
3702	-2427.841	-2505.1	77.25897	0.7879768	3.998943
3708	-2433.681	-2510.875	77.19428	0.76453	4.049265
3714	-2430.593	-2505.787	75.19403	0.8646683	5.116266
3720	-2429.156	-2504.451	75.29446	0.7642361	5.116266
3726	-2429.695	-2506.04	76.34503	0.7626909	4.531015
3732	-2420.55	-2497.117	76.56695	0.8711331	4.344856
3738	-2424.162	-2501.476	77.31364	0.794731	3.963821
3744	-2426.364	-2502.943	76.5792	0.7936537	4.381696
3750	-2423.75	-2500.506	76.75513	0.7679707	4.296788
3756	-2421.971	-2498.603	76.63258	0.8905158	4.296788
3762	-2424.667	-2500.103	75.43562	0.7050621	5.070815
3768	-2425.641	-2500.562	74.92091	0.6706919	5.374428
3774	-2442.674	-2519.712	77.03817	0.9800234	4.015372
3780	-2452.36	-2529.591	77.23126	0.8801975	3.962058
3786	-2442.989	-2518.63	75.64038	0.706642	4.956215
3792	-2438.667	-2515.782	77.11446	0.8512301	4.04534
3798	-2438.946	-2516.751	77.80513	1.131239	3.485527
3804	-2431.915	-2510.399	78.48356	0.980473	3.175048
3810	-2427.456	-2505.93	78.47329	0.9907394	3.175048
3816	-2421.302	-2497.994	76.69266	0.7135056	4.362889
3822	-2426.595	-2503.097	76.50195	0.9042147	4.362889
3828	-2429.322	-2506.785	77.46283	0.6807715	3.943657
3834	-2424.113	-2500.814	76.70158	0.8502614	4.280522
3840	-2427.795	-2504.619	76.82458	0.7146016	4.287685
3846	-2426.699	-2503.005	76.30503	0.6496782	4.616913
3852	-2426.659	-2502.975	76.31612	0.6385873	4.616913
3858	-2428.72	-2505.682	76.96286	0.9424144	4.079786
3864	-2432.94	-2510.647	77.7071	0.8718224	3.693185
3870	-2433.196	-2510.086	76.89048	0.955266	4.11369
3876	-2432.82	-2508.968	76.148	0.7263828	4.661928
3882	-2434.956	-2510.724	75.76805	0.6661266	4.907722
3888	-2431.49	-2508.869	77.37888	0.8350536	3.903355
3894	-2426.529	-2503.178	76.64921	0.7891167	4.344722
3900	-2427.852	-2505.17	77.31769	0.8180184	3.948178
3906	-2423.658	-2500.907	77.24883	0.9502525	3.911869
3912	-2430.722	-2507.243	76.52099	0.7626336	4.432017
3918	-2435.532	-2511.426	75.89369	0.7259008	4.804372
3924	-2436.004	-2511.851	75.84725	0.7476469	4.818149
3930	-2430.546	-2506.698	76.152	0.8129498	4.611167
3936	-2428.14	-2503.712	75.57276	0.7529802	4.968049
3942	-2426.826	-2502.542	75.71581	0.7478527	4.8913
3948	-2426.047	-2501.488	75.44094	0.6789814	5.082327
3954	-2423.079	-2499.372	76.29268	0.6971649	4.597204
3960	-2421.139	-2498.394	77.25512	0.8071656	3.99018
3966	-2425.47	-2502.182	76.71252	0.6808104	4.370137
3972	-2419.959	-2497.369	77.41059	0.8586752	3.871605
3978	-2423.798	-2500.018	76.21959	0.8729881	4.539527
3984	-2422.359	-2498.964	76.60476	0.7745902	4.378026
3990	-2431.761	-2508.869	77.10834	0.7402123	4.112091
3996	-2431.114	-2507.894	76.78002	0.7354356	4.301112
4002	-2429.899	-2506.151	76.25206	0.6917542	4.623021
4008	-2435.926	-2512.175	76.24898	0.694837	4.623021
4014	-2435.663	-2511.708	76.04511	0.6914266	4.739053
4020	-2441.065	-2518.482	77.41632	0.7224369	3.94643
4026	-2438.293	-2513.616	75.32235	0.6188878	5.181314
4032	-2432.931	-2508.985	76.05476	0.8321102	4.654933
4038	-2427.536	-2504.554	77.01794	0.7438241	4.161451
4044	-2431.616	-2507.451	75.83512	0.9361737	4.719623
4050	-2438.303	-2514.975	76.67249	0.8567691	4.293302
4056	-2440.082	-2516.715	76.63277	1.016754	4.22517
4062	-2433.08	-2510.562	77.48183	0.9419114	3.782757
4068	-2434.019	-2513.201	79.18151	1.178706	2.633441
4074	-2437.31	-2513.876	76.56645	1.129662	4.198737
4080	-2444.322	-2520.796	76.47384	0.6800786	4.50504
4086	-2443.34	-2519.529	76.1889	0.9650257	4.50504
4092	-2441.656	-2517.967	76.31066	0.6124074	4.634651
4098	-2434.893	-2510.871	75.97791	0.8196567	4.704924
4104	-2440.441	-2517.428	76.98687	0.7736151	4.162181
4110	-2433.7	-2509.665	75.9645	0.7705813	4.739866
4116	-2434.418	-2510.473	76.05552	0.7128471	4.721256
4122	-2432.646	-2509.305	76.65918	0.8488279	4.305328
4128	-2431.843	-2507.889	76.04652	0.6885785	4.739858
4134	-2431.681	-2508.303	76.62165	0.7775414	4.366827
4140	-2432.893	-2510.611	77.71719	0.6957496	3.788984
4146	-2426.252	-2503.86	77.60788	0.8037179	3.789754
4152	-2425.444	-2502.286	76.84277	0.7944404	4.232154
4158	-2428.711	-2505.387	76.67627	0.6677192	4.39798
4164	-2430.201	-2507.356	77.15573	0.8255577	4.036441
4170	-2428.476	-2505.318	76.84175	0.7973462	4.231084
4176	-2439.952	-2515.65	75.69762	0.8980956	4.817693
4182	-2429.35	-2505.362	76.01142	0.6869714	4.760372
4188	-2426.858	-2503.967	77.1095	0.8876188	4.027407
4194	-2430.513	-2507.752	77.23897	0.7581494	4.027407
4200	-2434.358	-2511.501	77.14224	0.8548802	4.027407
4206	-2429.588	-2506.435	76.84676	0.8592176	4.19314
4212	-2426.12	-2502.758	76.63865	0.8285169	4.32842
4218	-2431.256	-2506.128	74.87139	0.687083	5.392686
4224	-2422.695	-2498.534	75.83932	0.7043798	4.846702
4230	-2423.07	-2499.392	76.32123	0.8769481	4.480142
4236	-2419.774	-2496.195	76.42127	0.7769068	4.480142
4242	-2426.274	-2503.825	77.55029	0.8343859	3.80526
4248	-2424.529	-2501.478	76.94888	0.88206	4.122116
4254	-2426.639	-2504.07	77.43181	0.9025211	3.834221
4260	-2434.091	-2510.838	76.74695	0.745663	4.314035
4266	-2430.303	-2506.475	76.17247	0.8439072	4.582315
4272	-2419.202	-2497.11	77.9079	0.9095272	3.554845
4278	-2420.482	-2498.496	78.01473	0.8834441	3.507811
4284	-2429.623	-2507.815	78.1921	0.8137372	3.44494
4290	-2430.909	-2506.783	75.87362	0.6214231	4.873819
4296	-2431.947	-2508.816	76.86883	0.7658603	4.23358
4302	-2436.27	-2513.097	76.8277	0.806999	4.23358
4308	-2434.471	-2510.975	76.50365	0.8779361	4.376765
4314	-2436.302	-2512.954	76.6521	0.8546138	4.306056
4320	-2437.156	-2513.858	76.70276	0.8039579	4.306056
4326	-2431.299	-2508.251	76.95189	0.9134679	4.102527
4332	-2431.39	-2508.033	76.64262	0.9764367	4.242446
4338	-2432.061	-2508.2	76.13891	0.8068786	4.621915
4344	-2432.056	-2507.203	75.1475	0.774675	5.191863
4350	-2427.673	-2503.637	75.96411	0.6088261	4.8304
4356	-2431.706	-2507.814	76.10836	0.8856925	4.594846
4362	-2420.581	-2497.579	76.99893	0.7159683	4.188078
4368	-2424.399	-2501.8	77.40141	0.882059	3.863448
4374	-2432.719	-2508.581	75.8629	0.7502817	4.807945
4380	-2431.946	-2508.992	77.04639	0.8786381	4.06853
4386	-2432.041	-2509.087	77.04639	0.8786381	4.06853
4392	-2436.622	-2512.927	76.30472	0.7641681	4.552836
4398	-2435.064	-2510.71	75.64615	0.7157198	4.947954
4404	-2436.876	-2513.828	76.95184	0.7380161	4.202289
4410	-2431.406	-2507.41	76.00342	0.7807214	4.712436
4416	-2430.903	-2506.875	75.97222	0.811917	4.712436
4422	-2427.489	-2504.989	77.49939	0.7553785	3.879928
4428	-2425.097	-2501.033	75.93593	0.7318275	4.777484
4434	-2421.93	-2498.471	76.541	0.829882	4.382809
4440	-2426.977	-2504.405	77.4288	0.9145193	3.829053
4446	-2435.954	-2513.508	77.55412	1.005725	3.704218
4452	-2432.541	-2510.183	77.64192	0.9179213	3.704218
4458	-2432.27	-2509.258	76.9881	0.738201	4.181602
4464	-2431.412	-2508.378	76.96615	0.8662491	4.121288
4470	-2432.117	-2507.973	75.85618	0.8013818	4.783175
4476	-2436.39	-2512.48	76.09083	0.7473947	4.682171
4482	-2432.288	-2509.153	76.86488	0.8397422	4.193908
4488	-2428.657	-2505.411	76.75404	0.8414496	4.255797
4494	-2431.167	-2507.964	76.79785	0.9088003	4.192756
4500	-2426.256	-2503.556	77.30041	0.7631311	3.989461
4506	-2421.799	-2498.165	76.36545	0.9020722	4.441094
4512	-2432.257	-2509.877	77.62001	0.8783635	3.739724
4518	-2429.683	-2508.262	78.57902	1.042491	3.081331
4524	-2436.498	-2515.109	78.61099	1.017195	3.077345
4530	-2431.241	-2507.874	76.63371	1.00191	4.233055
4536	-2437.731	-2514.437	76.70629	1.060651	4.158509
4542	-2428.224	-2505.691	77.4664	0.8860421	3.823808
4548	-2425.852	-2501.63	75.77827	0.7473797	4.856765
4554	-2424.076	-2501.159	77.08253	0.7337782	4.130444
4560	-2420.557	-2497.8	77.24306	0.895883	3.946324
4566	-2424.729	-2501.988	77.25885	0.8389412	3.969876
4572	-2427.746	-2504.742	76.99613	0.8722338	4.100817
4578	-2441.082	-2518.95	77.86824	0.8722338	3.599577
4584	-2438.778	-2516.486	77.70861	1.031863	3.599577
4590	-2430.205	-2506.934	76.7285	0.8270421	4.278425
4596	-2429.983	-2506.719	76.73619	0.9083216	4.228016
4602	-2426.939	-2504.375	77.43646	0.7622155	3.912105
4608	-2432.711	-2509.849	77.13841	0.815318	4.052162
4614	-2424.15	-2502.364	78.21457	0.9198518	3.369589
4620	-2432.948	-2511.304	78.35669	1.174648	3.135056
4626	-2419.769	-2496.582	76.81305	0.7875492	4.252903
4632	-2429.156	-2505.969	76.81305	0.7875492	4.252903
4638	-2420.126	-2497.555	77.42994	0.9014686	3.835903
4644	-2425.443	-2501.557	76.11314	0.8677655	4.60222
4650	-2423.631	-2499.965	76.33399	0.7457736	4.546725
4656	-2436.379	-2513.071	76.69204	0.6521873	4.397849
4662	-2429.802	-2507.145	77.34302	0.837422	3.922556
4668	-2430.882	-2508.258	77.3757	0.8047349	3.922556
4674	-2424.508	-2500.234	75.72614	0.7431075	4.88819
4680	-2432.313	-2507.96	75.64711	0.8221356	4.88819
4686	-2429.664	-2505.363	75.69905	0.7430997	4.903283
4692	-2437.075	-2513.261	76.18643	0.5539649	4.7369
4698	-2434.096	-2511.215	77.11937	0.769648	4.089052
4704	-2434.207	-2510.075	75.86803	0.7528321	4.803662
4710	-2428.623	-2504.196	75.57235	0.7598384	4.964464
4716	-2429.365	-2505.698	76.33272	0.751743	4.544085
4722	-2438.924	-2515.173	76.24838	0.8360787	4.544085
4728	-2445.726	-2522.311	76.58551	0.9111463	4.311748
4734	-2431.003	-2507.851	76.8483	0.8700938	4.186091
4740	-2427.02	-2503.759	76.73947	0.8737578	4.245747
4746	-2438.451	-2513.2	74.74851	0.8470123	5.372268
4752	-2428.584	-2505.032	76.4483	0.7572175	4.47601
4758	-2429.168	-2505.652	76.48314	0.7572175	4.456397
4764	-2434.364	-2510.87	76.50609	0.734268	4.456397
4770	-2426.318	-2502.852	76.53377	0.7864894	4.411367
4776	-2425.41	-2502.287	76.87677	0.8048719	4.206954
4782	-2423.586	-2501.041	77.45464	0.8869897	3.830024
4788	-2432.562	-2510.371	77.80895	0.9761973	3.57362
4794	-2431.062	-2507.904	76.84181	0.8381126	4.20793
4800	-2431.77	-2509.03	77.25956	1.038855	3.854863
4806	-2431.924	-2509.559	77.63447	0.9192212	3.707771
4812	-2427.087	-2503.2	76.11392	0.7526223	4.666316
4818	-2432.627	-2508.828	76.20072	0.6658232	4.666316
4824	-2426.095	-2502.858	76.76318	0.76423	4.294349
4830	-2427.194	-2503.966	76.77171	0.7556971	4.294349
4836	-2429.947	-2507.818	77.87024	0.9058859	3.578863
4842	-2422.744	-2499.866	77.12221	0.8644933	4.033349
4848	-2423.607	-2500.008	76.40111	0.5507663	4.618499
4854	-2426.546	-2502.991	76.44474	0.5856224	4.574469
4860	-2437.801	-2514.123	76.32212	0.8380438	4.501531
4866	-2432.287	-2509.598	77.311	0.9785398	3.859962
4872	-2436.416	-2512.785	76.36883	0.7349224	4.533245
4878	-2432.834	-2509.106	76.27257	0.7349224	4.587304
4884	-2433.905	-2510.648	76.74353	0.8500122	4.256904
4890	-2440.568	-2516.337	75.76852	0.7458558	4.863051
4896	-2433.523	-2508.842	75.31958	0.7438625	5.113637
4902	-2437.456	-2513.491	76.03459	0.7442002	4.715431
4908	-2426.006	-2502.732	76.72604	0.7693426	4.312469
4914	-2432.541	-2508.213	75.67154	0.848105	4.860112
4920	-2441.868	-2517.758	75.89023	0.7245298	4.807065
4926	-2429.552	-2506.098	76.54602	0.7788718	4.408753
4932	-2433.807	-2511.132	77.32481	0.8241542	3.940587
4938	-2434.475	-2511.79	77.31487	1.008625	3.84045
4944	-2441.587	-2519.138	77.55078	0.7748171	3.839245
4950	-2436.043	-2513.248	77.20507	0.9392996	3.943216
4956	-2434.137	-2510.92	76.7835	0.9392996	4.183586
4962	-2434.878	-2509.53	74.65161	0.7349647	5.487338
4968	-2427.83	-2505.08	77.24934	0.9112699	3.933916
4974	-2429.67	-2505.447	75.77705	0.763791	4.848295
4980	-2435.041	-2511.557	76.51595	0.7721397	4.429504
4986	-2434.459	-2510.885	76.42618	0.8619034	4.429504
4992	-2433.002	-2509.566	76.56422	0.9206524	4.318408
4998	-2434.723	-2510.537	75.81384	0.9134299	4.744233
5004	-2433.66	-2511.13	77.47004	0.8592019	3.837147
5010	-2435.637	-2514.381	78.74346	0.9180385	3.057443
5016	-2429.931	-2507.062	77.13126	0.8470969	4.038112
5022	-2431.105	-2507.825	76.71971	0.6828526	4.36492
5028	-2430.5	-2507.855	77.35584	0.7681142	3.954907
5034	-2424.719	-2501.805	77.0854	0.7786681	4.103263
5040	-2425.296	-2500.598	75.30241	0.6930472	5.151302
5046	-2438.474	-2514.975	76.50106	1.005525	4.306129
5052	-2427.678	-2504.608	76.93002	0.9365779	4.10182
5058	-2429.396	-2507.204	77.80733	0.8264682	3.661433
5064	-2440.539	-2516.323	75.78349	0.6020423	4.934794
5070	-2426.281	-2501.939	75.65834	0.6278846	4.990008
5076	-2428.18	-2503.846	75.66547	0.6207611	4.990008
5082	-2431.286	-2508.26	76.97367	0.8259368	4.139944
5088	-2430.306	-2506.518	76.21225	0.6526462	4.66724
5094	-2437.841	-2511.877	74.03628	0.7449919	5.819365
5100	-2427.607	-2504.67	77.06325	0.880123	4.058073
5106	-2424.526	-2500.812	76.28556	0.9125813	4.480164
5112	-2430.395	-2507.163	76.7682	0.8064764	4.267588
5118	-2436.412	-2514.115	77.70359	0.7589486	3.760395
5124	-2432.632	-2508.38	75.74877	0.7261929	4.885007
5130	-2439.633	-2515.217	75.58442	0.6227063	5.033943
5136	-2429.713	-2507.556	77.84251	0.9292188	3.581416
5142	-2431.028	-2508.16	77.1322	1.032418	3.931623
5148	-2439.466	-2516.462	76.99626	1.060276	3.993467
5154	-2439.353	-2515.377	76.02355	0.7358826	4.726251
5160	-2430.99	-2507.657	76.66723	0.8390832	4.306285
5166	-2432.814	-2508.21	75.39559	0.8345305	5.021173
5172	-2440.903	-2517.23	76.32649	0.8703769	4.480881
5178	-2441.386	-2517.939	76.5536	0.8150837	4.384048
5184	-2439.313	-2515.097	75.78473	0.6995838	4.879796
5190	-2431.19	-2507.374	76.18347	0.9288508	4.52843
5196	-2432.518	-2509.994	77.47579	0.9888092	3.759209
5202	-2433.477	-2510.088	76.61089	0.9416398	4.28013
5208	-2434.066	-2511.678	77.61171	0.9745367	3.688951
5214	-2433.162	-2509.274	76.11166	0.7952548	4.6437
5220	-2431.231	-2508.21	76.97906	0.7952548	4.154322
5226	-2428.682	-2504.712	76.03002	0.7588014	4.709818
5232	-2422.091	-2498.02	75.92901	0.8598123	4.709818
5238	-2425.926	-2503.208	77.28176	0.6704858	4.053008
5244	-2426.591	-2503.575	76.98385	0.813726	4.141097
5250	-2430.323	-2507.671	77.34757	0.861919	3.905905
5256	-2432.861	-2510.558	77.69721	0.8796991	3.694351
5262	-2431.111	-2508.5	77.38979	0.8126928	3.909921
5268	-2429.74	-2506.805	77.0655	1.059802	3.954135
5274	-2435.214	-2512.802	77.58847	0.9785167	3.70009
5280	-2444.401	-2521.574	77.17339	0.8704572	4.000717
5286	-2449.33	-2526.344	77.01374	0.7693047	4.149359
5292	-2448.288	-2525.864	77.57542	0.8185555	3.799903
5298	-2442.06	-2517.958	75.89798	0.7296189	4.7999
5304	-2439.67	-2515.469	75.79887	0.8287311	4.7999
5310	-2432.429	-2509.158	76.72966	0.9448775	4.210983
5316	-2434.983	-2511.047	76.06342	1.097494	4.501108
5322	-2436.681	-2513.864	77.18336	0.9660779	3.940313
5328	-2430.064	-2507.584	77.51994	1.080311	3.680849
5334	-2425.672	-2502.716	77.04375	0.9196892	4.046626
5340	-2430.067	-2507.375	77.30822	0.9333136	3.887521
5346	-2428.788	-2504.952	76.16414	0.7910539	4.616639
5352	-2437.979	-2514.665	76.6866	0.8130332	4.310063
5358	-2433.484	-2510.305	76.82071	0.8559482	4.209777
5364	-2433.418	-2509.726	76.30815	0.7108975	4.580818
5370	-2432.755	-2509.986	77.2313	0.8537294	3.977173
5376	-2431.916	-2507.664	75.74856	0.7161877	4.890695
5382	-2429.56	-2505.774	76.21349	0.7654179	4.603341
5388	-2435.63	-2512.718	77.08812	0.826746	4.074321
5394	-2436.712	-2514.688	77.97521	0.9462159	3.494251
5400	-2434.263	-2511.655	77.39191	0.8484453	3.888201
5406	-2430	-2506.106	76.10587	0.8070677	4.640327
5412	-2430.947	-2509.121	78.17463	1.048105	3.317668
5418	-2428.299	-2506.633	78.33423	1.072678	3.208918
5424	-2440.341	-2519.084	78.74253	1.190436	2.894292
5430	-2439.265	-2516.107	76.84206	1.0234	4.102471
5436	-2446.277	-2524.399	78.12243	0.8950108	3.43815
5442	-2435.732	-2512.963	77.23107	0.822054	3.995417
5448	-2430.217	-2506.349	76.13162	0.7130721	4.678554
5454	-2430.768	-2506.969	76.20048	0.9711639	4.495074
5460	-2435.075	-2511.522	76.44694	0.7681134	4.470644
5466	-2434.517	-2512.31	77.79284	0.9885074	3.575827
5472	-2429.843	-2506.885	77.04201	0.9102374	4.053011
5478	-2429.437	-2506.293	76.85635	0.9102374	4.158715
5484	-2425.138	-2500.94	75.8025	0.7861817	4.821616
5490	-2430.31	-2507.883	77.57292	0.9289351	3.737716
5496	-2434.566	-2511.625	77.05928	0.8730368	4.064374
5502	-2430.433	-2507.011	76.57789	0.7867338	4.386337
5508	-2432.13	-2508.621	76.49069	0.7618746	4.449522
5514	-2434.117	-2510.555	76.43856	0.8139969	4.449522
5520	-2429.983	-2506.223	76.23955	0.7622382	4.590503
5526	-2428.044	-2504.736	76.69193	0.973316	4.216256
5532	-2429.534	-2506.821	77.28727	1.121499	3.791384
5538	-2420.694	-2497.865	77.17058	0.8054026	4.039466
5544	-2427.503	-2503.408	75.90515	0.6485162	4.841146
5550	-2433.258	-2508.748	75.4894	0.6394451	5.077378
5556	-2439.239	-2514.82	75.58039	0.6394451	5.026885
5562	-2444.819	-2521.222	76.40336	0.6639287	4.553733
5568	-2439.104	-2516.606	77.50241	0.7224941	3.897061
5574	-2434.85	-2510.917	76.06692	0.7869977	4.673387
5580	-2442.605	-2519.242	76.6369	0.8256395	4.331038
5586	-2439.42	-2514.48	75.05953	0.652742	5.307862
5592	-2440.119	-2516.892	76.77271	0.8573677	4.236198
5598	-2438.419	-2514.346	75.92736	0.7137927	4.792336
5604	-2433.685	-2509.658	75.97309	0.6680655	4.792336
5610	-2444.65	-2520.41	75.7593	0.7112799	4.887448
5616	-2437.324	-2513.141	75.81665	0.6539359	4.887448
5622	-2440.867	-2517.334	76.46674	0.9349186	4.365434
5628	-2430.78	-2507.121	76.34134	0.8201377	4.500793
5634	-2436.422	-2513.605	77.18312	0.9270366	3.962798
5640	-2428.243	-2505.184	76.94088	0.798119	4.174386
5646	-2423.172	-2500.227	77.05491	0.8995694	4.051735
5652	-2426.27	-2503.589	77.3197	0.9485777	3.87217
5658	-2432.212	-2508.688	76.47581	0.6168159	4.539498
5664	-2430.189	-2507.86	77.67129	0.8492094	3.726951
5670	-2429.996	-2507.863	77.86648	1.045039	3.50003
5676	-2426.823	-2504.447	77.62432	0.8481914	3.754644
5682	-2427.995	-2504.986	76.99108	0.9105593	4.081858
5688	-2428.818	-2505.894	77.076	0.8256463	4.081858
5694	-2442.5	-2517.708	75.20852	0.8656555	5.107691
5700	-2429.492	-2506.407	76.91463	0.8972173	4.132976
5706	-2440.746	-2517.901	77.15416	0.8402867	4.02893
5712	-2431.677	-2509.147	77.46991	0.8353506	3.850932
5718	-2434.704	-2510.754	76.04982	0.9032644	4.617823
5724	-2436.629	-2513.567	76.93785	0.7077068	4.227422
5730	-2433.242	-2509.393	76.15123	0.7429437	4.65084
5736	-2436.263	-2513.319	77.05666	0.7642984	4.127799
5742	-2434.998	-2511.874	76.87598	0.835779	4.189857
5748	-2441.644	-2518.532	76.8877	0.8240615	4.189857
5754	-2433.155	-2510.253	77.09791	0.9392073	4.004561
5760	-2425.509	-2502.924	77.41502	0.862063	3.867116
5766	-2437.84	-2516.942	79.10183	1.095303	2.73366
5772	-2435.327	-2513.184	77.85732	0.8338811	3.628168
5778	-2436.764	-2514.473	77.70894	0.9822549	3.628168
5784	-2427.963	-2505.434	77.47023	0.9496192	3.785002
5790	-2430.711	-2508.887	78.17602	1.00811	3.340382
5796	-2430.592	-2508.135	77.54332	0.8253829	3.81445
5802	-2435.057	-2512.593	77.53626	0.8324391	3.81445
5808	-2435.504	-2514.394	78.89038	1.025247	2.904764
5814	-2436.813	-2515.65	78.83721	1.090247	2.897618
5820	-2444.742	-2523.313	78.57144	1.123849	3.037234
5826	-2440.377	-2519.107	78.72978	0.9655071	3.037234
5832	-2436.984	-2515.412	78.42832	0.9221879	3.242292
5838	-2422.869	-2499.78	76.91185	0.8256952	4.175214
5844	-2428.286	-2505.475	77.18944	0.8469024	4.005007
5850	-2428.693	-2505.895	77.20228	0.8340555	4.005007
5856	-2428.329	-2504.28	75.95052	0.8976094	4.676627
5862	-2431.01	-2505.338	74.32788	0.6960502	5.686485
5868	-2433	-2508.47	75.47007	0.9419095	4.920073
5874	-2428.425	-2504.421	75.99655	0.7601245	4.727794
5880	-2430.717	-2506.656	75.93959	0.8483563	4.710308
5886	-2433.777	-2509.727	75.94965	0.8345727	4.712389
5892	-2438.889	-2514.921	76.03208	0.7521457	4.712389
5898	-2439.612	-2516.463	76.85057	0.7126451	4.274082
5904	-2428.73	-2505.062	76.33212	0.7739195	4.531963
5910	-2427.956	-2504.595	76.63893	0.8730872	4.303057
5916	-2425.301	-2503.187	77.88643	0.9352239	3.552383
5922	-2434.855	-2511.695	76.83966	0.7348749	4.267668
5928	-2433.08	-2509.464	76.38368	0.7936675	4.491866
5934	-2436.73	-2513.18	76.45019	0.6569244	4.531358
5940	-2430.99	-2507.678	76.68796	0.8263592	4.301754
5946	-2442.562	-2518.434	75.87258	0.6278167	4.870836
5952	-2430.117	-2505.752	75.63492	0.8654821	4.870836
5958	-2431.397	-2507.729	76.33217	0.832428	4.499035
5964	-2432.741	-2508.766	76.02443	0.676548	4.758926
5970	-2436.246	-2511.893	75.64664	0.6473562	4.985694
5976	-2435.482	-2511.556	76.07388	0.7371688	4.697381
5982	-2432.316	-2509.164	76.84802	0.789471	4.231992
5988	-2430.914	-2507.329	76.41449	0.8055382	4.467841
5994	-2428.156	-2504.332	76.17618	0.6162686	4.707791
6000	-2431.767	-2507.133	75.36559	0.7539758	5.082527
6006	-2422.571	-2499.599	77.02801	0.7560401	4.148787
6012	-2420.657	-2497.95	77.29311	0.984975	3.866543
6018	-2432.949	-2509.514	76.56412	0.5317628	4.537669
6024	-2429.095	-2505.306	76.21073	0.8851563	4.537669
6030	-2436.067	-2512.422	76.35532	0.7679261	4.52229
6036	-2432.855	-2509.48	76.62464	0.6763871	4.42221
6042	-2431.304	-2507.914	76.61062	0.6569048	4.44109
6048	-2433.956	-2509.41	75.45427	0.7199237	5.05222
6054	-2431.402	-2507.319	75.91729	0.7575903	4.773502
6060	-2436.832	-2512.713	75.88073	0.714693	4.817857
6066	-2438.902	-2515.46	76.5588	0.6661855	4.465054
6072	-2443.687	-2520.71	77.02336	0.9062179	4.065939
6078	-2435.443	-2512.786	77.34286	0.9804229	3.840571
6084	-2438.78	-2514.361	75.58075	0.8824346	4.891565
6090	-2434.769	-2511.84	77.07186	0.9690071	4.002418
6096	-2435.349	-2512.294	76.94424	0.7422606	4.204197
6102	-2429.036	-2506.212	77.17656	0.8734333	3.997205
6108	-2426.949	-2504.315	77.36563	0.868641	3.891688
6114	-2429.428	-2505.883	76.45517	0.9906605	4.340482
6120	-2428.673	-2505.286	76.61323	0.9059063	4.29903
6126	-2436.865	-2513.173	76.30823	0.7106133	4.58093
6132	-2438.486	-2514.794	76.30768	0.7111646	4.58093
6138	-2432.79	-2509.772	76.98167	0.7757468	4.163926
6144	-2440.288	-2517.265	76.97671	0.9564014	4.063921
6150	-2446.192	-2522.774	76.58166	0.8274878	4.361201
6156	-2438.787	-2515.33	76.54288	1.003002	4.283894
6162	-2438.022	-2515.56	77.53846	0.8469295	3.804845
6168	-2436.707	-2513.685	76.97852	0.862926	4.116136
6174	-2432.308	-2509.244	76.93644	0.7788154	4.187871
6180	-2429.17	-2505.956	76.78621	1.006179	4.144048
6186	-2424.465	-2500.16	75.69504	0.6701478	4.946108
6192	-2424.045	-2500.81	76.7654	0.9079619	4.21165
6198	-2424.794	-2501.291	76.49666	0.9094474	4.362922
6204	-2430.026	-2506.628	76.60223	0.6755668	4.4353
6210	-2436.213	-2511.717	75.50444	0.5794558	5.1023
6216	-2432.761	-2509.395	76.6337	0.7953756	4.349946
6222	-2431.293	-2507.369	76.07667	0.8862531	4.612307
6228	-2434.822	-2511.792	76.96963	0.847309	4.130081
6234	-2427.362	-2502.829	75.46678	0.680821	5.066975
6240	-2431.155	-2506.978	75.82322	0.6416134	4.890647
6246	-2433.482	-2509.074	75.59183	0.6069271	5.038589
6252	-2426.634	-2502.92	76.28556	0.6154523	4.64701
6258	-2434.108	-2510.895	76.78717	0.7701882	4.277398
6264	-2431.067	-2508.675	77.60842	0.9612616	3.698533
6270	-2425.724	-2502.597	76.87278	1.026001	4.083488
6276	-2418.195	-2494.365	76.1699	0.8384735	4.586807
6282	-2426.16	-2502.341	76.18102	0.8273559	4.586807
6288	-2426.885	-2504.019	77.13406	0.9846372	3.957911
6294	-2426.206	-2503.298	77.09207	0.8480538	4.059922
6300	-2422.772	-2499.47	76.69808	0.9070327	4.250347
6306	-2427.142	-2503.664	76.52195	0.9070327	4.35
6312	-2424.897	-2501.841	76.94376	0.7688544	4.189374
6318	-2430.939	-2508.461	77.52267	0.7945698	3.844048
6324	-2426.565	-2503.926	77.36012	0.8981075	3.877941
6330	-2429.205	-2506.592	77.38747	0.8707641	3.877941
6336	-2427.733	-2504.389	76.65603	0.7785341	4.346845
6342	-2433.124	-2508.34	75.21622	0.7472451	5.169013
6348	-2429.353	-2504.664	75.31074	0.7421926	5.119464
6354	-2428.859	-2505.54	76.68135	0.9518671	4.234416
6360	-2432.581	-2509.79	77.20875	0.8346093	4.000996
6366	-2435.597	-2512.074	76.47701	0.7434087	4.467625
6372	-2435.104	-2511.758	76.65426	0.7536605	4.361895
6378	-2436.108	-2512.431	76.32295	0.5291699	4.674392
6384	-2426.113	-2501.426	75.3129	0.586412	5.204511
6390	-2430.781	-2506.275	75.49404	0.881555	4.940321
6396	-2429.136	-2505.429	76.29326	0.7801965	4.550269
6402	-2433.534	-2510.815	77.28173	0.7962414	3.981213
6408	-2432.158	-2508.433	76.27443	0.7385568	4.584222
6414	-2441.038	-2518.414	77.37609	0.79828	3.926033
6420	-2439.085	-2515.492	76.40645	0.9035014	4.417177
6426	-2436.615	-2513.847	77.23169	0.7443371	4.039441
6432	-2430.371	-2508.273	77.90209	0.9091041	3.558473
6438	-2429.44	-2507.641	78.2015	1.030514	3.312204
6444	-2427.187	-2504.422	77.23542	0.9737915	3.906063
6450	-2428.688	-2505.713	77.02568	0.8773876	4.081049
6456	-2425.394	-2502.615	77.22096	0.7591465	4.037115
6462	-2434.687	-2511.749	77.0624	0.7491013	4.133174
6468	-2432.559	-2509.462	76.90386	0.8838318	4.146718
6474	-2437.001	-2514.218	77.21669	0.8319512	3.997979
6480	-2437.727	-2514.452	76.72562	0.7238379	4.338428
6486	-2439.354	-2515.065	75.71147	0.7514615	4.891706
6492	-2441.477	-2518.567	77.08996	0.8107903	4.082369
6498	-2436.895	-2513.443	76.54722	0.9507011	4.311033
6504	-2430.246	-2507.138	76.89165	0.6805245	4.269006
6510	-2426.046	-2501.641	75.59509	0.6736749	4.999713
6516	-2419.959	-2497.237	77.27885	0.8222389	3.96799
6522	-2421.543	-2498.325	76.78204	0.786269	4.271198
6528	-2426.499	-2503.586	77.08716	0.7749332	4.104384
6534	-2428.707	-2504.86	76.15304	0.5974788	4.731236
6540	-2423.722	-2499.647	75.92449	0.8260321	4.731236
6546	-2424.365	-2500.676	76.31014	0.840222	4.507042
6552	-2433.465	-2510.398	76.93325	0.7918712	4.18227
6558	-2432.225	-2508.217	75.99202	0.8194446	4.697151
6564	-2429.342	-2506.075	76.7331	0.8194446	4.28012
6570	-2428.483	-2504.915	76.43182	0.7987464	4.461907
6576	-2431.677	-2508.492	76.81447	0.7552853	4.270375
6582	-2432.593	-2510.038	77.44493	0.9326702	3.809328
6588	-2435.14	-2512.585	77.44493	0.9326702	3.809328
6594	-2427.135	-2503.229	76.0935	0.7770572	4.664069
6600	-2430.14	-2504.981	74.84083	0.7770572	5.359935
6606	-2432.888	-2509.502	76.61359	0.9152496	4.293539
6612	-2433.709	-2508.815	75.10594	0.8523714	5.171866
6618	-2430.304	-2506.751	76.4476	0.8793404	4.407598
6624	-2434.086	-2510.63	76.54375	0.7809535	4.408861
6630	-2429.049	-2505.645	76.59564	0.7290583	4.408861
6636	-2425.781	-2502.893	77.11237	0.8982062	4.019722
6642	-2433.681	-2510.69	77.00872	0.8699069	4.094967
6648	-2430.326	-2507.787	77.46106	0.8763433	3.832456
6654	-2431.268	-2508.212	76.94423	0.8476084	4.144358
6660	-2427.431	-2503.742	76.31119	0.755343	4.554155
6666	-2427.595	-2503.367	75.77171	0.6901347	4.892316
6672	-2433.056	-2509.756	76.70082	0.6601683	4.388391
6678	-2435.207	-2511.718	76.51187	0.8491155	4.388391
6684	-2438.567	-2514.702	76.13497	0.7998955	4.628036
6690	-2438.186	-2514.356	76.17026	0.7646073	4.628036
6696	-2436.098	-2512.226	76.12814	0.8626421	4.596677
6702	-2439.679	-2517.359	77.67957	0.9133839	3.685069
6708	-2433.556	-2511.009	77.45294	1.006347	3.762269
6714	-2431.622	-2508.77	77.14837	0.8708032	4.014814
6720	-2431.188	-2508.074	76.88596	0.7603534	4.226994
6726	-2433.063	-2509.888	76.82494	0.6195589	4.341232
6732	-2429.446	-2505.773	76.32638	0.8478245	4.493629
6738	-2429.929	-2506.577	76.64791	0.6784525	4.407922
6744	-2432.233	-2509.836	77.60324	1.160441	3.586095
6750	-2431.866	-2508.356	76.48969	0.9189594	4.361487
6756	-2428.946	-2505.434	76.48773	0.9209208	4.361487
6762	-2431.9	-2508.552	76.65241	0.7562363	4.361487
6768	-2432.198	-2509.549	77.35112	0.8266038	3.924114
6774	-2431.74	-2508.813	77.07383	0.9137348	4.032858
6780	-2433.582	-2511.174	77.59165	0.9194871	3.732357
6786	-2425.351	-2502.471	77.11982	0.9355317	3.994142
6792	-2420.917	-2498.086	77.16849	0.8237742	4.030179
6798	-2427.653	-2504.425	76.7715	0.8213151	4.257317
6804	-2431.218	-2508.009	76.79148	1.011057	4.138274
6810	-2431.471	-2507.9	76.42882	0.9250472	4.392408
6816	-2437.245	-2514.53	77.28537	0.8140086	3.96897
6822	-2428.142	-2504.196	76.05387	0.6472012	4.758872
6828	-2429.805	-2506.989	77.18457	0.8716659	3.993638
6834	-2425.242	-2502.817	77.57539	0.8528369	3.780175
6840	-2436.104	-2512.129	76.02457	0.643162	4.777493
6846	-2433.811	-2510.152	76.34148	0.7853403	4.520283
6852	-2427.516	-2503.917	76.40113	0.8633016	4.442836
6858	-2428.165	-2504.672	76.50719	0.7297976	4.458295
6864	-2435.67	-2511.081	75.41136	0.6401177	5.120271
6870	-2432.179	-2507.465	75.28611	0.7319576	5.138777
6876	-2435.815	-2510.942	75.12791	0.7207051	5.232547
6882	-2433.682	-2510.612	76.92986	0.696388	4.238367
6888	-2443.074	-2518.108	75.03358	0.7221776	5.283855
6894	-2436.856	-2512.612	75.75639	0.8824523	4.793623
6900	-2438.299	-2514.896	76.59731	0.8173632	4.358081
6906	-2435.057	-2511.822	76.76512	0.898285	4.217297
6912	-2426.723	-2502.857	76.1339	0.7910421	4.633602
6918	-2431.872	-2507.786	75.91444	1.010502	4.633602
6924	-2426.679	-2503.235	76.55639	0.7430084	4.42313
6930	-2433.843	-2510.315	76.47229	0.8271043	4.42313
6936	-2434.963	-2512.023	77.05937	0.9170538	4.039218
6942	-2427.289	-2504.316	77.0264	0.9500235	4.039218
6948	-2430.355	-2506.647	76.29228	0.7702575	4.556401
6954	-2419.836	-2496.583	76.74683	0.8253284	4.269014
6960	-2421.464	-2498.436	76.97194	0.9210276	4.086801
6966	-2427.964	-2503.828	75.86424	0.7308665	4.818036
6972	-2431.115	-2508.498	77.38316	0.8803787	3.874894
6978	-2440.833	-2517.676	76.84257	0.8056314	4.225924
6984	-2428.735	-2505.579	76.84399	0.7538628	4.254463
6990	-2429.169	-2504.725	75.55574	0.8388124	4.929775
6996	-2425.175	-2501.626	76.45103	0.88258	4.403839
7002	-2432.545	-2507.949	75.40374	0.6747843	5.105279
7008	-2430.472	-2505.945	75.47351	0.8057973	4.993855
7014	-2437.701	-2513.635	75.93436	0.806768	4.736488
7020	-2436.537	-2511.934	75.39645	0.6668797	5.1137
7026	-2434.982	-2512.09	77.10873	0.7449449	4.109178
7032	-2428.866	-2505.234	76.36892	0.8797546	4.451712
7038	-2428.866	-2505.312	76.44573	0.7255845	4.495257
7044	-2429.763	-2506.463	76.70032	0.635691	4.402483
7050	-2426.801	-2502.933	76.13177	0.7834802	4.639032
7056	-2432.614	-2509.154	76.53931	0.7564594	4.425175
7062	-2438.516	-2515.555	77.03961	0.957683	4.027308
7068	-2434.46	-2511.075	76.61426	0.9277681	4.286075
7074	-2427.286	-2503.563	76.27718	0.875023	4.506009
7080	-2427.366	-2504.776	77.4104	1.069429	3.750425
7086	-2428.228	-2506.04	77.81239	1.176693	3.454734
7092	-2434.988	-2511.809	76.82097	0.9651166	4.14763
7098	-2436.014	-2513.17	77.1563	0.7498463	4.079293
7104	-2428.799	-2505.785	76.98594	0.9468324	4.064113
7110	-2422.471	-2499.284	76.81316	0.8615887	4.21086
7116	-2428.27	-2504.115	75.84439	0.9444247	4.709823
7122	-2427.255	-2505.182	77.92715	0.9131966	3.541508
7128	-2431.935	-2510.319	78.38312	0.9772001	3.236489
7134	-2424.57	-2502.878	78.30754	1.05278	3.236489
7140	-2441.414	-2520.295	78.88118	1.387461	2.689819
7146	-2425.674	-2501.994	76.32002	0.9386413	4.446087
7152	-2419.341	-2496.987	77.64623	0.9738407	3.669381
7158	-2432.286	-2508.595	76.30892	0.7940984	4.533658
7164	-2429.498	-2505.849	76.35073	0.7522943	4.533658
7170	-2429.151	-2506.546	77.3953	0.8487215	3.886095
7176	-2428.204	-2503.966	75.76221	0.784038	4.845283
7182	-2435.268	-2511.508	76.23973	0.7384733	4.603738
7188	-2427.261	-2503.286	76.02497	0.5972278	4.802913
7194	-2430.76	-2507.596	76.83631	0.7579394	4.256503
7200	-2442.283	-2518.522	76.23928	0.6402669	4.659037
7206	-2432.828	-2509.503	76.67522	0.6733908	4.395374
7212	-2429.891	-2506.577	76.68579	0.9251927	4.247022
7218	-2427.122	-2503.891	76.76898	0.8420018	4.247022
7224	-2427.142	-2504.535	77.39294	0.7990482	3.915939
7230	-2426.644	-2504.309	77.66516	0.8220365	3.74617
7236	-2435.475	-2511.649	76.17324	0.7851822	4.614831
7242	-2434.243	-2512.251	78.00723	0.8547798	3.528893
7248	-2437.423	-2514.746	77.32279	0.9896781	3.846789
7254	-2436.983	-2514.513	77.53027	0.8807424	3.790091
7260	-2432.819	-2510.494	77.67425	0.8353324	3.733253
7266	-2435.366	-2513.632	78.26518	1.082422	3.244009
7272	-2446.028	-2523.985	77.95728	1.082422	3.42512
7278	-2446.637	-2522.262	75.62518	0.7667861	4.931213
7284	-2443.998	-2519.506	75.50802	0.6861509	5.041136
7290	-2442.41	-2519.231	76.82104	0.789625	4.247201
7296	-2429.151	-2504.753	75.60217	0.6679292	4.998968
7302	-2426.138	-2501.888	75.74924	0.7934079	4.84729
7308	-2431.802	-2508.159	76.35644	0.942843	4.423192
7314	-2427.421	-2504.296	76.87549	0.9536829	4.123122
7320	-2428.623	-2504.575	75.95226	0.8248749	4.716353
7326	-2428.265	-2504.36	76.09502	0.8642985	4.614328
7332	-2430.568	-2507.042	76.47437	0.6015475	4.548889
7338	-2432.99	-2510.048	77.05833	0.7126784	4.156201
7344	-2436.199	-2511.505	75.30619	0.8074982	5.085784
7350	-2429.445	-2506.07	76.62471	0.9776774	4.25189
7356	-2432.836	-2511.094	78.25862	0.9588362	3.320773
7362	-2429.165	-2505.832	76.66744	0.7241426	4.371124
7368	-2431.191	-2508.477	77.28684	1.107712	3.799571
7374	-2428.067	-2505.32	77.25258	1.018596	3.87051
7380	-2435.754	-2512.599	76.84456	0.7802358	4.239192
7386	-2431.564	-2508.095	76.53123	0.8016634	4.404242
7392	-2434.321	-2511.31	76.98897	0.7828779	4.155722
7398	-2441.241	-2519.152	77.91098	0.7682158	3.635127
7404	-2439.355	-2517.468	78.11371	1.032163	3.362865
7410	-2432.423	-2509.541	77.11881	0.9272438	3.999454
7416	-2431.778	-2507.295	75.51719	0.7317743	5.01071
7422	-2427.262	-2503.962	76.70015	0.6995271	4.366554
7428	-2430.999	-2507.857	76.85879	0.6616314	4.298302
7434	-2429.473	-2505.791	76.31849	0.7135685	4.573512
7440	-2430.594	-2506.931	76.33742	0.694642	4.573512
7446	-2427.317	-2503.787	76.46922	0.81335	4.432611
7452	-2433.251	-2510.434	77.18274	0.8405713	4.012446
7458	-2435.068	-2511.215	76.14665	0.6554738	4.702376
7464	-2426.19	-2504.25	78.06021	0.9169658	3.461695
7470	-2428.543	-2504.436	75.89265	0.7455543	4.793979
7476	-2430.711	-2506.507	75.79623	0.7366953	4.85271
7482	-2428.78	-2504.214	75.43458	0.9238611	4.949863
7488	-2433.45	-2509.13	75.67996	0.6938482	4.941315
7494	-2431.081	-2507.383	76.30225	0.7877064	4.540998
7500	-2424.957	-2501.24	76.28274	0.7652572	4.564566
7506	-2431.53	-2507.727	76.19657	0.9317113	4.519458
7512	-2431.152	-2507.664	76.51203	0.6815048	4.482757
7518	-2439.833	-2516.012	76.17947	0.6374233	4.694112
7524	-2430.711	-2507.623	76.91187	0.8429672	4.165391
7530	-2427.278	-2504.386	77.10807	0.9204234	4.009487
7536	-2436.292	-2512.145	75.85361	0.8750283	4.74347
7542	-2438.116	-2513.622	75.50612	0.8738978	4.937863
7548	-2435.727	-2513.176	77.44965	0.8767611	3.838775
7554	-2438.52	-2515.18	76.66045	0.8755941	4.289463
7560	-2441.315	-2519.286	77.97184	1.228794	3.330674
7566	-2443.854	-2521.839	77.9856	1.228794	3.322579
7572	-2436.66	-2513.981	77.32121	0.9829267	3.851576
7578	-2436.432	-2513.026	76.59452	0.8091799	4.364277
7584	-2431.396	-2508.179	76.78372	0.9211516	4.193769
7590	-2436.014	-2512.291	76.27748	0.8077888	4.543633
7596	-2428.987	-2505.335	76.34842	0.978914	4.407375
7602	-2433.02	-2510.848	77.82851	0.7967692	3.666364
7608	-2431.191	-2508.493	77.30152	0.8939084	3.913966
7614	-2431.507	-2507.57	76.06301	0.6923163	4.72855
7620	-2430.668	-2506.653	75.98436	0.7229767	4.75537
7626	-2433.116	-2510.618	77.5016	0.7547293	3.879034
7632	-2430.727	-2507.587	76.86017	0.6751219	4.289886
7638	-2436.86	-2513.158	76.29726	0.682731	4.602733
7644	-2435.698	-2511.606	75.90729	0.847384	4.728913
7650	-2432.487	-2509.046	76.55932	0.7951214	4.392084
7656	-2429.464	-2506.253	76.78901	0.6944611	4.319206
7662	-2436.121	-2514.232	78.11103	0.9282468	3.425372
7668	-2439.692	-2517.339	77.64713	0.923749	3.697838
7674	-2433.629	-2511.3	77.67163	0.9385524	3.675105
7680	-2429.225	-2505.667	76.44185	0.8115874	4.449027
7686	-2435.225	-2511.808	76.58319	0.878746	4.331379
7692	-2440.623	-2517.814	77.1907	0.8208022	4.019191
7698	-2434.374	-2510.052	75.67788	0.8856174	4.835661
7704	-2432.826	-2510.137	77.31099	0.8442173	3.937013
7710	-2434.512	-2511.412	76.89958	0.9314227	4.122083
7716	-2430.275	-2507.3	77.02466	0.6953903	4.18515
7722	-2428.83	-2505.864	77.03376	0.7164152	4.168039
7728	-2434.408	-2511.05	76.64131	0.8352555	4.323106
7734	-2434.481	-2511.736	77.25569	0.6102835	4.102175
7740	-2434.529	-2511.386	76.8572	0.8461884	4.194607
7746	-2429.279	-2505.333	76.0541	0.8508008	4.644829
7752	-2435.952	-2513.011	77.05919	0.9484313	4.02141
7758	-2439.009	-2516.777	77.76796	1.02236	3.570615
7764	-2428.754	-2506.558	77.80369	0.8500585	3.649876
7770	-2431.643	-2508.78	77.13633	0.9738801	3.962768
7776	-2429.811	-2507.737	77.92623	0.8966724	3.551658
7782	-2434.324	-2510.753	76.42978	0.8933957	4.409723
7788	-2425.69	-2502.77	77.08076	0.8933957	4.040512
7794	-2430.031	-2507.053	77.02154	0.9526168	4.040512
7800	-2438.285	-2515.39	77.10579	0.8343583	4.05991
7806	-2432.527	-2508.877	76.35015	0.7936551	4.510728
7812	-2430.41	-2507.76	77.35002	0.9091948	3.877374
7818	-2426.639	-2503.016	76.37632	0.9931748	4.383588
7824	-2432.792	-2508.95	76.15826	0.8754506	4.572591
7830	-2437.822	-2513.624	75.80203	0.6650193	4.889413
7836	-2427.767	-2505.207	77.44011	0.8744681	3.845575
7842	-2432.951	-2509.238	76.28709	0.8075708	4.538355
7848	-2427.321	-2504.424	77.10299	0.7908854	4.086281
7854	-2432.207	-2509.355	77.14841	0.8602811	4.020798
7860	-2434.132	-2511.109	76.9765	0.8082522	4.148386
7866	-2438.056	-2515.385	77.32876	0.8596254	3.918002
7872	-2432.258	-2508.659	76.40111	0.8210675	4.466634
7878	-2434.79	-2511.134	76.34479	0.8991537	4.454372
7884	-2433.97	-2510.072	76.10191	0.8732726	4.605428
7890	-2436.083	-2512.839	76.75608	0.8840167	4.230516
7896	-2434.421	-2510.773	76.35175	0.7834664	4.51556
7902	-2442.122	-2520.103	77.98139	0.9925262	3.4636
7908	-2440.07	-2517.169	77.09917	0.839087	4.060989
7914	-2438.321	-2515.217	76.89604	0.8809598	4.152793
7920	-2442.147	-2517.944	75.79758	0.837326	4.795822
7926	-2434.723	-2510.971	76.24791	0.8378791	4.543339
7932	-2427.223	-2504.189	76.96604	0.8465968	4.132531
7938	-2433.569	-2511.772	78.20349	1.012597	3.321582
7944	-2425.876	-2502.402	76.52681	0.8178824	4.397587
7950	-2434.277	-2511.704	77.42682	1.174751	3.680086
7956	-2442.926	-2521.701	78.77518	0.9724311	3.005883
7962	-2435.458	-2513.066	77.60753	1.066606	3.638062
7968	-2432.991	-2509.729	76.73803	0.83625	4.267814
7974	-2434.24	-2510.864	76.62433	0.7946017	4.355679
7980	-2441.528	-2518.666	77.1379	0.7511999	4.089004
7986	-2429.462	-2506.05	76.58762	0.7929351	4.377349
7992	-2433.901	-2511.29	77.38894	0.7361498	3.954257
7998	-2440.717	-2516.866	76.14888	0.6566207	4.700487
8004	-2437.327	-2514.282	76.95564	0.7196644	4.210549
8010	-2438.963	-2517.009	78.04627	0.8199634	3.526431
8016	-2432.729	-2509.111	76.38136	0.920784	4.42158
8022	-2431.266	-2507.117	75.85162	0.6562843	4.866656
8028	-2432.753	-2510.182	77.42881	0.8624895	3.858952
8034	-2426.935	-2503.256	76.32109	0.7023963	4.578327
8040	-2434.752	-2510.395	75.64299	0.8243594	4.889248
8046	-2436.606	-2513.979	77.37305	1.084506	3.763271
8052	-2428.089	-2505.588	77.49959	0.8729483	3.812241
8058	-2429.983	-2506.482	76.49975	0.8232081	4.409846
8064	-2430.873	-2507.969	77.09529	0.8327409	4.066817
8070	-2432.759	-2508.361	75.60174	0.6199634	5.025846
8076	-2431.988	-2506.622	74.63425	0.6604073	5.537883
8082	-2437.477	-2513.293	75.81628	0.7948193	4.809108
8088	-2429.327	-2505.891	76.56429	0.7138225	4.435125
8094	-2430.059	-2507.124	77.06508	0.7007831	4.159122
8100	-2432.304	-2508.732	76.42731	0.6395989	4.553944
8106	-2430.876	-2507.557	76.681	0.7660051	4.339818
8112	-2442.503	-2518.92	76.4167	0.7333077	4.507243
8118	-2440.267	-2515.021	74.754	0.7437627	5.426138
8124	-2432.486	-2508.356	75.86953	0.7501846	4.804302
8130	-2430.448	-2507.398	76.94922	0.7640835	4.188983
8136	-2431.134	-2506.833	75.6995	0.8532714	4.841642
8142	-2434.56	-2510.332	75.77163	0.7811452	4.841642
8148	-2433.857	-2510.375	76.51738	0.9408882	4.33345
8154	-2436.956	-2512.47	75.51382	0.8822192	4.928944
8160	-2437.507	-2513.529	76.02231	0.6908744	4.752104
8166	-2439.169	-2516.41	77.2402	0.7375609	4.038454
8172	-2436.485	-2513.069	76.5835	0.8078317	4.371262
8178	-2431.358	-2507.705	76.34718	0.8192906	4.497985
8184	-2427.32	-2503.204	75.88396	0.7459415	4.798614
8190	-2427.33	-2503.082	75.75189	0.808327	4.837494
8196	-2429.548	-2505.571	76.02267	0.8651875	4.654377
8202	-2434.046	-2510.458	76.41279	0.7353025	4.508319
8208	-2434.76	-2511.515	76.75575	1.023378	4.151583
8214	-2437.378	-2514.371	76.99298	0.8037304	4.141586
8220	-2436.098	-2513.044	76.9457	0.829958	4.153557
8226	-2430.497	-2507.251	76.75404	0.7685022	4.297106
8232	-2428.759	-2505.891	77.13139	0.7133814	4.114244
8238	-2423.839	-2499.979	76.13992	0.7197845	4.670147
8244	-2432.05	-2508.577	76.5267	0.9894716	4.300709
8250	-2434.996	-2511.81	76.81352	0.8996516	4.189054
8256	-2439.087	-2516.393	77.30584	0.8176313	3.955178
8262	-2438.304	-2515.154	76.84992	0.8098149	4.21938
8268	-2433.234	-2509.815	76.58121	0.8248585	4.362944
8274	-2428.31	-2505.285	76.97568	0.8793469	4.108407
8280	-2420.274	-2497.49	77.2165	0.7738905	4.031248
8286	-2425.928	-2503.189	77.26164	0.9343661	3.913633
8292	-2430.384	-2506.899	76.51445	0.6936902	4.474534
8298	-2429.248	-2505.769	76.52141	0.6867323	4.474534
8304	-2431.436	-2508.544	77.10802	0.8739639	4.036046
8310	-2424.214	-2501.63	77.41685	0.8739639	3.859232
8316	-2429.766	-2507.049	77.28219	1.180913	3.76007
8322	-2429.737	-2507.324	77.58741	0.8723236	3.762015
8328	-2427.672	-2505.438	77.76606	1.002303	3.583377
8334	-2425.15	-2501.583	76.43276	0.7693348	4.477935
8340	-2426.744	-2503.215	76.47013	0.7319642	4.477935
8346	-2426.799	-2503.325	76.52578	0.838044	4.386793
8352	-2431.628	-2507.42	75.79182	0.71595	4.866732
8358	-2430.808	-2507.525	76.71658	0.9801372	4.198399
8364	-2437.129	-2514.198	77.06978	0.9264732	4.027897
8370	-2432.207	-2508.994	76.78741	0.7786845	4.272452
8376	-2428.66	-2505.43	76.76994	0.8020463	4.269115
8382	-2427.22	-2504.441	77.22061	0.7082412	4.066349
8388	-2428.666	-2506.465	77.79942	0.93876	3.600907
8394	-2419.52	-2496.093	76.57252	0.8163508	4.372651
8400	-2429.318	-2506.905	77.58635	0.8607318	3.769308
8406	-2426.383	-2502.948	76.56445	0.7986724	4.387184
8412	-2428.163	-2504.897	76.73347	0.7129248	4.340159
8418	-2425.45	-2500.713	75.26302	0.6649413	5.18866
8424	-2434.547	-2511.044	76.49683	0.6865058	4.488495
8430	-2437.829	-2514.362	76.53279	0.6815251	4.47106
8436	-2431.351	-2507.362	76.01067	0.7564141	4.721974
8442	-2430.141	-2507.238	77.09647	0.9001706	4.027678
8448	-2428.325	-2505.397	77.07189	0.9247478	4.027678
8454	-2429.677	-2506.997	77.32019	0.8930239	3.903767
8460	-2436.715	-2514.036	77.32169	0.8915273	3.903767
8466	-2430.972	-2506.88	75.90817	0.6720637	4.826328
8472	-2429.249	-2504.753	75.50394	0.7158017	5.026937
8478	-2425.888	-2501.472	75.58398	0.6929808	4.995156
8484	-2437.064	-2512.855	75.79144	0.7323437	4.857805
8490	-2434.316	-2509.52	75.2036	0.8876194	5.098241
8496	-2438.89	-2515.487	76.59606	0.8573736	4.336181
8502	-2433.568	-2510.654	77.08559	0.8261291	4.076113
8508	-2440.654	-2518.328	77.67405	1.015276	3.629254
8514	-2431.124	-2507.838	76.71334	0.8001662	4.302217
8520	-2436.938	-2513.669	76.73078	0.9476321	4.208786
8526	-2429.659	-2506.763	77.10392	0.892664	4.027711
8532	-2427.85	-2504.448	76.59768	0.7832086	4.37716
8538	-2428.156	-2504.408	76.25186	0.6429566	4.650481
8544	-2425.823	-2501.679	75.85588	0.7388994	4.818213
8550	-2430.786	-2508.023	77.23757	0.6585196	4.085023
8556	-2428.939	-2505.517	76.57791	0.7960154	4.381092
8562	-2428.872	-2504.719	75.84728	0.7249508	4.830791
8568	-2426.863	-2503.612	76.74834	0.7903637	4.287956
8574	-2423.223	-2500.552	77.32927	0.7940477	3.955271
8580	-2427.087	-2503.248	76.16157	0.6300658	4.708241
8586	-2431.134	-2506.322	75.18735	0.6165755	5.257243
8592	-2427.849	-2504.71	76.86109	0.8623182	4.183244
8598	-2435.386	-2512.468	77.0826	0.8039309	4.090468
